2025/07/13 16:56:45 xml instruments file: ./repository/euronext/euronext.xml
2025/07/13 16:56:45 download folder: ./downloads/euronext/
2025/07/13 16:56:45 download retry delay seconds: [60 60 60 60 120 120 180 180 240 240 300 300]
2025/07/13 16:56:45 download timeout seconds: 180
2025/07/13 16:56:45 download concurrency: 4
2025/07/13 16:56:45 verbose download: false
2025/07/13 16:56:45 zip download folder: true
2025/07/13 16:56:45 delete download folder: true
2025/07/13 16:56:45 trading session date: 2025-07-11
2025/07/13 16:56:45 xml instruments file: ./repository/euronext/euronext.xml
2025/07/13 16:56:45  2 instruments read from ./repository/euronext/euronext.xml
2025/07/13 16:56:45 =======================================
2025/07/13 16:56:45 downloading to ./downloads/euronext/endofday/2025/20250711/
2025/07/13 16:56:45 (2 of 2) mtaa_stlam_nl00150001q9 stock unadj: downloading ... saving 509 bytes ... done
2025/07/13 16:56:45 (1 of 2) xams_aex_nl0000000107 index unadj: downloading ... saving 31693 bytes ... done
2025/07/13 16:56:46 (2 of 2) mtaa_stlam_nl00150001q9 stock adj: downloading ... saving 509 bytes ... done
2025/07/13 16:56:46 (1 of 2) xams_aex_nl0000000107 index adj: downloading ... saving 31693 bytes ... done
2025/07/13 16:56:46 processed
2025/07/13 16:56:46 =======================================
2025/07/13 16:56:46 instruments with download errors: 0 from 2
2025/07/13 16:56:46 mep;mic;type;mnemonic;isin;adj;error
2025/07/13 16:56:46 =======================================
2025/07/13 16:56:46 instruments with file save errors: 0 from 2
2025/07/13 16:56:46 mep;mic;type;mnemonic;isin;adj;error
2025/07/13 16:56:46 =======================================
2025/07/13 16:56:46 archiving from ./downloads/euronext/endofday/2025/20250711 to ./downloads/euronext/endofday/2025/20250711enx_eod.3.zip ... done
2025/07/13 16:56:46 deleting folder ./downloads/euronext/endofday/2025/20250711 ... done
2025/07/13 16:56:46 finished
