=======================================
2023-03-02_20-11-46
=======================================
reading nasdaq-stock-amex.json
295 symbols read
https://data2-widgets.dataservices.theice.com/fsml?requestType=content&username=nysecomwebsite&key=oHhwWp17SzK9d77UJcnVMG6YGEAxxpjGr7K6x5VF48gmm8VMhYItfTYw%2FjtC1pWsKWOhDAZdafL%2FVTfPQ5yx5hgr%2FsUG8MiD%2BfRBLLZR2ms%3D&cbid=7010&dataset=MQ_Fundamentals&fsmlParams=key%3DLNG&json=true
obtained cookie 'JSESSIONID': aaaGgdHNeg2rlgjtWVTqyrc2RgEk59O9
obtained cookie 'BIGipServerdata-widgets.c4z.dataservices.theice.com-8080': 2486838538.36895.0000
https://data2-widgets.dataservices.theice.com/fsml?requestType=content&username=nysecomwebsite&key=oHhwWp17SzK9d77UJcnVMG6YGEAxxpjGr7K6x5VF48gmm8VMhYItfTYw%2FjtC1pWsKWOhDAZdafL%2FVTfPQ5yx5hgr%2FsUG8MiD%2BfRBLLZR2ms%3D&cbid=7010&dataset=MQ_Fundamentals&fsmlParams=key%3DIMO&json=true
https://data2-widgets.dataservices.theice.com/fsml?requestType=content&username=nysecomwebsite&key=oHhwWp17SzK9d77UJcnVMG6YGEAxxpjGr7K6x5VF48gmm8VMhYItfTYw%2FjtC1pWsKWOhDAZdafL%2FVTfPQ5yx5hgr%2FsUG8MiD%2BfRBLLZR2ms%3D&cbid=7010&dataset=MQ_Fundamentals&fsmlParams=key%3DCQP&json=true
https://data2-widgets.dataservices.theice.com/fsml?requestType=content&username=nysecomwebsite&key=oHhwWp17SzK9d77UJcnVMG6YGEAxxpjGr7K6x5VF48gmm8VMhYItfTYw%2FjtC1pWsKWOhDAZdafL%2FVTfPQ5yx5hgr%2FsUG8MiD%2BfRBLLZR2ms%3D&cbid=7010&dataset=MQ_Fundamentals&fsmlParams=key%3DSIM&json=true
https://data2-widgets.dataservices.theice.com/fsml?requestType=content&username=nysecomwebsite&key=oHhwWp17SzK9d77UJcnVMG6YGEAxxpjGr7K6x5VF48gmm8VMhYItfTYw%2FjtC1pWsKWOhDAZdafL%2FVTfPQ5yx5hgr%2FsUG8MiD%2BfRBLLZR2ms%3D&cbid=7010&dataset=MQ_Fundamentals&fsmlParams=key%3DSEB&json=true
https://data2-widgets.dataservices.theice.com/fsml?requestType=content&username=nysecomwebsite&key=oHhwWp17SzK9d77UJcnVMG6YGEAxxpjGr7K6x5VF48gmm8VMhYItfTYw%2FjtC1pWsKWOhDAZdafL%2FVTfPQ5yx5hgr%2FsUG8MiD%2BfRBLLZR2ms%3D&cbid=7010&dataset=MQ_Fundamentals&fsmlParams=key%3DBTG&json=true
https://data2-widgets.dataservices.theice.com/fsml?requestType=content&username=nysecomwebsite&key=oHhwWp17SzK9d77UJcnVMG6YGEAxxpjGr7K6x5VF48gmm8VMhYItfTYw%2FjtC1pWsKWOhDAZdafL%2FVTfPQ5yx5hgr%2FsUG8MiD%2BfRBLLZR2ms%3D&cbid=7010&dataset=MQ_Fundamentals&fsmlParams=key%3DUTG&json=true
https://data2-widgets.dataservices.theice.com/fsml?requestType=content&username=nysecomwebsite&key=oHhwWp17SzK9d77UJcnVMG6YGEAxxpjGr7K6x5VF48gmm8VMhYItfTYw%2FjtC1pWsKWOhDAZdafL%2FVTfPQ5yx5hgr%2FsUG8MiD%2BfRBLLZR2ms%3D&cbid=7010&dataset=MQ_Fundamentals&fsmlParams=key%3DGSAT&json=true
https://data2-widgets.dataservices.theice.com/fsml?requestType=content&username=nysecomwebsite&key=oHhwWp17SzK9d77UJcnVMG6YGEAxxpjGr7K6x5VF48gmm8VMhYItfTYw%2FjtC1pWsKWOhDAZdafL%2FVTfPQ5yx5hgr%2FsUG8MiD%2BfRBLLZR2ms%3D&cbid=7010&dataset=MQ_Fundamentals&fsmlParams=key%3DPRK&json=true
https://data2-widgets.dataservices.theice.com/fsml?requestType=content&username=nysecomwebsite&key=oHhwWp17SzK9d77UJcnVMG6YGEAxxpjGr7K6x5VF48gmm8VMhYItfTYw%2FjtC1pWsKWOhDAZdafL%2FVTfPQ5yx5hgr%2FsUG8MiD%2BfRBLLZR2ms%3D&cbid=7010&dataset=MQ_Fundamentals&fsmlParams=key%3DNG&json=true
https://data2-widgets.dataservices.theice.com/fsml?requestType=content&username=nysecomwebsite&key=oHhwWp17SzK9d77UJcnVMG6YGEAxxpjGr7K6x5VF48gmm8VMhYItfTYw%2FjtC1pWsKWOhDAZdafL%2FVTfPQ5yx5hgr%2FsUG8MiD%2BfRBLLZR2ms%3D&cbid=7010&dataset=MQ_Fundamentals&fsmlParams=key%3DCLM&json=true
https://data2-widgets.dataservices.theice.com/fsml?requestType=content&username=nysecomwebsite&key=oHhwWp17SzK9d77UJcnVMG6YGEAxxpjGr7K6x5VF48gmm8VMhYItfTYw%2FjtC1pWsKWOhDAZdafL%2FVTfPQ5yx5hgr%2FsUG8MiD%2BfRBLLZR2ms%3D&cbid=7010&dataset=MQ_Fundamentals&fsmlParams=key%3DIE&json=true
https://data2-widgets.dataservices.theice.com/fsml?requestType=content&username=nysecomwebsite&key=oHhwWp17SzK9d77UJcnVMG6YGEAxxpjGr7K6x5VF48gmm8VMhYItfTYw%2FjtC1pWsKWOhDAZdafL%2FVTfPQ5yx5hgr%2FsUG8MiD%2BfRBLLZR2ms%3D&cbid=7010&dataset=MQ_Fundamentals&fsmlParams=key%3DUEC&json=true
https://data2-widgets.dataservices.theice.com/fsml?requestType=content&username=nysecomwebsite&key=oHhwWp17SzK9d77UJcnVMG6YGEAxxpjGr7K6x5VF48gmm8VMhYItfTYw%2FjtC1pWsKWOhDAZdafL%2FVTfPQ5yx5hgr%2FsUG8MiD%2BfRBLLZR2ms%3D&cbid=7010&dataset=MQ_Fundamentals&fsmlParams=key%3DORLA&json=true
https://data2-widgets.dataservices.theice.com/fsml?requestType=content&username=nysecomwebsite&key=oHhwWp17SzK9d77UJcnVMG6YGEAxxpjGr7K6x5VF48gmm8VMhYItfTYw%2FjtC1pWsKWOhDAZdafL%2FVTfPQ5yx5hgr%2FsUG8MiD%2BfRBLLZR2ms%3D&cbid=7010&dataset=MQ_Fundamentals&fsmlParams=key%3DMAG&json=true
https://data2-widgets.dataservices.theice.com/fsml?requestType=content&username=nysecomwebsite&key=oHhwWp17SzK9d77UJcnVMG6YGEAxxpjGr7K6x5VF48gmm8VMhYItfTYw%2FjtC1pWsKWOhDAZdafL%2FVTfPQ5yx5hgr%2FsUG8MiD%2BfRBLLZR2ms%3D&cbid=7010&dataset=MQ_Fundamentals&fsmlParams=key%3DEVV&json=true
https://data2-widgets.dataservices.theice.com/fsml?requestType=content&username=nysecomwebsite&key=oHhwWp17SzK9d77UJcnVMG6YGEAxxpjGr7K6x5VF48gmm8VMhYItfTYw%2FjtC1pWsKWOhDAZdafL%2FVTfPQ5yx5hgr%2FsUG8MiD%2BfRBLLZR2ms%3D&cbid=7010&dataset=MQ_Fundamentals&fsmlParams=key%3DTMP&json=true
https://data2-widgets.dataservices.theice.com/fsml?requestType=content&username=nysecomwebsite&key=oHhwWp17SzK9d77UJcnVMG6YGEAxxpjGr7K6x5VF48gmm8VMhYItfTYw%2FjtC1pWsKWOhDAZdafL%2FVTfPQ5yx5hgr%2FsUG8MiD%2BfRBLLZR2ms%3D&cbid=7010&dataset=MQ_Fundamentals&fsmlParams=key%3DEQX&json=true
https://data2-widgets.dataservices.theice.com/fsml?requestType=content&username=nysecomwebsite&key=oHhwWp17SzK9d77UJcnVMG6YGEAxxpjGr7K6x5VF48gmm8VMhYItfTYw%2FjtC1pWsKWOhDAZdafL%2FVTfPQ5yx5hgr%2FsUG8MiD%2BfRBLLZR2ms%3D&cbid=7010&dataset=MQ_Fundamentals&fsmlParams=key%3DUUUU&json=true
https://data2-widgets.dataservices.theice.com/fsml?requestType=content&username=nysecomwebsite&key=oHhwWp17SzK9d77UJcnVMG6YGEAxxpjGr7K6x5VF48gmm8VMhYItfTYw%2FjtC1pWsKWOhDAZdafL%2FVTfPQ5yx5hgr%2FsUG8MiD%2BfRBLLZR2ms%3D&cbid=7010&dataset=MQ_Fundamentals&fsmlParams=key%3DDNN&json=true
https://data2-widgets.dataservices.theice.com/fsml?requestType=content&username=nysecomwebsite&key=oHhwWp17SzK9d77UJcnVMG6YGEAxxpjGr7K6x5VF48gmm8VMhYItfTYw%2FjtC1pWsKWOhDAZdafL%2FVTfPQ5yx5hgr%2FsUG8MiD%2BfRBLLZR2ms%3D&cbid=7010&dataset=MQ_Fundamentals&fsmlParams=key%3DCET&json=true
https://data2-widgets.dataservices.theice.com/fsml?requestType=content&username=nysecomwebsite&key=oHhwWp17SzK9d77UJcnVMG6YGEAxxpjGr7K6x5VF48gmm8VMhYItfTYw%2FjtC1pWsKWOhDAZdafL%2FVTfPQ5yx5hgr%2FsUG8MiD%2BfRBLLZR2ms%3D&cbid=7010&dataset=MQ_Fundamentals&fsmlParams=key%3DCCF&json=true
https://data2-widgets.dataservices.theice.com/fsml?requestType=content&username=nysecomwebsite&key=oHhwWp17SzK9d77UJcnVMG6YGEAxxpjGr7K6x5VF48gmm8VMhYItfTYw%2FjtC1pWsKWOhDAZdafL%2FVTfPQ5yx5hgr%2FsUG8MiD%2BfRBLLZR2ms%3D&cbid=7010&dataset=MQ_Fundamentals&fsmlParams=key%3DTELL&json=true
https://data2-widgets.dataservices.theice.com/fsml?requestType=content&username=nysecomwebsite&key=oHhwWp17SzK9d77UJcnVMG6YGEAxxpjGr7K6x5VF48gmm8VMhYItfTYw%2FjtC1pWsKWOhDAZdafL%2FVTfPQ5yx5hgr%2FsUG8MiD%2BfRBLLZR2ms%3D&cbid=7010&dataset=MQ_Fundamentals&fsmlParams=key%3DNHC&json=true
https://data2-widgets.dataservices.theice.com/fsml?requestType=content&username=nysecomwebsite&key=oHhwWp17SzK9d77UJcnVMG6YGEAxxpjGr7K6x5VF48gmm8VMhYItfTYw%2FjtC1pWsKWOhDAZdafL%2FVTfPQ5yx5hgr%2FsUG8MiD%2BfRBLLZR2ms%3D&cbid=7010&dataset=MQ_Fundamentals&fsmlParams=key%3DSILV&json=true
https://data2-widgets.dataservices.theice.com/fsml?requestType=content&username=nysecomwebsite&key=oHhwWp17SzK9d77UJcnVMG6YGEAxxpjGr7K6x5VF48gmm8VMhYItfTYw%2FjtC1pWsKWOhDAZdafL%2FVTfPQ5yx5hgr%2FsUG8MiD%2BfRBLLZR2ms%3D&cbid=7010&dataset=MQ_Fundamentals&fsmlParams=key%3DCRF&json=true
https://data2-widgets.dataservices.theice.com/fsml?requestType=content&username=nysecomwebsite&key=oHhwWp17SzK9d77UJcnVMG6YGEAxxpjGr7K6x5VF48gmm8VMhYItfTYw%2FjtC1pWsKWOhDAZdafL%2FVTfPQ5yx5hgr%2FsUG8MiD%2BfRBLLZR2ms%3D&cbid=7010&dataset=MQ_Fundamentals&fsmlParams=key%3DEIM&json=true
https://data2-widgets.dataservices.theice.com/fsml?requestType=content&username=nysecomwebsite&key=oHhwWp17SzK9d77UJcnVMG6YGEAxxpjGr7K6x5VF48gmm8VMhYItfTYw%2FjtC1pWsKWOhDAZdafL%2FVTfPQ5yx5hgr%2FsUG8MiD%2BfRBLLZR2ms%3D&cbid=7010&dataset=MQ_Fundamentals&fsmlParams=key%3DSLI&json=true
https://data2-widgets.dataservices.theice.com/fsml?requestType=content&username=nysecomwebsite&key=oHhwWp17SzK9d77UJcnVMG6YGEAxxpjGr7K6x5VF48gmm8VMhYItfTYw%2FjtC1pWsKWOhDAZdafL%2FVTfPQ5yx5hgr%2FsUG8MiD%2BfRBLLZR2ms%3D&cbid=7010&dataset=MQ_Fundamentals&fsmlParams=key%3DLEU&json=true
https://data2-widgets.dataservices.theice.com/fsml?requestType=content&username=nysecomwebsite&key=oHhwWp17SzK9d77UJcnVMG6YGEAxxpjGr7K6x5VF48gmm8VMhYItfTYw%2FjtC1pWsKWOhDAZdafL%2FVTfPQ5yx5hgr%2FsUG8MiD%2BfRBLLZR2ms%3D&cbid=7010&dataset=MQ_Fundamentals&fsmlParams=key%3DFAX&json=true
https://data2-widgets.dataservices.theice.com/fsml?requestType=content&username=nysecomwebsite&key=oHhwWp17SzK9d77UJcnVMG6YGEAxxpjGr7K6x5VF48gmm8VMhYItfTYw%2FjtC1pWsKWOhDAZdafL%2FVTfPQ5yx5hgr%2FsUG8MiD%2BfRBLLZR2ms%3D&cbid=7010&dataset=MQ_Fundamentals&fsmlParams=key%3DREPX&json=true
https://data2-widgets.dataservices.theice.com/fsml?requestType=content&username=nysecomwebsite&key=oHhwWp17SzK9d77UJcnVMG6YGEAxxpjGr7K6x5VF48gmm8VMhYItfTYw%2FjtC1pWsKWOhDAZdafL%2FVTfPQ5yx5hgr%2FsUG8MiD%2BfRBLLZR2ms%3D&cbid=7010&dataset=MQ_Fundamentals&fsmlParams=key%3DOBE&json=true
https://data2-widgets.dataservices.theice.com/fsml?requestType=content&username=nysecomwebsite&key=oHhwWp17SzK9d77UJcnVMG6YGEAxxpjGr7K6x5VF48gmm8VMhYItfTYw%2FjtC1pWsKWOhDAZdafL%2FVTfPQ5yx5hgr%2FsUG8MiD%2BfRBLLZR2ms%3D&cbid=7010&dataset=MQ_Fundamentals&fsmlParams=key%3DNGD&json=true
https://data2-widgets.dataservices.theice.com/fsml?requestType=content&username=nysecomwebsite&key=oHhwWp17SzK9d77UJcnVMG6YGEAxxpjGr7K6x5VF48gmm8VMhYItfTYw%2FjtC1pWsKWOhDAZdafL%2FVTfPQ5yx5hgr%2FsUG8MiD%2BfRBLLZR2ms%3D&cbid=7010&dataset=MQ_Fundamentals&fsmlParams=key%3DNFGC&json=true
https://data2-widgets.dataservices.theice.com/fsml?requestType=content&username=nysecomwebsite&key=oHhwWp17SzK9d77UJcnVMG6YGEAxxpjGr7K6x5VF48gmm8VMhYItfTYw%2FjtC1pWsKWOhDAZdafL%2FVTfPQ5yx5hgr%2FsUG8MiD%2BfRBLLZR2ms%3D&cbid=7010&dataset=MQ_Fundamentals&fsmlParams=key%3DIAUX&json=true
https://data2-widgets.dataservices.theice.com/fsml?requestType=content&username=nysecomwebsite&key=oHhwWp17SzK9d77UJcnVMG6YGEAxxpjGr7K6x5VF48gmm8VMhYItfTYw%2FjtC1pWsKWOhDAZdafL%2FVTfPQ5yx5hgr%2FsUG8MiD%2BfRBLLZR2ms%3D&cbid=7010&dataset=MQ_Fundamentals&fsmlParams=key%3DGGN&json=true
https://data2-widgets.dataservices.theice.com/fsml?requestType=content&username=nysecomwebsite&key=oHhwWp17SzK9d77UJcnVMG6YGEAxxpjGr7K6x5VF48gmm8VMhYItfTYw%2FjtC1pWsKWOhDAZdafL%2FVTfPQ5yx5hgr%2FsUG8MiD%2BfRBLLZR2ms%3D&cbid=7010&dataset=MQ_Fundamentals&fsmlParams=key%3DSVM&json=true
https://data2-widgets.dataservices.theice.com/fsml?requestType=content&username=nysecomwebsite&key=oHhwWp17SzK9d77UJcnVMG6YGEAxxpjGr7K6x5VF48gmm8VMhYItfTYw%2FjtC1pWsKWOhDAZdafL%2FVTfPQ5yx5hgr%2FsUG8MiD%2BfRBLLZR2ms%3D&cbid=7010&dataset=MQ_Fundamentals&fsmlParams=key%3DSENS&json=true
https://data2-widgets.dataservices.theice.com/fsml?requestType=content&username=nysecomwebsite&key=oHhwWp17SzK9d77UJcnVMG6YGEAxxpjGr7K6x5VF48gmm8VMhYItfTYw%2FjtC1pWsKWOhDAZdafL%2FVTfPQ5yx5hgr%2FsUG8MiD%2BfRBLLZR2ms%3D&cbid=7010&dataset=MQ_Fundamentals&fsmlParams=key%3DTGB&json=true
https://data2-widgets.dataservices.theice.com/fsml?requestType=content&username=nysecomwebsite&key=oHhwWp17SzK9d77UJcnVMG6YGEAxxpjGr7K6x5VF48gmm8VMhYItfTYw%2FjtC1pWsKWOhDAZdafL%2FVTfPQ5yx5hgr%2FsUG8MiD%2BfRBLLZR2ms%3D&cbid=7010&dataset=MQ_Fundamentals&fsmlParams=key%3DLXFR&json=true
https://data2-widgets.dataservices.theice.com/fsml?requestType=content&username=nysecomwebsite&key=oHhwWp17SzK9d77UJcnVMG6YGEAxxpjGr7K6x5VF48gmm8VMhYItfTYw%2FjtC1pWsKWOhDAZdafL%2FVTfPQ5yx5hgr%2FsUG8MiD%2BfRBLLZR2ms%3D&cbid=7010&dataset=MQ_Fundamentals&fsmlParams=key%3DBHB&json=true
https://data2-widgets.dataservices.theice.com/fsml?requestType=content&username=nysecomwebsite&key=oHhwWp17SzK9d77UJcnVMG6YGEAxxpjGr7K6x5VF48gmm8VMhYItfTYw%2FjtC1pWsKWOhDAZdafL%2FVTfPQ5yx5hgr%2FsUG8MiD%2BfRBLLZR2ms%3D&cbid=7010&dataset=MQ_Fundamentals&fsmlParams=key%3DNML&json=true
https://data2-widgets.dataservices.theice.com/fsml?requestType=content&username=nysecomwebsite&key=oHhwWp17SzK9d77UJcnVMG6YGEAxxpjGr7K6x5VF48gmm8VMhYItfTYw%2FjtC1pWsKWOhDAZdafL%2FVTfPQ5yx5hgr%2FsUG8MiD%2BfRBLLZR2ms%3D&cbid=7010&dataset=MQ_Fundamentals&fsmlParams=key%3DEAD&json=true
https://data2-widgets.dataservices.theice.com/fsml?requestType=content&username=nysecomwebsite&key=oHhwWp17SzK9d77UJcnVMG6YGEAxxpjGr7K6x5VF48gmm8VMhYItfTYw%2FjtC1pWsKWOhDAZdafL%2FVTfPQ5yx5hgr%2FsUG8MiD%2BfRBLLZR2ms%3D&cbid=7010&dataset=MQ_Fundamentals&fsmlParams=key%3DNEWP&json=true
https://data2-widgets.dataservices.theice.com/fsml?requestType=content&username=nysecomwebsite&key=oHhwWp17SzK9d77UJcnVMG6YGEAxxpjGr7K6x5VF48gmm8VMhYItfTYw%2FjtC1pWsKWOhDAZdafL%2FVTfPQ5yx5hgr%2FsUG8MiD%2BfRBLLZR2ms%3D&cbid=7010&dataset=MQ_Fundamentals&fsmlParams=key%3DVKI&json=true
https://data2-widgets.dataservices.theice.com/fsml?requestType=content&username=nysecomwebsite&key=oHhwWp17SzK9d77UJcnVMG6YGEAxxpjGr7K6x5VF48gmm8VMhYItfTYw%2FjtC1pWsKWOhDAZdafL%2FVTfPQ5yx5hgr%2FsUG8MiD%2BfRBLLZR2ms%3D&cbid=7010&dataset=MQ_Fundamentals&fsmlParams=key%3DREI&json=true
https://data2-widgets.dataservices.theice.com/fsml?requestType=content&username=nysecomwebsite&key=oHhwWp17SzK9d77UJcnVMG6YGEAxxpjGr7K6x5VF48gmm8VMhYItfTYw%2FjtC1pWsKWOhDAZdafL%2FVTfPQ5yx5hgr%2FsUG8MiD%2BfRBLLZR2ms%3D&cbid=7010&dataset=MQ_Fundamentals&fsmlParams=key%3DADEX&json=true
https://data2-widgets.dataservices.theice.com/fsml?requestType=content&username=nysecomwebsite&key=oHhwWp17SzK9d77UJcnVMG6YGEAxxpjGr7K6x5VF48gmm8VMhYItfTYw%2FjtC1pWsKWOhDAZdafL%2FVTfPQ5yx5hgr%2FsUG8MiD%2BfRBLLZR2ms%3D&cbid=7010&dataset=MQ_Fundamentals&fsmlParams=key%3DOZ&json=true
https://data2-widgets.dataservices.theice.com/fsml?requestType=content&username=nysecomwebsite&key=oHhwWp17SzK9d77UJcnVMG6YGEAxxpjGr7K6x5VF48gmm8VMhYItfTYw%2FjtC1pWsKWOhDAZdafL%2FVTfPQ5yx5hgr%2FsUG8MiD%2BfRBLLZR2ms%3D&cbid=7010&dataset=MQ_Fundamentals&fsmlParams=key%3DIPVF&json=true
https://data2-widgets.dataservices.theice.com/fsml?requestType=content&username=nysecomwebsite&key=oHhwWp17SzK9d77UJcnVMG6YGEAxxpjGr7K6x5VF48gmm8VMhYItfTYw%2FjtC1pWsKWOhDAZdafL%2FVTfPQ5yx5hgr%2FsUG8MiD%2BfRBLLZR2ms%3D&cbid=7010&dataset=MQ_Fundamentals&fsmlParams=key%3DLPTV&json=true
https://data2-widgets.dataservices.theice.com/fsml?requestType=content&username=nysecomwebsite&key=oHhwWp17SzK9d77UJcnVMG6YGEAxxpjGr7K6x5VF48gmm8VMhYItfTYw%2FjtC1pWsKWOhDAZdafL%2FVTfPQ5yx5hgr%2FsUG8MiD%2BfRBLLZR2ms%3D&cbid=7010&dataset=MQ_Fundamentals&fsmlParams=key%3DGROY&json=true
https://data2-widgets.dataservices.theice.com/fsml?requestType=content&username=nysecomwebsite&key=oHhwWp17SzK9d77UJcnVMG6YGEAxxpjGr7K6x5VF48gmm8VMhYItfTYw%2FjtC1pWsKWOhDAZdafL%2FVTfPQ5yx5hgr%2FsUG8MiD%2BfRBLLZR2ms%3D&cbid=7010&dataset=MQ_Fundamentals&fsmlParams=key%3DHZON&json=true
https://data2-widgets.dataservices.theice.com/fsml?requestType=content&username=nysecomwebsite&key=oHhwWp17SzK9d77UJcnVMG6YGEAxxpjGr7K6x5VF48gmm8VMhYItfTYw%2FjtC1pWsKWOhDAZdafL%2FVTfPQ5yx5hgr%2FsUG8MiD%2BfRBLLZR2ms%3D&cbid=7010&dataset=MQ_Fundamentals&fsmlParams=key%3DGTE&json=true
https://data2-widgets.dataservices.theice.com/fsml?requestType=content&username=nysecomwebsite&key=oHhwWp17SzK9d77UJcnVMG6YGEAxxpjGr7K6x5VF48gmm8VMhYItfTYw%2FjtC1pWsKWOhDAZdafL%2FVTfPQ5yx5hgr%2FsUG8MiD%2BfRBLLZR2ms%3D&cbid=7010&dataset=MQ_Fundamentals&fsmlParams=key%3DWRAC&json=true
https://data2-widgets.dataservices.theice.com/fsml?requestType=content&username=nysecomwebsite&key=oHhwWp17SzK9d77UJcnVMG6YGEAxxpjGr7K6x5VF48gmm8VMhYItfTYw%2FjtC1pWsKWOhDAZdafL%2FVTfPQ5yx5hgr%2FsUG8MiD%2BfRBLLZR2ms%3D&cbid=7010&dataset=MQ_Fundamentals&fsmlParams=key%3DEP&json=true
https://data2-widgets.dataservices.theice.com/fsml?requestType=content&username=nysecomwebsite&key=oHhwWp17SzK9d77UJcnVMG6YGEAxxpjGr7K6x5VF48gmm8VMhYItfTYw%2FjtC1pWsKWOhDAZdafL%2FVTfPQ5yx5hgr%2FsUG8MiD%2BfRBLLZR2ms%3D&cbid=7010&dataset=MQ_Fundamentals&fsmlParams=key%3DEU&json=true
https://data2-widgets.dataservices.theice.com/fsml?requestType=content&username=nysecomwebsite&key=oHhwWp17SzK9d77UJcnVMG6YGEAxxpjGr7K6x5VF48gmm8VMhYItfTYw%2FjtC1pWsKWOhDAZdafL%2FVTfPQ5yx5hgr%2FsUG8MiD%2BfRBLLZR2ms%3D&cbid=7010&dataset=MQ_Fundamentals&fsmlParams=key%3DRLGT&json=true
https://data2-widgets.dataservices.theice.com/fsml?requestType=content&username=nysecomwebsite&key=oHhwWp17SzK9d77UJcnVMG6YGEAxxpjGr7K6x5VF48gmm8VMhYItfTYw%2FjtC1pWsKWOhDAZdafL%2FVTfPQ5yx5hgr%2FsUG8MiD%2BfRBLLZR2ms%3D&cbid=7010&dataset=MQ_Fundamentals&fsmlParams=key%3DERC&json=true
https://data2-widgets.dataservices.theice.com/fsml?requestType=content&username=nysecomwebsite&key=oHhwWp17SzK9d77UJcnVMG6YGEAxxpjGr7K6x5VF48gmm8VMhYItfTYw%2FjtC1pWsKWOhDAZdafL%2FVTfPQ5yx5hgr%2FsUG8MiD%2BfRBLLZR2ms%3D&cbid=7010&dataset=MQ_Fundamentals&fsmlParams=key%3DFEN&json=true
https://data2-widgets.dataservices.theice.com/fsml?requestType=content&username=nysecomwebsite&key=oHhwWp17SzK9d77UJcnVMG6YGEAxxpjGr7K6x5VF48gmm8VMhYItfTYw%2FjtC1pWsKWOhDAZdafL%2FVTfPQ5yx5hgr%2FsUG8MiD%2BfRBLLZR2ms%3D&cbid=7010&dataset=MQ_Fundamentals&fsmlParams=key%3DBITE&json=true
https://data2-widgets.dataservices.theice.com/fsml?requestType=content&username=nysecomwebsite&key=oHhwWp17SzK9d77UJcnVMG6YGEAxxpjGr7K6x5VF48gmm8VMhYItfTYw%2FjtC1pWsKWOhDAZdafL%2FVTfPQ5yx5hgr%2FsUG8MiD%2BfRBLLZR2ms%3D&cbid=7010&dataset=MQ_Fundamentals&fsmlParams=key%3DNEN&json=true
https://data2-widgets.dataservices.theice.com/fsml?requestType=content&username=nysecomwebsite&key=oHhwWp17SzK9d77UJcnVMG6YGEAxxpjGr7K6x5VF48gmm8VMhYItfTYw%2FjtC1pWsKWOhDAZdafL%2FVTfPQ5yx5hgr%2FsUG8MiD%2BfRBLLZR2ms%3D&cbid=7010&dataset=MQ_Fundamentals&fsmlParams=key%3DEVI&json=true
https://data2-widgets.dataservices.theice.com/fsml?requestType=content&username=nysecomwebsite&key=oHhwWp17SzK9d77UJcnVMG6YGEAxxpjGr7K6x5VF48gmm8VMhYItfTYw%2FjtC1pWsKWOhDAZdafL%2FVTfPQ5yx5hgr%2FsUG8MiD%2BfRBLLZR2ms%3D&cbid=7010&dataset=MQ_Fundamentals&fsmlParams=key%3DAEF&json=true
https://data2-widgets.dataservices.theice.com/fsml?requestType=content&username=nysecomwebsite&key=oHhwWp17SzK9d77UJcnVMG6YGEAxxpjGr7K6x5VF48gmm8VMhYItfTYw%2FjtC1pWsKWOhDAZdafL%2FVTfPQ5yx5hgr%2FsUG8MiD%2BfRBLLZR2ms%3D&cbid=7010&dataset=MQ_Fundamentals&fsmlParams=key%3DFSP&json=true
https://data2-widgets.dataservices.theice.com/fsml?requestType=content&username=nysecomwebsite&key=oHhwWp17SzK9d77UJcnVMG6YGEAxxpjGr7K6x5VF48gmm8VMhYItfTYw%2FjtC1pWsKWOhDAZdafL%2FVTfPQ5yx5hgr%2FsUG8MiD%2BfRBLLZR2ms%3D&cbid=7010&dataset=MQ_Fundamentals&fsmlParams=key%3DFTF&json=true
https://data2-widgets.dataservices.theice.com/fsml?requestType=content&username=nysecomwebsite&key=oHhwWp17SzK9d77UJcnVMG6YGEAxxpjGr7K6x5VF48gmm8VMhYItfTYw%2FjtC1pWsKWOhDAZdafL%2FVTfPQ5yx5hgr%2FsUG8MiD%2BfRBLLZR2ms%3D&cbid=7010&dataset=MQ_Fundamentals&fsmlParams=key%3DPLM&json=true
https://data2-widgets.dataservices.theice.com/fsml?requestType=content&username=nysecomwebsite&key=oHhwWp17SzK9d77UJcnVMG6YGEAxxpjGr7K6x5VF48gmm8VMhYItfTYw%2FjtC1pWsKWOhDAZdafL%2FVTfPQ5yx5hgr%2FsUG8MiD%2BfRBLLZR2ms%3D&cbid=7010&dataset=MQ_Fundamentals&fsmlParams=key%3DURG&json=true
https://data2-widgets.dataservices.theice.com/fsml?requestType=content&username=nysecomwebsite&key=oHhwWp17SzK9d77UJcnVMG6YGEAxxpjGr7K6x5VF48gmm8VMhYItfTYw%2FjtC1pWsKWOhDAZdafL%2FVTfPQ5yx5hgr%2FsUG8MiD%2BfRBLLZR2ms%3D&cbid=7010&dataset=MQ_Fundamentals&fsmlParams=key%3DATNM&json=true
https://data2-widgets.dataservices.theice.com/fsml?requestType=content&username=nysecomwebsite&key=oHhwWp17SzK9d77UJcnVMG6YGEAxxpjGr7K6x5VF48gmm8VMhYItfTYw%2FjtC1pWsKWOhDAZdafL%2FVTfPQ5yx5hgr%2FsUG8MiD%2BfRBLLZR2ms%3D&cbid=7010&dataset=MQ_Fundamentals&fsmlParams=key%3DCIX&json=true
https://data2-widgets.dataservices.theice.com/fsml?requestType=content&username=nysecomwebsite&key=oHhwWp17SzK9d77UJcnVMG6YGEAxxpjGr7K6x5VF48gmm8VMhYItfTYw%2FjtC1pWsKWOhDAZdafL%2FVTfPQ5yx5hgr%2FsUG8MiD%2BfRBLLZR2ms%3D&cbid=7010&dataset=MQ_Fundamentals&fsmlParams=key%3DZOM&json=true
https://data2-widgets.dataservices.theice.com/fsml?requestType=content&username=nysecomwebsite&key=oHhwWp17SzK9d77UJcnVMG6YGEAxxpjGr7K6x5VF48gmm8VMhYItfTYw%2FjtC1pWsKWOhDAZdafL%2FVTfPQ5yx5hgr%2FsUG8MiD%2BfRBLLZR2ms%3D&cbid=7010&dataset=MQ_Fundamentals&fsmlParams=key%3DBRBS&json=true
https://data2-widgets.dataservices.theice.com/fsml?requestType=content&username=nysecomwebsite&key=oHhwWp17SzK9d77UJcnVMG6YGEAxxpjGr7K6x5VF48gmm8VMhYItfTYw%2FjtC1pWsKWOhDAZdafL%2FVTfPQ5yx5hgr%2FsUG8MiD%2BfRBLLZR2ms%3D&cbid=7010&dataset=MQ_Fundamentals&fsmlParams=key%3DVZLA&json=true
https://data2-widgets.dataservices.theice.com/fsml?requestType=content&username=nysecomwebsite&key=oHhwWp17SzK9d77UJcnVMG6YGEAxxpjGr7K6x5VF48gmm8VMhYItfTYw%2FjtC1pWsKWOhDAZdafL%2FVTfPQ5yx5hgr%2FsUG8MiD%2BfRBLLZR2ms%3D&cbid=7010&dataset=MQ_Fundamentals&fsmlParams=key%3DWRN&json=true
https://data2-widgets.dataservices.theice.com/fsml?requestType=content&username=nysecomwebsite&key=oHhwWp17SzK9d77UJcnVMG6YGEAxxpjGr7K6x5VF48gmm8VMhYItfTYw%2FjtC1pWsKWOhDAZdafL%2FVTfPQ5yx5hgr%2FsUG8MiD%2BfRBLLZR2ms%3D&cbid=7010&dataset=MQ_Fundamentals&fsmlParams=key%3DCMCL&json=true
https://data2-widgets.dataservices.theice.com/fsml?requestType=content&username=nysecomwebsite&key=oHhwWp17SzK9d77UJcnVMG6YGEAxxpjGr7K6x5VF48gmm8VMhYItfTYw%2FjtC1pWsKWOhDAZdafL%2FVTfPQ5yx5hgr%2FsUG8MiD%2BfRBLLZR2ms%3D&cbid=7010&dataset=MQ_Fundamentals&fsmlParams=key%3DVFL&json=true
https://data2-widgets.dataservices.theice.com/fsml?requestType=content&username=nysecomwebsite&key=oHhwWp17SzK9d77UJcnVMG6YGEAxxpjGr7K6x5VF48gmm8VMhYItfTYw%2FjtC1pWsKWOhDAZdafL%2FVTfPQ5yx5hgr%2FsUG8MiD%2BfRBLLZR2ms%3D&cbid=7010&dataset=MQ_Fundamentals&fsmlParams=key%3DEPM&json=true
https://data2-widgets.dataservices.theice.com/fsml?requestType=content&username=nysecomwebsite&key=oHhwWp17SzK9d77UJcnVMG6YGEAxxpjGr7K6x5VF48gmm8VMhYItfTYw%2FjtC1pWsKWOhDAZdafL%2FVTfPQ5yx5hgr%2FsUG8MiD%2BfRBLLZR2ms%3D&cbid=7010&dataset=MQ_Fundamentals&fsmlParams=key%3DEVM&json=true
https://data2-widgets.dataservices.theice.com/fsml?requestType=content&username=nysecomwebsite&key=oHhwWp17SzK9d77UJcnVMG6YGEAxxpjGr7K6x5VF48gmm8VMhYItfTYw%2FjtC1pWsKWOhDAZdafL%2FVTfPQ5yx5hgr%2FsUG8MiD%2BfRBLLZR2ms%3D&cbid=7010&dataset=MQ_Fundamentals&fsmlParams=key%3DGLO&json=true
https://data2-widgets.dataservices.theice.com/fsml?requestType=content&username=nysecomwebsite&key=oHhwWp17SzK9d77UJcnVMG6YGEAxxpjGr7K6x5VF48gmm8VMhYItfTYw%2FjtC1pWsKWOhDAZdafL%2FVTfPQ5yx5hgr%2FsUG8MiD%2BfRBLLZR2ms%3D&cbid=7010&dataset=MQ_Fundamentals&fsmlParams=key%3DEVBN&json=true
https://data2-widgets.dataservices.theice.com/fsml?requestType=content&username=nysecomwebsite&key=oHhwWp17SzK9d77UJcnVMG6YGEAxxpjGr7K6x5VF48gmm8VMhYItfTYw%2FjtC1pWsKWOhDAZdafL%2FVTfPQ5yx5hgr%2FsUG8MiD%2BfRBLLZR2ms%3D&cbid=7010&dataset=MQ_Fundamentals&fsmlParams=key%3DEMX&json=true
https://data2-widgets.dataservices.theice.com/fsml?requestType=content&username=nysecomwebsite&key=oHhwWp17SzK9d77UJcnVMG6YGEAxxpjGr7K6x5VF48gmm8VMhYItfTYw%2FjtC1pWsKWOhDAZdafL%2FVTfPQ5yx5hgr%2FsUG8MiD%2BfRBLLZR2ms%3D&cbid=7010&dataset=MQ_Fundamentals&fsmlParams=key%3DDC&json=true
https://data2-widgets.dataservices.theice.com/fsml?requestType=content&username=nysecomwebsite&key=oHhwWp17SzK9d77UJcnVMG6YGEAxxpjGr7K6x5VF48gmm8VMhYItfTYw%2FjtC1pWsKWOhDAZdafL%2FVTfPQ5yx5hgr%2FsUG8MiD%2BfRBLLZR2ms%3D&cbid=7010&dataset=MQ_Fundamentals&fsmlParams=key%3DGENC&json=true
https://data2-widgets.dataservices.theice.com/fsml?requestType=content&username=nysecomwebsite&key=oHhwWp17SzK9d77UJcnVMG6YGEAxxpjGr7K6x5VF48gmm8VMhYItfTYw%2FjtC1pWsKWOhDAZdafL%2FVTfPQ5yx5hgr%2FsUG8MiD%2BfRBLLZR2ms%3D&cbid=7010&dataset=MQ_Fundamentals&fsmlParams=key%3DNBH&json=true
https://data2-widgets.dataservices.theice.com/fsml?requestType=content&username=nysecomwebsite&key=oHhwWp17SzK9d77UJcnVMG6YGEAxxpjGr7K6x5VF48gmm8VMhYItfTYw%2FjtC1pWsKWOhDAZdafL%2FVTfPQ5yx5hgr%2FsUG8MiD%2BfRBLLZR2ms%3D&cbid=7010&dataset=MQ_Fundamentals&fsmlParams=key%3DELA&json=true
https://data2-widgets.dataservices.theice.com/fsml?requestType=content&username=nysecomwebsite&key=oHhwWp17SzK9d77UJcnVMG6YGEAxxpjGr7K6x5VF48gmm8VMhYItfTYw%2FjtC1pWsKWOhDAZdafL%2FVTfPQ5yx5hgr%2FsUG8MiD%2BfRBLLZR2ms%3D&cbid=7010&dataset=MQ_Fundamentals&fsmlParams=key%3DDHY&json=true
https://data2-widgets.dataservices.theice.com/fsml?requestType=content&username=nysecomwebsite&key=oHhwWp17SzK9d77UJcnVMG6YGEAxxpjGr7K6x5VF48gmm8VMhYItfTYw%2FjtC1pWsKWOhDAZdafL%2FVTfPQ5yx5hgr%2FsUG8MiD%2BfRBLLZR2ms%3D&cbid=7010&dataset=MQ_Fundamentals&fsmlParams=key%3DINFU&json=true
https://data2-widgets.dataservices.theice.com/fsml?requestType=content&username=nysecomwebsite&key=oHhwWp17SzK9d77UJcnVMG6YGEAxxpjGr7K6x5VF48gmm8VMhYItfTYw%2FjtC1pWsKWOhDAZdafL%2FVTfPQ5yx5hgr%2FsUG8MiD%2BfRBLLZR2ms%3D&cbid=7010&dataset=MQ_Fundamentals&fsmlParams=key%3DMTA&json=true
https://data2-widgets.dataservices.theice.com/fsml?requestType=content&username=nysecomwebsite&key=oHhwWp17SzK9d77UJcnVMG6YGEAxxpjGr7K6x5VF48gmm8VMhYItfTYw%2FjtC1pWsKWOhDAZdafL%2FVTfPQ5yx5hgr%2FsUG8MiD%2BfRBLLZR2ms%3D&cbid=7010&dataset=MQ_Fundamentals&fsmlParams=key%3DASXC&json=true
https://data2-widgets.dataservices.theice.com/fsml?requestType=content&username=nysecomwebsite&key=oHhwWp17SzK9d77UJcnVMG6YGEAxxpjGr7K6x5VF48gmm8VMhYItfTYw%2FjtC1pWsKWOhDAZdafL%2FVTfPQ5yx5hgr%2FsUG8MiD%2BfRBLLZR2ms%3D&cbid=7010&dataset=MQ_Fundamentals&fsmlParams=key%3DSTXS&json=true
https://data2-widgets.dataservices.theice.com/fsml?requestType=content&username=nysecomwebsite&key=oHhwWp17SzK9d77UJcnVMG6YGEAxxpjGr7K6x5VF48gmm8VMhYItfTYw%2FjtC1pWsKWOhDAZdafL%2FVTfPQ5yx5hgr%2FsUG8MiD%2BfRBLLZR2ms%3D&cbid=7010&dataset=MQ_Fundamentals&fsmlParams=key%3DGLTA&json=true
https://data2-widgets.dataservices.theice.com/fsml?requestType=content&username=nysecomwebsite&key=oHhwWp17SzK9d77UJcnVMG6YGEAxxpjGr7K6x5VF48gmm8VMhYItfTYw%2FjtC1pWsKWOhDAZdafL%2FVTfPQ5yx5hgr%2FsUG8MiD%2BfRBLLZR2ms%3D&cbid=7010&dataset=MQ_Fundamentals&fsmlParams=key%3DLCTX&json=true
https://data2-widgets.dataservices.theice.com/fsml?requestType=content&username=nysecomwebsite&key=oHhwWp17SzK9d77UJcnVMG6YGEAxxpjGr7K6x5VF48gmm8VMhYItfTYw%2FjtC1pWsKWOhDAZdafL%2FVTfPQ5yx5hgr%2FsUG8MiD%2BfRBLLZR2ms%3D&cbid=7010&dataset=MQ_Fundamentals&fsmlParams=key%3DELLO&json=true
https://data2-widgets.dataservices.theice.com/fsml?requestType=content&username=nysecomwebsite&key=oHhwWp17SzK9d77UJcnVMG6YGEAxxpjGr7K6x5VF48gmm8VMhYItfTYw%2FjtC1pWsKWOhDAZdafL%2FVTfPQ5yx5hgr%2FsUG8MiD%2BfRBLLZR2ms%3D&cbid=7010&dataset=MQ_Fundamentals&fsmlParams=key%3DCTGO&json=true
https://data2-widgets.dataservices.theice.com/fsml?requestType=content&username=nysecomwebsite&key=oHhwWp17SzK9d77UJcnVMG6YGEAxxpjGr7K6x5VF48gmm8VMhYItfTYw%2FjtC1pWsKWOhDAZdafL%2FVTfPQ5yx5hgr%2FsUG8MiD%2BfRBLLZR2ms%3D&cbid=7010&dataset=MQ_Fundamentals&fsmlParams=key%3DENX&json=true
https://data2-widgets.dataservices.theice.com/fsml?requestType=content&username=nysecomwebsite&key=oHhwWp17SzK9d77UJcnVMG6YGEAxxpjGr7K6x5VF48gmm8VMhYItfTYw%2FjtC1pWsKWOhDAZdafL%2FVTfPQ5yx5hgr%2FsUG8MiD%2BfRBLLZR2ms%3D&cbid=7010&dataset=MQ_Fundamentals&fsmlParams=key%3DINTT&json=true
https://data2-widgets.dataservices.theice.com/fsml?requestType=content&username=nysecomwebsite&key=oHhwWp17SzK9d77UJcnVMG6YGEAxxpjGr7K6x5VF48gmm8VMhYItfTYw%2FjtC1pWsKWOhDAZdafL%2FVTfPQ5yx5hgr%2FsUG8MiD%2BfRBLLZR2ms%3D&cbid=7010&dataset=MQ_Fundamentals&fsmlParams=key%3DNHS&json=true
https://data2-widgets.dataservices.theice.com/fsml?requestType=content&username=nysecomwebsite&key=oHhwWp17SzK9d77UJcnVMG6YGEAxxpjGr7K6x5VF48gmm8VMhYItfTYw%2FjtC1pWsKWOhDAZdafL%2FVTfPQ5yx5hgr%2FsUG8MiD%2BfRBLLZR2ms%3D&cbid=7010&dataset=MQ_Fundamentals&fsmlParams=key%3DGLDG&json=true
https://data2-widgets.dataservices.theice.com/fsml?requestType=content&username=nysecomwebsite&key=oHhwWp17SzK9d77UJcnVMG6YGEAxxpjGr7K6x5VF48gmm8VMhYItfTYw%2FjtC1pWsKWOhDAZdafL%2FVTfPQ5yx5hgr%2FsUG8MiD%2BfRBLLZR2ms%3D&cbid=7010&dataset=MQ_Fundamentals&fsmlParams=key%3DNRO&json=true
https://data2-widgets.dataservices.theice.com/fsml?requestType=content&username=nysecomwebsite&key=oHhwWp17SzK9d77UJcnVMG6YGEAxxpjGr7K6x5VF48gmm8VMhYItfTYw%2FjtC1pWsKWOhDAZdafL%2FVTfPQ5yx5hgr%2FsUG8MiD%2BfRBLLZR2ms%3D&cbid=7010&dataset=MQ_Fundamentals&fsmlParams=key%3DBATL&json=true
https://data2-widgets.dataservices.theice.com/fsml?requestType=content&username=nysecomwebsite&key=oHhwWp17SzK9d77UJcnVMG6YGEAxxpjGr7K6x5VF48gmm8VMhYItfTYw%2FjtC1pWsKWOhDAZdafL%2FVTfPQ5yx5hgr%2FsUG8MiD%2BfRBLLZR2ms%3D&cbid=7010&dataset=MQ_Fundamentals&fsmlParams=key%3DBURU&json=true
https://data2-widgets.dataservices.theice.com/fsml?requestType=content&username=nysecomwebsite&key=oHhwWp17SzK9d77UJcnVMG6YGEAxxpjGr7K6x5VF48gmm8VMhYItfTYw%2FjtC1pWsKWOhDAZdafL%2FVTfPQ5yx5hgr%2FsUG8MiD%2BfRBLLZR2ms%3D&cbid=7010&dataset=MQ_Fundamentals&fsmlParams=key%3DSACH&json=true
https://data2-widgets.dataservices.theice.com/fsml?requestType=content&username=nysecomwebsite&key=oHhwWp17SzK9d77UJcnVMG6YGEAxxpjGr7K6x5VF48gmm8VMhYItfTYw%2FjtC1pWsKWOhDAZdafL%2FVTfPQ5yx5hgr%2FsUG8MiD%2BfRBLLZR2ms%3D&cbid=7010&dataset=MQ_Fundamentals&fsmlParams=key%3DCMT&json=true
https://data2-widgets.dataservices.theice.com/fsml?requestType=content&username=nysecomwebsite&key=oHhwWp17SzK9d77UJcnVMG6YGEAxxpjGr7K6x5VF48gmm8VMhYItfTYw%2FjtC1pWsKWOhDAZdafL%2FVTfPQ5yx5hgr%2FsUG8MiD%2BfRBLLZR2ms%3D&cbid=7010&dataset=MQ_Fundamentals&fsmlParams=key%3DADRT&json=true
https://data2-widgets.dataservices.theice.com/fsml?requestType=content&username=nysecomwebsite&key=oHhwWp17SzK9d77UJcnVMG6YGEAxxpjGr7K6x5VF48gmm8VMhYItfTYw%2FjtC1pWsKWOhDAZdafL%2FVTfPQ5yx5hgr%2FsUG8MiD%2BfRBLLZR2ms%3D&cbid=7010&dataset=MQ_Fundamentals&fsmlParams=key%3DAREN&json=true
https://data2-widgets.dataservices.theice.com/fsml?requestType=content&username=nysecomwebsite&key=oHhwWp17SzK9d77UJcnVMG6YGEAxxpjGr7K6x5VF48gmm8VMhYItfTYw%2FjtC1pWsKWOhDAZdafL%2FVTfPQ5yx5hgr%2FsUG8MiD%2BfRBLLZR2ms%3D&cbid=7010&dataset=MQ_Fundamentals&fsmlParams=key%3DCIK&json=true
https://data2-widgets.dataservices.theice.com/fsml?requestType=content&username=nysecomwebsite&key=oHhwWp17SzK9d77UJcnVMG6YGEAxxpjGr7K6x5VF48gmm8VMhYItfTYw%2FjtC1pWsKWOhDAZdafL%2FVTfPQ5yx5hgr%2FsUG8MiD%2BfRBLLZR2ms%3D&cbid=7010&dataset=MQ_Fundamentals&fsmlParams=key%3DBGI&json=true
https://data2-widgets.dataservices.theice.com/fsml?requestType=content&username=nysecomwebsite&key=oHhwWp17SzK9d77UJcnVMG6YGEAxxpjGr7K6x5VF48gmm8VMhYItfTYw%2FjtC1pWsKWOhDAZdafL%2FVTfPQ5yx5hgr%2FsUG8MiD%2BfRBLLZR2ms%3D&cbid=7010&dataset=MQ_Fundamentals&fsmlParams=key%3DAE&json=true
https://data2-widgets.dataservices.theice.com/fsml?requestType=content&username=nysecomwebsite&key=oHhwWp17SzK9d77UJcnVMG6YGEAxxpjGr7K6x5VF48gmm8VMhYItfTYw%2FjtC1pWsKWOhDAZdafL%2FVTfPQ5yx5hgr%2FsUG8MiD%2BfRBLLZR2ms%3D&cbid=7010&dataset=MQ_Fundamentals&fsmlParams=key%3DPLG&json=true
https://data2-widgets.dataservices.theice.com/fsml?requestType=content&username=nysecomwebsite&key=oHhwWp17SzK9d77UJcnVMG6YGEAxxpjGr7K6x5VF48gmm8VMhYItfTYw%2FjtC1pWsKWOhDAZdafL%2FVTfPQ5yx5hgr%2FsUG8MiD%2BfRBLLZR2ms%3D&cbid=7010&dataset=MQ_Fundamentals&fsmlParams=key%3DMHH&json=true
https://data2-widgets.dataservices.theice.com/fsml?requestType=content&username=nysecomwebsite&key=oHhwWp17SzK9d77UJcnVMG6YGEAxxpjGr7K6x5VF48gmm8VMhYItfTYw%2FjtC1pWsKWOhDAZdafL%2FVTfPQ5yx5hgr%2FsUG8MiD%2BfRBLLZR2ms%3D&cbid=7010&dataset=MQ_Fundamentals&fsmlParams=key%3DKULR&json=true
https://data2-widgets.dataservices.theice.com/fsml?requestType=content&username=nysecomwebsite&key=oHhwWp17SzK9d77UJcnVMG6YGEAxxpjGr7K6x5VF48gmm8VMhYItfTYw%2FjtC1pWsKWOhDAZdafL%2FVTfPQ5yx5hgr%2FsUG8MiD%2BfRBLLZR2ms%3D&cbid=7010&dataset=MQ_Fundamentals&fsmlParams=key%3DDMF&json=true
https://data2-widgets.dataservices.theice.com/fsml?requestType=content&username=nysecomwebsite&key=oHhwWp17SzK9d77UJcnVMG6YGEAxxpjGr7K6x5VF48gmm8VMhYItfTYw%2FjtC1pWsKWOhDAZdafL%2FVTfPQ5yx5hgr%2FsUG8MiD%2BfRBLLZR2ms%3D&cbid=7010&dataset=MQ_Fundamentals&fsmlParams=key%3DMNK&json=true
https://data2-widgets.dataservices.theice.com/fsml?requestType=content&username=nysecomwebsite&key=oHhwWp17SzK9d77UJcnVMG6YGEAxxpjGr7K6x5VF48gmm8VMhYItfTYw%2FjtC1pWsKWOhDAZdafL%2FVTfPQ5yx5hgr%2FsUG8MiD%2BfRBLLZR2ms%3D&cbid=7010&dataset=MQ_Fundamentals&fsmlParams=key%3DNAK&json=true
https://data2-widgets.dataservices.theice.com/fsml?requestType=content&username=nysecomwebsite&key=oHhwWp17SzK9d77UJcnVMG6YGEAxxpjGr7K6x5VF48gmm8VMhYItfTYw%2FjtC1pWsKWOhDAZdafL%2FVTfPQ5yx5hgr%2FsUG8MiD%2BfRBLLZR2ms%3D&cbid=7010&dataset=MQ_Fundamentals&fsmlParams=key%3DECF&json=true
https://data2-widgets.dataservices.theice.com/fsml?requestType=content&username=nysecomwebsite&key=oHhwWp17SzK9d77UJcnVMG6YGEAxxpjGr7K6x5VF48gmm8VMhYItfTYw%2FjtC1pWsKWOhDAZdafL%2FVTfPQ5yx5hgr%2FsUG8MiD%2BfRBLLZR2ms%3D&cbid=7010&dataset=MQ_Fundamentals&fsmlParams=key%3DGLQ&json=true
https://data2-widgets.dataservices.theice.com/fsml?requestType=content&username=nysecomwebsite&key=oHhwWp17SzK9d77UJcnVMG6YGEAxxpjGr7K6x5VF48gmm8VMhYItfTYw%2FjtC1pWsKWOhDAZdafL%2FVTfPQ5yx5hgr%2FsUG8MiD%2BfRBLLZR2ms%3D&cbid=7010&dataset=MQ_Fundamentals&fsmlParams=key%3DCVM&json=true
https://data2-widgets.dataservices.theice.com/fsml?requestType=content&username=nysecomwebsite&key=oHhwWp17SzK9d77UJcnVMG6YGEAxxpjGr7K6x5VF48gmm8VMhYItfTYw%2FjtC1pWsKWOhDAZdafL%2FVTfPQ5yx5hgr%2FsUG8MiD%2BfRBLLZR2ms%3D&cbid=7010&dataset=MQ_Fundamentals&fsmlParams=key%3DGAU&json=true
https://data2-widgets.dataservices.theice.com/fsml?requestType=content&username=nysecomwebsite&key=oHhwWp17SzK9d77UJcnVMG6YGEAxxpjGr7K6x5VF48gmm8VMhYItfTYw%2FjtC1pWsKWOhDAZdafL%2FVTfPQ5yx5hgr%2FsUG8MiD%2BfRBLLZR2ms%3D&cbid=7010&dataset=MQ_Fundamentals&fsmlParams=key%3DIAF&json=true
https://data2-widgets.dataservices.theice.com/fsml?requestType=content&username=nysecomwebsite&key=oHhwWp17SzK9d77UJcnVMG6YGEAxxpjGr7K6x5VF48gmm8VMhYItfTYw%2FjtC1pWsKWOhDAZdafL%2FVTfPQ5yx5hgr%2FsUG8MiD%2BfRBLLZR2ms%3D&cbid=7010&dataset=MQ_Fundamentals&fsmlParams=key%3DELMD&json=true
https://data2-widgets.dataservices.theice.com/fsml?requestType=content&username=nysecomwebsite&key=oHhwWp17SzK9d77UJcnVMG6YGEAxxpjGr7K6x5VF48gmm8VMhYItfTYw%2FjtC1pWsKWOhDAZdafL%2FVTfPQ5yx5hgr%2FsUG8MiD%2BfRBLLZR2ms%3D&cbid=7010&dataset=MQ_Fundamentals&fsmlParams=key%3DTRX&json=true
https://data2-widgets.dataservices.theice.com/fsml?requestType=content&username=nysecomwebsite&key=oHhwWp17SzK9d77UJcnVMG6YGEAxxpjGr7K6x5VF48gmm8VMhYItfTYw%2FjtC1pWsKWOhDAZdafL%2FVTfPQ5yx5hgr%2FsUG8MiD%2BfRBLLZR2ms%3D&cbid=7010&dataset=MQ_Fundamentals&fsmlParams=key%3DGNS&json=true
https://data2-widgets.dataservices.theice.com/fsml?requestType=content&username=nysecomwebsite&key=oHhwWp17SzK9d77UJcnVMG6YGEAxxpjGr7K6x5VF48gmm8VMhYItfTYw%2FjtC1pWsKWOhDAZdafL%2FVTfPQ5yx5hgr%2FsUG8MiD%2BfRBLLZR2ms%3D&cbid=7010&dataset=MQ_Fundamentals&fsmlParams=key%3DVNRX&json=true
https://data2-widgets.dataservices.theice.com/fsml?requestType=content&username=nysecomwebsite&key=oHhwWp17SzK9d77UJcnVMG6YGEAxxpjGr7K6x5VF48gmm8VMhYItfTYw%2FjtC1pWsKWOhDAZdafL%2FVTfPQ5yx5hgr%2FsUG8MiD%2BfRBLLZR2ms%3D&cbid=7010&dataset=MQ_Fundamentals&fsmlParams=key%3DBCV&json=true
https://data2-widgets.dataservices.theice.com/fsml?requestType=content&username=nysecomwebsite&key=oHhwWp17SzK9d77UJcnVMG6YGEAxxpjGr7K6x5VF48gmm8VMhYItfTYw%2FjtC1pWsKWOhDAZdafL%2FVTfPQ5yx5hgr%2FsUG8MiD%2BfRBLLZR2ms%3D&cbid=7010&dataset=MQ_Fundamentals&fsmlParams=key%3DMTNB&json=true
https://data2-widgets.dataservices.theice.com/fsml?requestType=content&username=nysecomwebsite&key=oHhwWp17SzK9d77UJcnVMG6YGEAxxpjGr7K6x5VF48gmm8VMhYItfTYw%2FjtC1pWsKWOhDAZdafL%2FVTfPQ5yx5hgr%2FsUG8MiD%2BfRBLLZR2ms%3D&cbid=7010&dataset=MQ_Fundamentals&fsmlParams=key%3DTHM&json=true
https://data2-widgets.dataservices.theice.com/fsml?requestType=content&username=nysecomwebsite&key=oHhwWp17SzK9d77UJcnVMG6YGEAxxpjGr7K6x5VF48gmm8VMhYItfTYw%2FjtC1pWsKWOhDAZdafL%2FVTfPQ5yx5hgr%2FsUG8MiD%2BfRBLLZR2ms%3D&cbid=7010&dataset=MQ_Fundamentals&fsmlParams=key%3DFLAG&json=true
https://data2-widgets.dataservices.theice.com/fsml?requestType=content&username=nysecomwebsite&key=oHhwWp17SzK9d77UJcnVMG6YGEAxxpjGr7K6x5VF48gmm8VMhYItfTYw%2FjtC1pWsKWOhDAZdafL%2FVTfPQ5yx5hgr%2FsUG8MiD%2BfRBLLZR2ms%3D&cbid=7010&dataset=MQ_Fundamentals&fsmlParams=key%3DSATX&json=true
https://data2-widgets.dataservices.theice.com/fsml?requestType=content&username=nysecomwebsite&key=oHhwWp17SzK9d77UJcnVMG6YGEAxxpjGr7K6x5VF48gmm8VMhYItfTYw%2FjtC1pWsKWOhDAZdafL%2FVTfPQ5yx5hgr%2FsUG8MiD%2BfRBLLZR2ms%3D&cbid=7010&dataset=MQ_Fundamentals&fsmlParams=key%3DCATX&json=true
https://data2-widgets.dataservices.theice.com/fsml?requestType=content&username=nysecomwebsite&key=oHhwWp17SzK9d77UJcnVMG6YGEAxxpjGr7K6x5VF48gmm8VMhYItfTYw%2FjtC1pWsKWOhDAZdafL%2FVTfPQ5yx5hgr%2FsUG8MiD%2BfRBLLZR2ms%3D&cbid=7010&dataset=MQ_Fundamentals&fsmlParams=key%3DERH&json=true
https://data2-widgets.dataservices.theice.com/fsml?requestType=content&username=nysecomwebsite&key=oHhwWp17SzK9d77UJcnVMG6YGEAxxpjGr7K6x5VF48gmm8VMhYItfTYw%2FjtC1pWsKWOhDAZdafL%2FVTfPQ5yx5hgr%2FsUG8MiD%2BfRBLLZR2ms%3D&cbid=7010&dataset=MQ_Fundamentals&fsmlParams=key%3DDIT&json=true
https://data2-widgets.dataservices.theice.com/fsml?requestType=content&username=nysecomwebsite&key=oHhwWp17SzK9d77UJcnVMG6YGEAxxpjGr7K6x5VF48gmm8VMhYItfTYw%2FjtC1pWsKWOhDAZdafL%2FVTfPQ5yx5hgr%2FsUG8MiD%2BfRBLLZR2ms%3D&cbid=7010&dataset=MQ_Fundamentals&fsmlParams=key%3DISDR&json=true
https://data2-widgets.dataservices.theice.com/fsml?requestType=content&username=nysecomwebsite&key=oHhwWp17SzK9d77UJcnVMG6YGEAxxpjGr7K6x5VF48gmm8VMhYItfTYw%2FjtC1pWsKWOhDAZdafL%2FVTfPQ5yx5hgr%2FsUG8MiD%2BfRBLLZR2ms%3D&cbid=7010&dataset=MQ_Fundamentals&fsmlParams=key%3DCYBN&json=true
https://data2-widgets.dataservices.theice.com/fsml?requestType=content&username=nysecomwebsite&key=oHhwWp17SzK9d77UJcnVMG6YGEAxxpjGr7K6x5VF48gmm8VMhYItfTYw%2FjtC1pWsKWOhDAZdafL%2FVTfPQ5yx5hgr%2FsUG8MiD%2BfRBLLZR2ms%3D&cbid=7010&dataset=MQ_Fundamentals&fsmlParams=key%3DUSAS&json=true
https://data2-widgets.dataservices.theice.com/fsml?requestType=content&username=nysecomwebsite&key=oHhwWp17SzK9d77UJcnVMG6YGEAxxpjGr7K6x5VF48gmm8VMhYItfTYw%2FjtC1pWsKWOhDAZdafL%2FVTfPQ5yx5hgr%2FsUG8MiD%2BfRBLLZR2ms%3D&cbid=7010&dataset=MQ_Fundamentals&fsmlParams=key%3DMIMO&json=true
https://data2-widgets.dataservices.theice.com/fsml?requestType=content&username=nysecomwebsite&key=oHhwWp17SzK9d77UJcnVMG6YGEAxxpjGr7K6x5VF48gmm8VMhYItfTYw%2FjtC1pWsKWOhDAZdafL%2FVTfPQ5yx5hgr%2FsUG8MiD%2BfRBLLZR2ms%3D&cbid=7010&dataset=MQ_Fundamentals&fsmlParams=key%3DPLX&json=true
https://data2-widgets.dataservices.theice.com/fsml?requestType=content&username=nysecomwebsite&key=oHhwWp17SzK9d77UJcnVMG6YGEAxxpjGr7K6x5VF48gmm8VMhYItfTYw%2FjtC1pWsKWOhDAZdafL%2FVTfPQ5yx5hgr%2FsUG8MiD%2BfRBLLZR2ms%3D&cbid=7010&dataset=MQ_Fundamentals&fsmlParams=key%3DARMP&json=true
https://data2-widgets.dataservices.theice.com/fsml?requestType=content&username=nysecomwebsite&key=oHhwWp17SzK9d77UJcnVMG6YGEAxxpjGr7K6x5VF48gmm8VMhYItfTYw%2FjtC1pWsKWOhDAZdafL%2FVTfPQ5yx5hgr%2FsUG8MiD%2BfRBLLZR2ms%3D&cbid=7010&dataset=MQ_Fundamentals&fsmlParams=key%3DXTNT&json=true
https://data2-widgets.dataservices.theice.com/fsml?requestType=content&username=nysecomwebsite&key=oHhwWp17SzK9d77UJcnVMG6YGEAxxpjGr7K6x5VF48gmm8VMhYItfTYw%2FjtC1pWsKWOhDAZdafL%2FVTfPQ5yx5hgr%2FsUG8MiD%2BfRBLLZR2ms%3D&cbid=7010&dataset=MQ_Fundamentals&fsmlParams=key%3DGLU&json=true
https://data2-widgets.dataservices.theice.com/fsml?requestType=content&username=nysecomwebsite&key=oHhwWp17SzK9d77UJcnVMG6YGEAxxpjGr7K6x5VF48gmm8VMhYItfTYw%2FjtC1pWsKWOhDAZdafL%2FVTfPQ5yx5hgr%2FsUG8MiD%2BfRBLLZR2ms%3D&cbid=7010&dataset=MQ_Fundamentals&fsmlParams=key%3DDLA&json=true
https://data2-widgets.dataservices.theice.com/fsml?requestType=content&username=nysecomwebsite&key=oHhwWp17SzK9d77UJcnVMG6YGEAxxpjGr7K6x5VF48gmm8VMhYItfTYw%2FjtC1pWsKWOhDAZdafL%2FVTfPQ5yx5hgr%2FsUG8MiD%2BfRBLLZR2ms%3D&cbid=7010&dataset=MQ_Fundamentals&fsmlParams=key%3DHNW&json=true
https://data2-widgets.dataservices.theice.com/fsml?requestType=content&username=nysecomwebsite&key=oHhwWp17SzK9d77UJcnVMG6YGEAxxpjGr7K6x5VF48gmm8VMhYItfTYw%2FjtC1pWsKWOhDAZdafL%2FVTfPQ5yx5hgr%2FsUG8MiD%2BfRBLLZR2ms%3D&cbid=7010&dataset=MQ_Fundamentals&fsmlParams=key%3DSKYH&json=true
https://data2-widgets.dataservices.theice.com/fsml?requestType=content&username=nysecomwebsite&key=oHhwWp17SzK9d77UJcnVMG6YGEAxxpjGr7K6x5VF48gmm8VMhYItfTYw%2FjtC1pWsKWOhDAZdafL%2FVTfPQ5yx5hgr%2FsUG8MiD%2BfRBLLZR2ms%3D&cbid=7010&dataset=MQ_Fundamentals&fsmlParams=key%3DHPX&json=true
https://data2-widgets.dataservices.theice.com/fsml?requestType=content&username=nysecomwebsite&key=oHhwWp17SzK9d77UJcnVMG6YGEAxxpjGr7K6x5VF48gmm8VMhYItfTYw%2FjtC1pWsKWOhDAZdafL%2FVTfPQ5yx5hgr%2FsUG8MiD%2BfRBLLZR2ms%3D&cbid=7010&dataset=MQ_Fundamentals&fsmlParams=key%3DFURY&json=true
https://data2-widgets.dataservices.theice.com/fsml?requestType=content&username=nysecomwebsite&key=oHhwWp17SzK9d77UJcnVMG6YGEAxxpjGr7K6x5VF48gmm8VMhYItfTYw%2FjtC1pWsKWOhDAZdafL%2FVTfPQ5yx5hgr%2FsUG8MiD%2BfRBLLZR2ms%3D&cbid=7010&dataset=MQ_Fundamentals&fsmlParams=key%3DACU&json=true
https://data2-widgets.dataservices.theice.com/fsml?requestType=content&username=nysecomwebsite&key=oHhwWp17SzK9d77UJcnVMG6YGEAxxpjGr7K6x5VF48gmm8VMhYItfTYw%2FjtC1pWsKWOhDAZdafL%2FVTfPQ5yx5hgr%2FsUG8MiD%2BfRBLLZR2ms%3D&cbid=7010&dataset=MQ_Fundamentals&fsmlParams=key%3DFRD&json=true
https://data2-widgets.dataservices.theice.com/fsml?requestType=content&username=nysecomwebsite&key=oHhwWp17SzK9d77UJcnVMG6YGEAxxpjGr7K6x5VF48gmm8VMhYItfTYw%2FjtC1pWsKWOhDAZdafL%2FVTfPQ5yx5hgr%2FsUG8MiD%2BfRBLLZR2ms%3D&cbid=7010&dataset=MQ_Fundamentals&fsmlParams=key%3DPED&json=true
https://data2-widgets.dataservices.theice.com/fsml?requestType=content&username=nysecomwebsite&key=oHhwWp17SzK9d77UJcnVMG6YGEAxxpjGr7K6x5VF48gmm8VMhYItfTYw%2FjtC1pWsKWOhDAZdafL%2FVTfPQ5yx5hgr%2FsUG8MiD%2BfRBLLZR2ms%3D&cbid=7010&dataset=MQ_Fundamentals&fsmlParams=key%3DTMQ&json=true
https://data2-widgets.dataservices.theice.com/fsml?requestType=content&username=nysecomwebsite&key=oHhwWp17SzK9d77UJcnVMG6YGEAxxpjGr7K6x5VF48gmm8VMhYItfTYw%2FjtC1pWsKWOhDAZdafL%2FVTfPQ5yx5hgr%2FsUG8MiD%2BfRBLLZR2ms%3D&cbid=7010&dataset=MQ_Fundamentals&fsmlParams=key%3DEMAN&json=true
https://data2-widgets.dataservices.theice.com/fsml?requestType=content&username=nysecomwebsite&key=oHhwWp17SzK9d77UJcnVMG6YGEAxxpjGr7K6x5VF48gmm8VMhYItfTYw%2FjtC1pWsKWOhDAZdafL%2FVTfPQ5yx5hgr%2FsUG8MiD%2BfRBLLZR2ms%3D&cbid=7010&dataset=MQ_Fundamentals&fsmlParams=key%3DBHM&json=true
https://data2-widgets.dataservices.theice.com/fsml?requestType=content&username=nysecomwebsite&key=oHhwWp17SzK9d77UJcnVMG6YGEAxxpjGr7K6x5VF48gmm8VMhYItfTYw%2FjtC1pWsKWOhDAZdafL%2FVTfPQ5yx5hgr%2FsUG8MiD%2BfRBLLZR2ms%3D&cbid=7010&dataset=MQ_Fundamentals&fsmlParams=key%3DASM&json=true
https://data2-widgets.dataservices.theice.com/fsml?requestType=content&username=nysecomwebsite&key=oHhwWp17SzK9d77UJcnVMG6YGEAxxpjGr7K6x5VF48gmm8VMhYItfTYw%2FjtC1pWsKWOhDAZdafL%2FVTfPQ5yx5hgr%2FsUG8MiD%2BfRBLLZR2ms%3D&cbid=7010&dataset=MQ_Fundamentals&fsmlParams=key%3DGORO&json=true
https://data2-widgets.dataservices.theice.com/fsml?requestType=content&username=nysecomwebsite&key=oHhwWp17SzK9d77UJcnVMG6YGEAxxpjGr7K6x5VF48gmm8VMhYItfTYw%2FjtC1pWsKWOhDAZdafL%2FVTfPQ5yx5hgr%2FsUG8MiD%2BfRBLLZR2ms%3D&cbid=7010&dataset=MQ_Fundamentals&fsmlParams=key%3DGLV&json=true
https://data2-widgets.dataservices.theice.com/fsml?requestType=content&username=nysecomwebsite&key=oHhwWp17SzK9d77UJcnVMG6YGEAxxpjGr7K6x5VF48gmm8VMhYItfTYw%2FjtC1pWsKWOhDAZdafL%2FVTfPQ5yx5hgr%2FsUG8MiD%2BfRBLLZR2ms%3D&cbid=7010&dataset=MQ_Fundamentals&fsmlParams=key%3DVHAQ&json=true
https://data2-widgets.dataservices.theice.com/fsml?requestType=content&username=nysecomwebsite&key=oHhwWp17SzK9d77UJcnVMG6YGEAxxpjGr7K6x5VF48gmm8VMhYItfTYw%2FjtC1pWsKWOhDAZdafL%2FVTfPQ5yx5hgr%2FsUG8MiD%2BfRBLLZR2ms%3D&cbid=7010&dataset=MQ_Fundamentals&fsmlParams=key%3DAAMC&json=true
https://data2-widgets.dataservices.theice.com/fsml?requestType=content&username=nysecomwebsite&key=oHhwWp17SzK9d77UJcnVMG6YGEAxxpjGr7K6x5VF48gmm8VMhYItfTYw%2FjtC1pWsKWOhDAZdafL%2FVTfPQ5yx5hgr%2FsUG8MiD%2BfRBLLZR2ms%3D&cbid=7010&dataset=MQ_Fundamentals&fsmlParams=key%3DPOL&json=true
https://data2-widgets.dataservices.theice.com/fsml?requestType=content&username=nysecomwebsite&key=oHhwWp17SzK9d77UJcnVMG6YGEAxxpjGr7K6x5VF48gmm8VMhYItfTYw%2FjtC1pWsKWOhDAZdafL%2FVTfPQ5yx5hgr%2FsUG8MiD%2BfRBLLZR2ms%3D&cbid=7010&dataset=MQ_Fundamentals&fsmlParams=key%3DCEV&json=true
https://data2-widgets.dataservices.theice.com/fsml?requestType=content&username=nysecomwebsite&key=oHhwWp17SzK9d77UJcnVMG6YGEAxxpjGr7K6x5VF48gmm8VMhYItfTYw%2FjtC1pWsKWOhDAZdafL%2FVTfPQ5yx5hgr%2FsUG8MiD%2BfRBLLZR2ms%3D&cbid=7010&dataset=MQ_Fundamentals&fsmlParams=key%3DIDR&json=true
https://data2-widgets.dataservices.theice.com/fsml?requestType=content&username=nysecomwebsite&key=oHhwWp17SzK9d77UJcnVMG6YGEAxxpjGr7K6x5VF48gmm8VMhYItfTYw%2FjtC1pWsKWOhDAZdafL%2FVTfPQ5yx5hgr%2FsUG8MiD%2BfRBLLZR2ms%3D&cbid=7010&dataset=MQ_Fundamentals&fsmlParams=key%3DRVP&json=true
https://data2-widgets.dataservices.theice.com/fsml?requestType=content&username=nysecomwebsite&key=oHhwWp17SzK9d77UJcnVMG6YGEAxxpjGr7K6x5VF48gmm8VMhYItfTYw%2FjtC1pWsKWOhDAZdafL%2FVTfPQ5yx5hgr%2FsUG8MiD%2BfRBLLZR2ms%3D&cbid=7010&dataset=MQ_Fundamentals&fsmlParams=key%3DFCO&json=true
https://data2-widgets.dataservices.theice.com/fsml?requestType=content&username=nysecomwebsite&key=oHhwWp17SzK9d77UJcnVMG6YGEAxxpjGr7K6x5VF48gmm8VMhYItfTYw%2FjtC1pWsKWOhDAZdafL%2FVTfPQ5yx5hgr%2FsUG8MiD%2BfRBLLZR2ms%3D&cbid=7010&dataset=MQ_Fundamentals&fsmlParams=key%3DVGZ&json=true
https://data2-widgets.dataservices.theice.com/fsml?requestType=content&username=nysecomwebsite&key=oHhwWp17SzK9d77UJcnVMG6YGEAxxpjGr7K6x5VF48gmm8VMhYItfTYw%2FjtC1pWsKWOhDAZdafL%2FVTfPQ5yx5hgr%2FsUG8MiD%2BfRBLLZR2ms%3D&cbid=7010&dataset=MQ_Fundamentals&fsmlParams=key%3DMGLD&json=true
https://data2-widgets.dataservices.theice.com/fsml?requestType=content&username=nysecomwebsite&key=oHhwWp17SzK9d77UJcnVMG6YGEAxxpjGr7K6x5VF48gmm8VMhYItfTYw%2FjtC1pWsKWOhDAZdafL%2FVTfPQ5yx5hgr%2FsUG8MiD%2BfRBLLZR2ms%3D&cbid=7010&dataset=MQ_Fundamentals&fsmlParams=key%3DINDO&json=true
https://data2-widgets.dataservices.theice.com/fsml?requestType=content&username=nysecomwebsite&key=oHhwWp17SzK9d77UJcnVMG6YGEAxxpjGr7K6x5VF48gmm8VMhYItfTYw%2FjtC1pWsKWOhDAZdafL%2FVTfPQ5yx5hgr%2FsUG8MiD%2BfRBLLZR2ms%3D&cbid=7010&dataset=MQ_Fundamentals&fsmlParams=key%3DNBW&json=true
https://data2-widgets.dataservices.theice.com/fsml?requestType=content&username=nysecomwebsite&key=oHhwWp17SzK9d77UJcnVMG6YGEAxxpjGr7K6x5VF48gmm8VMhYItfTYw%2FjtC1pWsKWOhDAZdafL%2FVTfPQ5yx5hgr%2FsUG8MiD%2BfRBLLZR2ms%3D&cbid=7010&dataset=MQ_Fundamentals&fsmlParams=key%3DDPSI&json=true
https://data2-widgets.dataservices.theice.com/fsml?requestType=content&username=nysecomwebsite&key=oHhwWp17SzK9d77UJcnVMG6YGEAxxpjGr7K6x5VF48gmm8VMhYItfTYw%2FjtC1pWsKWOhDAZdafL%2FVTfPQ5yx5hgr%2FsUG8MiD%2BfRBLLZR2ms%3D&cbid=7010&dataset=MQ_Fundamentals&fsmlParams=key%3DBKTI&json=true
https://data2-widgets.dataservices.theice.com/fsml?requestType=content&username=nysecomwebsite&key=oHhwWp17SzK9d77UJcnVMG6YGEAxxpjGr7K6x5VF48gmm8VMhYItfTYw%2FjtC1pWsKWOhDAZdafL%2FVTfPQ5yx5hgr%2FsUG8MiD%2BfRBLLZR2ms%3D&cbid=7010&dataset=MQ_Fundamentals&fsmlParams=key%3DKNW&json=true
https://data2-widgets.dataservices.theice.com/fsml?requestType=content&username=nysecomwebsite&key=oHhwWp17SzK9d77UJcnVMG6YGEAxxpjGr7K6x5VF48gmm8VMhYItfTYw%2FjtC1pWsKWOhDAZdafL%2FVTfPQ5yx5hgr%2FsUG8MiD%2BfRBLLZR2ms%3D&cbid=7010&dataset=MQ_Fundamentals&fsmlParams=key%3DGRFX&json=true
https://data2-widgets.dataservices.theice.com/fsml?requestType=content&username=nysecomwebsite&key=oHhwWp17SzK9d77UJcnVMG6YGEAxxpjGr7K6x5VF48gmm8VMhYItfTYw%2FjtC1pWsKWOhDAZdafL%2FVTfPQ5yx5hgr%2FsUG8MiD%2BfRBLLZR2ms%3D&cbid=7010&dataset=MQ_Fundamentals&fsmlParams=key%3DNTIP&json=true
https://data2-widgets.dataservices.theice.com/fsml?requestType=content&username=nysecomwebsite&key=oHhwWp17SzK9d77UJcnVMG6YGEAxxpjGr7K6x5VF48gmm8VMhYItfTYw%2FjtC1pWsKWOhDAZdafL%2FVTfPQ5yx5hgr%2FsUG8MiD%2BfRBLLZR2ms%3D&cbid=7010&dataset=MQ_Fundamentals&fsmlParams=key%3DSNMP&json=true
https://data2-widgets.dataservices.theice.com/fsml?requestType=content&username=nysecomwebsite&key=oHhwWp17SzK9d77UJcnVMG6YGEAxxpjGr7K6x5VF48gmm8VMhYItfTYw%2FjtC1pWsKWOhDAZdafL%2FVTfPQ5yx5hgr%2FsUG8MiD%2BfRBLLZR2ms%3D&cbid=7010&dataset=MQ_Fundamentals&fsmlParams=key%3DAPT&json=true
https://data2-widgets.dataservices.theice.com/fsml?requestType=content&username=nysecomwebsite&key=oHhwWp17SzK9d77UJcnVMG6YGEAxxpjGr7K6x5VF48gmm8VMhYItfTYw%2FjtC1pWsKWOhDAZdafL%2FVTfPQ5yx5hgr%2FsUG8MiD%2BfRBLLZR2ms%3D&cbid=7010&dataset=MQ_Fundamentals&fsmlParams=key%3DSBEV&json=true
https://data2-widgets.dataservices.theice.com/fsml?requestType=content&username=nysecomwebsite&key=oHhwWp17SzK9d77UJcnVMG6YGEAxxpjGr7K6x5VF48gmm8VMhYItfTYw%2FjtC1pWsKWOhDAZdafL%2FVTfPQ5yx5hgr%2FsUG8MiD%2BfRBLLZR2ms%3D&cbid=7010&dataset=MQ_Fundamentals&fsmlParams=key%3DBDL&json=true
https://data2-widgets.dataservices.theice.com/fsml?requestType=content&username=nysecomwebsite&key=oHhwWp17SzK9d77UJcnVMG6YGEAxxpjGr7K6x5VF48gmm8VMhYItfTYw%2FjtC1pWsKWOhDAZdafL%2FVTfPQ5yx5hgr%2FsUG8MiD%2BfRBLLZR2ms%3D&cbid=7010&dataset=MQ_Fundamentals&fsmlParams=key%3DESP&json=true
https://data2-widgets.dataservices.theice.com/fsml?requestType=content&username=nysecomwebsite&key=oHhwWp17SzK9d77UJcnVMG6YGEAxxpjGr7K6x5VF48gmm8VMhYItfTYw%2FjtC1pWsKWOhDAZdafL%2FVTfPQ5yx5hgr%2FsUG8MiD%2BfRBLLZR2ms%3D&cbid=7010&dataset=MQ_Fundamentals&fsmlParams=key%3DMAIA&json=true
https://data2-widgets.dataservices.theice.com/fsml?requestType=content&username=nysecomwebsite&key=oHhwWp17SzK9d77UJcnVMG6YGEAxxpjGr7K6x5VF48gmm8VMhYItfTYw%2FjtC1pWsKWOhDAZdafL%2FVTfPQ5yx5hgr%2FsUG8MiD%2BfRBLLZR2ms%3D&cbid=7010&dataset=MQ_Fundamentals&fsmlParams=key%3DSTRW&json=true
https://data2-widgets.dataservices.theice.com/fsml?requestType=content&username=nysecomwebsite&key=oHhwWp17SzK9d77UJcnVMG6YGEAxxpjGr7K6x5VF48gmm8VMhYItfTYw%2FjtC1pWsKWOhDAZdafL%2FVTfPQ5yx5hgr%2FsUG8MiD%2BfRBLLZR2ms%3D&cbid=7010&dataset=MQ_Fundamentals&fsmlParams=key%3DIOR&json=true
https://data2-widgets.dataservices.theice.com/fsml?requestType=content&username=nysecomwebsite&key=oHhwWp17SzK9d77UJcnVMG6YGEAxxpjGr7K6x5VF48gmm8VMhYItfTYw%2FjtC1pWsKWOhDAZdafL%2FVTfPQ5yx5hgr%2FsUG8MiD%2BfRBLLZR2ms%3D&cbid=7010&dataset=MQ_Fundamentals&fsmlParams=key%3DCVU&json=true
https://data2-widgets.dataservices.theice.com/fsml?requestType=content&username=nysecomwebsite&key=oHhwWp17SzK9d77UJcnVMG6YGEAxxpjGr7K6x5VF48gmm8VMhYItfTYw%2FjtC1pWsKWOhDAZdafL%2FVTfPQ5yx5hgr%2FsUG8MiD%2BfRBLLZR2ms%3D&cbid=7010&dataset=MQ_Fundamentals&fsmlParams=key%3DXPL&json=true
https://data2-widgets.dataservices.theice.com/fsml?requestType=content&username=nysecomwebsite&key=oHhwWp17SzK9d77UJcnVMG6YGEAxxpjGr7K6x5VF48gmm8VMhYItfTYw%2FjtC1pWsKWOhDAZdafL%2FVTfPQ5yx5hgr%2FsUG8MiD%2BfRBLLZR2ms%3D&cbid=7010&dataset=MQ_Fundamentals&fsmlParams=key%3DNBO&json=true
https://data2-widgets.dataservices.theice.com/fsml?requestType=content&username=nysecomwebsite&key=oHhwWp17SzK9d77UJcnVMG6YGEAxxpjGr7K6x5VF48gmm8VMhYItfTYw%2FjtC1pWsKWOhDAZdafL%2FVTfPQ5yx5hgr%2FsUG8MiD%2BfRBLLZR2ms%3D&cbid=7010&dataset=MQ_Fundamentals&fsmlParams=key%3DMPU&json=true
https://data2-widgets.dataservices.theice.com/fsml?requestType=content&username=nysecomwebsite&key=oHhwWp17SzK9d77UJcnVMG6YGEAxxpjGr7K6x5VF48gmm8VMhYItfTYw%2FjtC1pWsKWOhDAZdafL%2FVTfPQ5yx5hgr%2FsUG8MiD%2BfRBLLZR2ms%3D&cbid=7010&dataset=MQ_Fundamentals&fsmlParams=key%3DFGH&json=true
https://data2-widgets.dataservices.theice.com/fsml?requestType=content&username=nysecomwebsite&key=oHhwWp17SzK9d77UJcnVMG6YGEAxxpjGr7K6x5VF48gmm8VMhYItfTYw%2FjtC1pWsKWOhDAZdafL%2FVTfPQ5yx5hgr%2FsUG8MiD%2BfRBLLZR2ms%3D&cbid=7010&dataset=MQ_Fundamentals&fsmlParams=key%3DAULT&json=true
https://data2-widgets.dataservices.theice.com/fsml?requestType=content&username=nysecomwebsite&key=oHhwWp17SzK9d77UJcnVMG6YGEAxxpjGr7K6x5VF48gmm8VMhYItfTYw%2FjtC1pWsKWOhDAZdafL%2FVTfPQ5yx5hgr%2FsUG8MiD%2BfRBLLZR2ms%3D&cbid=7010&dataset=MQ_Fundamentals&fsmlParams=key%3DJOB&json=true
https://data2-widgets.dataservices.theice.com/fsml?requestType=content&username=nysecomwebsite&key=oHhwWp17SzK9d77UJcnVMG6YGEAxxpjGr7K6x5VF48gmm8VMhYItfTYw%2FjtC1pWsKWOhDAZdafL%2FVTfPQ5yx5hgr%2FsUG8MiD%2BfRBLLZR2ms%3D&cbid=7010&dataset=MQ_Fundamentals&fsmlParams=key%3DWWR&json=true
https://data2-widgets.dataservices.theice.com/fsml?requestType=content&username=nysecomwebsite&key=oHhwWp17SzK9d77UJcnVMG6YGEAxxpjGr7K6x5VF48gmm8VMhYItfTYw%2FjtC1pWsKWOhDAZdafL%2FVTfPQ5yx5hgr%2FsUG8MiD%2BfRBLLZR2ms%3D&cbid=7010&dataset=MQ_Fundamentals&fsmlParams=key%3DINUV&json=true
https://data2-widgets.dataservices.theice.com/fsml?requestType=content&username=nysecomwebsite&key=oHhwWp17SzK9d77UJcnVMG6YGEAxxpjGr7K6x5VF48gmm8VMhYItfTYw%2FjtC1pWsKWOhDAZdafL%2FVTfPQ5yx5hgr%2FsUG8MiD%2BfRBLLZR2ms%3D&cbid=7010&dataset=MQ_Fundamentals&fsmlParams=key%3DCTM&json=true
https://data2-widgets.dataservices.theice.com/fsml?requestType=content&username=nysecomwebsite&key=oHhwWp17SzK9d77UJcnVMG6YGEAxxpjGr7K6x5VF48gmm8VMhYItfTYw%2FjtC1pWsKWOhDAZdafL%2FVTfPQ5yx5hgr%2FsUG8MiD%2BfRBLLZR2ms%3D&cbid=7010&dataset=MQ_Fundamentals&fsmlParams=key%3DITRG&json=true
https://data2-widgets.dataservices.theice.com/fsml?requestType=content&username=nysecomwebsite&key=oHhwWp17SzK9d77UJcnVMG6YGEAxxpjGr7K6x5VF48gmm8VMhYItfTYw%2FjtC1pWsKWOhDAZdafL%2FVTfPQ5yx5hgr%2FsUG8MiD%2BfRBLLZR2ms%3D&cbid=7010&dataset=MQ_Fundamentals&fsmlParams=key%3DMLSS&json=true
https://data2-widgets.dataservices.theice.com/fsml?requestType=content&username=nysecomwebsite&key=oHhwWp17SzK9d77UJcnVMG6YGEAxxpjGr7K6x5VF48gmm8VMhYItfTYw%2FjtC1pWsKWOhDAZdafL%2FVTfPQ5yx5hgr%2FsUG8MiD%2BfRBLLZR2ms%3D&cbid=7010&dataset=MQ_Fundamentals&fsmlParams=key%3DZDGE&json=true
https://data2-widgets.dataservices.theice.com/fsml?requestType=content&username=nysecomwebsite&key=oHhwWp17SzK9d77UJcnVMG6YGEAxxpjGr7K6x5VF48gmm8VMhYItfTYw%2FjtC1pWsKWOhDAZdafL%2FVTfPQ5yx5hgr%2FsUG8MiD%2BfRBLLZR2ms%3D&cbid=7010&dataset=MQ_Fundamentals&fsmlParams=key%3DUAMY&json=true
https://data2-widgets.dataservices.theice.com/fsml?requestType=content&username=nysecomwebsite&key=oHhwWp17SzK9d77UJcnVMG6YGEAxxpjGr7K6x5VF48gmm8VMhYItfTYw%2FjtC1pWsKWOhDAZdafL%2FVTfPQ5yx5hgr%2FsUG8MiD%2BfRBLLZR2ms%3D&cbid=7010&dataset=MQ_Fundamentals&fsmlParams=key%3DBMTX&json=true
https://data2-widgets.dataservices.theice.com/fsml?requestType=content&username=nysecomwebsite&key=oHhwWp17SzK9d77UJcnVMG6YGEAxxpjGr7K6x5VF48gmm8VMhYItfTYw%2FjtC1pWsKWOhDAZdafL%2FVTfPQ5yx5hgr%2FsUG8MiD%2BfRBLLZR2ms%3D&cbid=7010&dataset=MQ_Fundamentals&fsmlParams=key%3DWTT&json=true
https://data2-widgets.dataservices.theice.com/fsml?requestType=content&username=nysecomwebsite&key=oHhwWp17SzK9d77UJcnVMG6YGEAxxpjGr7K6x5VF48gmm8VMhYItfTYw%2FjtC1pWsKWOhDAZdafL%2FVTfPQ5yx5hgr%2FsUG8MiD%2BfRBLLZR2ms%3D&cbid=7010&dataset=MQ_Fundamentals&fsmlParams=key%3DAINC&json=true
https://data2-widgets.dataservices.theice.com/fsml?requestType=content&username=nysecomwebsite&key=oHhwWp17SzK9d77UJcnVMG6YGEAxxpjGr7K6x5VF48gmm8VMhYItfTYw%2FjtC1pWsKWOhDAZdafL%2FVTfPQ5yx5hgr%2FsUG8MiD%2BfRBLLZR2ms%3D&cbid=7010&dataset=MQ_Fundamentals&fsmlParams=key%3DPLAG&json=true
https://data2-widgets.dataservices.theice.com/fsml?requestType=content&username=nysecomwebsite&key=oHhwWp17SzK9d77UJcnVMG6YGEAxxpjGr7K6x5VF48gmm8VMhYItfTYw%2FjtC1pWsKWOhDAZdafL%2FVTfPQ5yx5hgr%2FsUG8MiD%2BfRBLLZR2ms%3D&cbid=7010&dataset=MQ_Fundamentals&fsmlParams=key%3DFSI&json=true
https://data2-widgets.dataservices.theice.com/fsml?requestType=content&username=nysecomwebsite&key=oHhwWp17SzK9d77UJcnVMG6YGEAxxpjGr7K6x5VF48gmm8VMhYItfTYw%2FjtC1pWsKWOhDAZdafL%2FVTfPQ5yx5hgr%2FsUG8MiD%2BfRBLLZR2ms%3D&cbid=7010&dataset=MQ_Fundamentals&fsmlParams=key%3DUAVS&json=true
https://data2-widgets.dataservices.theice.com/fsml?requestType=content&username=nysecomwebsite&key=oHhwWp17SzK9d77UJcnVMG6YGEAxxpjGr7K6x5VF48gmm8VMhYItfTYw%2FjtC1pWsKWOhDAZdafL%2FVTfPQ5yx5hgr%2FsUG8MiD%2BfRBLLZR2ms%3D&cbid=7010&dataset=MQ_Fundamentals&fsmlParams=key%3DAUMN&json=true
https://data2-widgets.dataservices.theice.com/fsml?requestType=content&username=nysecomwebsite&key=oHhwWp17SzK9d77UJcnVMG6YGEAxxpjGr7K6x5VF48gmm8VMhYItfTYw%2FjtC1pWsKWOhDAZdafL%2FVTfPQ5yx5hgr%2FsUG8MiD%2BfRBLLZR2ms%3D&cbid=7010&dataset=MQ_Fundamentals&fsmlParams=key%3DHUSA&json=true
https://data2-widgets.dataservices.theice.com/fsml?requestType=content&username=nysecomwebsite&key=oHhwWp17SzK9d77UJcnVMG6YGEAxxpjGr7K6x5VF48gmm8VMhYItfTYw%2FjtC1pWsKWOhDAZdafL%2FVTfPQ5yx5hgr%2FsUG8MiD%2BfRBLLZR2ms%3D&cbid=7010&dataset=MQ_Fundamentals&fsmlParams=key%3DCCEL&json=true
https://data2-widgets.dataservices.theice.com/fsml?requestType=content&username=nysecomwebsite&key=oHhwWp17SzK9d77UJcnVMG6YGEAxxpjGr7K6x5VF48gmm8VMhYItfTYw%2FjtC1pWsKWOhDAZdafL%2FVTfPQ5yx5hgr%2FsUG8MiD%2BfRBLLZR2ms%3D&cbid=7010&dataset=MQ_Fundamentals&fsmlParams=key%3DGRF&json=true
https://data2-widgets.dataservices.theice.com/fsml?requestType=content&username=nysecomwebsite&key=oHhwWp17SzK9d77UJcnVMG6YGEAxxpjGr7K6x5VF48gmm8VMhYItfTYw%2FjtC1pWsKWOhDAZdafL%2FVTfPQ5yx5hgr%2FsUG8MiD%2BfRBLLZR2ms%3D&cbid=7010&dataset=MQ_Fundamentals&fsmlParams=key%3DTPHS&json=true
https://data2-widgets.dataservices.theice.com/fsml?requestType=content&username=nysecomwebsite&key=oHhwWp17SzK9d77UJcnVMG6YGEAxxpjGr7K6x5VF48gmm8VMhYItfTYw%2FjtC1pWsKWOhDAZdafL%2FVTfPQ5yx5hgr%2FsUG8MiD%2BfRBLLZR2ms%3D&cbid=7010&dataset=MQ_Fundamentals&fsmlParams=key%3DDSS&json=true
https://data2-widgets.dataservices.theice.com/fsml?requestType=content&username=nysecomwebsite&key=oHhwWp17SzK9d77UJcnVMG6YGEAxxpjGr7K6x5VF48gmm8VMhYItfTYw%2FjtC1pWsKWOhDAZdafL%2FVTfPQ5yx5hgr%2FsUG8MiD%2BfRBLLZR2ms%3D&cbid=7010&dataset=MQ_Fundamentals&fsmlParams=key%3DOPTT&json=true
https://data2-widgets.dataservices.theice.com/fsml?requestType=content&username=nysecomwebsite&key=oHhwWp17SzK9d77UJcnVMG6YGEAxxpjGr7K6x5VF48gmm8VMhYItfTYw%2FjtC1pWsKWOhDAZdafL%2FVTfPQ5yx5hgr%2FsUG8MiD%2BfRBLLZR2ms%3D&cbid=7010&dataset=MQ_Fundamentals&fsmlParams=key%3DCEI&json=true
https://data2-widgets.dataservices.theice.com/fsml?requestType=content&username=nysecomwebsite&key=oHhwWp17SzK9d77UJcnVMG6YGEAxxpjGr7K6x5VF48gmm8VMhYItfTYw%2FjtC1pWsKWOhDAZdafL%2FVTfPQ5yx5hgr%2FsUG8MiD%2BfRBLLZR2ms%3D&cbid=7010&dataset=MQ_Fundamentals&fsmlParams=key%3DPTN&json=true
https://data2-widgets.dataservices.theice.com/fsml?requestType=content&username=nysecomwebsite&key=oHhwWp17SzK9d77UJcnVMG6YGEAxxpjGr7K6x5VF48gmm8VMhYItfTYw%2FjtC1pWsKWOhDAZdafL%2FVTfPQ5yx5hgr%2FsUG8MiD%2BfRBLLZR2ms%3D&cbid=7010&dataset=MQ_Fundamentals&fsmlParams=key%3DSDPI&json=true
https://data2-widgets.dataservices.theice.com/fsml?requestType=content&username=nysecomwebsite&key=oHhwWp17SzK9d77UJcnVMG6YGEAxxpjGr7K6x5VF48gmm8VMhYItfTYw%2FjtC1pWsKWOhDAZdafL%2FVTfPQ5yx5hgr%2FsUG8MiD%2BfRBLLZR2ms%3D&cbid=7010&dataset=MQ_Fundamentals&fsmlParams=key%3DAAU&json=true
https://data2-widgets.dataservices.theice.com/fsml?requestType=content&username=nysecomwebsite&key=oHhwWp17SzK9d77UJcnVMG6YGEAxxpjGr7K6x5VF48gmm8VMhYItfTYw%2FjtC1pWsKWOhDAZdafL%2FVTfPQ5yx5hgr%2FsUG8MiD%2BfRBLLZR2ms%3D&cbid=7010&dataset=MQ_Fundamentals&fsmlParams=key%3DMPTI&json=true
https://data2-widgets.dataservices.theice.com/fsml?requestType=content&username=nysecomwebsite&key=oHhwWp17SzK9d77UJcnVMG6YGEAxxpjGr7K6x5VF48gmm8VMhYItfTYw%2FjtC1pWsKWOhDAZdafL%2FVTfPQ5yx5hgr%2FsUG8MiD%2BfRBLLZR2ms%3D&cbid=7010&dataset=MQ_Fundamentals&fsmlParams=key%3DTKAT&json=true
https://data2-widgets.dataservices.theice.com/fsml?requestType=content&username=nysecomwebsite&key=oHhwWp17SzK9d77UJcnVMG6YGEAxxpjGr7K6x5VF48gmm8VMhYItfTYw%2FjtC1pWsKWOhDAZdafL%2FVTfPQ5yx5hgr%2FsUG8MiD%2BfRBLLZR2ms%3D&cbid=7010&dataset=MQ_Fundamentals&fsmlParams=key%3DCVR&json=true
https://data2-widgets.dataservices.theice.com/fsml?requestType=content&username=nysecomwebsite&key=oHhwWp17SzK9d77UJcnVMG6YGEAxxpjGr7K6x5VF48gmm8VMhYItfTYw%2FjtC1pWsKWOhDAZdafL%2FVTfPQ5yx5hgr%2FsUG8MiD%2BfRBLLZR2ms%3D&cbid=7010&dataset=MQ_Fundamentals&fsmlParams=key%3DWLMS&json=true
https://data2-widgets.dataservices.theice.com/fsml?requestType=content&username=nysecomwebsite&key=oHhwWp17SzK9d77UJcnVMG6YGEAxxpjGr7K6x5VF48gmm8VMhYItfTYw%2FjtC1pWsKWOhDAZdafL%2FVTfPQ5yx5hgr%2FsUG8MiD%2BfRBLLZR2ms%3D&cbid=7010&dataset=MQ_Fundamentals&fsmlParams=key%3DMXC&json=true
https://data2-widgets.dataservices.theice.com/fsml?requestType=content&username=nysecomwebsite&key=oHhwWp17SzK9d77UJcnVMG6YGEAxxpjGr7K6x5VF48gmm8VMhYItfTYw%2FjtC1pWsKWOhDAZdafL%2FVTfPQ5yx5hgr%2FsUG8MiD%2BfRBLLZR2ms%3D&cbid=7010&dataset=MQ_Fundamentals&fsmlParams=key%3DSVT&json=true
https://data2-widgets.dataservices.theice.com/fsml?requestType=content&username=nysecomwebsite&key=oHhwWp17SzK9d77UJcnVMG6YGEAxxpjGr7K6x5VF48gmm8VMhYItfTYw%2FjtC1pWsKWOhDAZdafL%2FVTfPQ5yx5hgr%2FsUG8MiD%2BfRBLLZR2ms%3D&cbid=7010&dataset=MQ_Fundamentals&fsmlParams=key%3DLODE&json=true
https://data2-widgets.dataservices.theice.com/fsml?requestType=content&username=nysecomwebsite&key=oHhwWp17SzK9d77UJcnVMG6YGEAxxpjGr7K6x5VF48gmm8VMhYItfTYw%2FjtC1pWsKWOhDAZdafL%2FVTfPQ5yx5hgr%2FsUG8MiD%2BfRBLLZR2ms%3D&cbid=7010&dataset=MQ_Fundamentals&fsmlParams=key%3DBRN&json=true
https://data2-widgets.dataservices.theice.com/fsml?requestType=content&username=nysecomwebsite&key=oHhwWp17SzK9d77UJcnVMG6YGEAxxpjGr7K6x5VF48gmm8VMhYItfTYw%2FjtC1pWsKWOhDAZdafL%2FVTfPQ5yx5hgr%2FsUG8MiD%2BfRBLLZR2ms%3D&cbid=7010&dataset=MQ_Fundamentals&fsmlParams=key%3DLGL&json=true
https://data2-widgets.dataservices.theice.com/fsml?requestType=content&username=nysecomwebsite&key=oHhwWp17SzK9d77UJcnVMG6YGEAxxpjGr7K6x5VF48gmm8VMhYItfTYw%2FjtC1pWsKWOhDAZdafL%2FVTfPQ5yx5hgr%2FsUG8MiD%2BfRBLLZR2ms%3D&cbid=7010&dataset=MQ_Fundamentals&fsmlParams=key%3DNHWK&json=true
https://data2-widgets.dataservices.theice.com/fsml?requestType=content&username=nysecomwebsite&key=oHhwWp17SzK9d77UJcnVMG6YGEAxxpjGr7K6x5VF48gmm8VMhYItfTYw%2FjtC1pWsKWOhDAZdafL%2FVTfPQ5yx5hgr%2FsUG8MiD%2BfRBLLZR2ms%3D&cbid=7010&dataset=MQ_Fundamentals&fsmlParams=key%3DAGE&json=true
https://data2-widgets.dataservices.theice.com/fsml?requestType=content&username=nysecomwebsite&key=oHhwWp17SzK9d77UJcnVMG6YGEAxxpjGr7K6x5VF48gmm8VMhYItfTYw%2FjtC1pWsKWOhDAZdafL%2FVTfPQ5yx5hgr%2FsUG8MiD%2BfRBLLZR2ms%3D&cbid=7010&dataset=MQ_Fundamentals&fsmlParams=key%3DSIF&json=true
https://data2-widgets.dataservices.theice.com/fsml?requestType=content&username=nysecomwebsite&key=oHhwWp17SzK9d77UJcnVMG6YGEAxxpjGr7K6x5VF48gmm8VMhYItfTYw%2FjtC1pWsKWOhDAZdafL%2FVTfPQ5yx5hgr%2FsUG8MiD%2BfRBLLZR2ms%3D&cbid=7010&dataset=MQ_Fundamentals&fsmlParams=key%3DAMS&json=true
https://data2-widgets.dataservices.theice.com/fsml?requestType=content&username=nysecomwebsite&key=oHhwWp17SzK9d77UJcnVMG6YGEAxxpjGr7K6x5VF48gmm8VMhYItfTYw%2FjtC1pWsKWOhDAZdafL%2FVTfPQ5yx5hgr%2FsUG8MiD%2BfRBLLZR2ms%3D&cbid=7010&dataset=MQ_Fundamentals&fsmlParams=key%3DAIM&json=true
https://data2-widgets.dataservices.theice.com/fsml?requestType=content&username=nysecomwebsite&key=oHhwWp17SzK9d77UJcnVMG6YGEAxxpjGr7K6x5VF48gmm8VMhYItfTYw%2FjtC1pWsKWOhDAZdafL%2FVTfPQ5yx5hgr%2FsUG8MiD%2BfRBLLZR2ms%3D&cbid=7010&dataset=MQ_Fundamentals&fsmlParams=key%3DBTTR&json=true
https://data2-widgets.dataservices.theice.com/fsml?requestType=content&username=nysecomwebsite&key=oHhwWp17SzK9d77UJcnVMG6YGEAxxpjGr7K6x5VF48gmm8VMhYItfTYw%2FjtC1pWsKWOhDAZdafL%2FVTfPQ5yx5hgr%2FsUG8MiD%2BfRBLLZR2ms%3D&cbid=7010&dataset=MQ_Fundamentals&fsmlParams=key%3DIGC&json=true
https://data2-widgets.dataservices.theice.com/fsml?requestType=content&username=nysecomwebsite&key=oHhwWp17SzK9d77UJcnVMG6YGEAxxpjGr7K6x5VF48gmm8VMhYItfTYw%2FjtC1pWsKWOhDAZdafL%2FVTfPQ5yx5hgr%2FsUG8MiD%2BfRBLLZR2ms%3D&cbid=7010&dataset=MQ_Fundamentals&fsmlParams=key%3DCKX&json=true
https://data2-widgets.dataservices.theice.com/fsml?requestType=content&username=nysecomwebsite&key=oHhwWp17SzK9d77UJcnVMG6YGEAxxpjGr7K6x5VF48gmm8VMhYItfTYw%2FjtC1pWsKWOhDAZdafL%2FVTfPQ5yx5hgr%2FsUG8MiD%2BfRBLLZR2ms%3D&cbid=7010&dataset=MQ_Fundamentals&fsmlParams=key%3DTRT&json=true
https://data2-widgets.dataservices.theice.com/fsml?requestType=content&username=nysecomwebsite&key=oHhwWp17SzK9d77UJcnVMG6YGEAxxpjGr7K6x5VF48gmm8VMhYItfTYw%2FjtC1pWsKWOhDAZdafL%2FVTfPQ5yx5hgr%2FsUG8MiD%2BfRBLLZR2ms%3D&cbid=7010&dataset=MQ_Fundamentals&fsmlParams=key%3DWYY&json=true
https://data2-widgets.dataservices.theice.com/fsml?requestType=content&username=nysecomwebsite&key=oHhwWp17SzK9d77UJcnVMG6YGEAxxpjGr7K6x5VF48gmm8VMhYItfTYw%2FjtC1pWsKWOhDAZdafL%2FVTfPQ5yx5hgr%2FsUG8MiD%2BfRBLLZR2ms%3D&cbid=7010&dataset=MQ_Fundamentals&fsmlParams=key%3DYCBD&json=true
https://data2-widgets.dataservices.theice.com/fsml?requestType=content&username=nysecomwebsite&key=oHhwWp17SzK9d77UJcnVMG6YGEAxxpjGr7K6x5VF48gmm8VMhYItfTYw%2FjtC1pWsKWOhDAZdafL%2FVTfPQ5yx5hgr%2FsUG8MiD%2BfRBLLZR2ms%3D&cbid=7010&dataset=MQ_Fundamentals&fsmlParams=key%3DKIQ&json=true
https://data2-widgets.dataservices.theice.com/fsml?requestType=content&username=nysecomwebsite&key=oHhwWp17SzK9d77UJcnVMG6YGEAxxpjGr7K6x5VF48gmm8VMhYItfTYw%2FjtC1pWsKWOhDAZdafL%2FVTfPQ5yx5hgr%2FsUG8MiD%2BfRBLLZR2ms%3D&cbid=7010&dataset=MQ_Fundamentals&fsmlParams=key%3DAIRI&json=true
https://data2-widgets.dataservices.theice.com/fsml?requestType=content&username=nysecomwebsite&key=oHhwWp17SzK9d77UJcnVMG6YGEAxxpjGr7K6x5VF48gmm8VMhYItfTYw%2FjtC1pWsKWOhDAZdafL%2FVTfPQ5yx5hgr%2FsUG8MiD%2BfRBLLZR2ms%3D&cbid=7010&dataset=MQ_Fundamentals&fsmlParams=key%3DID&json=true
https://data2-widgets.dataservices.theice.com/fsml?requestType=content&username=nysecomwebsite&key=oHhwWp17SzK9d77UJcnVMG6YGEAxxpjGr7K6x5VF48gmm8VMhYItfTYw%2FjtC1pWsKWOhDAZdafL%2FVTfPQ5yx5hgr%2FsUG8MiD%2BfRBLLZR2ms%3D&cbid=7010&dataset=MQ_Fundamentals&fsmlParams=key%3DFOXO&json=true
https://data2-widgets.dataservices.theice.com/fsml?requestType=content&username=nysecomwebsite&key=oHhwWp17SzK9d77UJcnVMG6YGEAxxpjGr7K6x5VF48gmm8VMhYItfTYw%2FjtC1pWsKWOhDAZdafL%2FVTfPQ5yx5hgr%2FsUG8MiD%2BfRBLLZR2ms%3D&cbid=7010&dataset=MQ_Fundamentals&fsmlParams=key%3DCOHN&json=true
https://data2-widgets.dataservices.theice.com/fsml?requestType=content&username=nysecomwebsite&key=oHhwWp17SzK9d77UJcnVMG6YGEAxxpjGr7K6x5VF48gmm8VMhYItfTYw%2FjtC1pWsKWOhDAZdafL%2FVTfPQ5yx5hgr%2FsUG8MiD%2BfRBLLZR2ms%3D&cbid=7010&dataset=MQ_Fundamentals&fsmlParams=key%3DPW&json=true
https://data2-widgets.dataservices.theice.com/fsml?requestType=content&username=nysecomwebsite&key=oHhwWp17SzK9d77UJcnVMG6YGEAxxpjGr7K6x5VF48gmm8VMhYItfTYw%2FjtC1pWsKWOhDAZdafL%2FVTfPQ5yx5hgr%2FsUG8MiD%2BfRBLLZR2ms%3D&cbid=7010&dataset=MQ_Fundamentals&fsmlParams=key%3DTOVX&json=true
https://data2-widgets.dataservices.theice.com/fsml?requestType=content&username=nysecomwebsite&key=oHhwWp17SzK9d77UJcnVMG6YGEAxxpjGr7K6x5VF48gmm8VMhYItfTYw%2FjtC1pWsKWOhDAZdafL%2FVTfPQ5yx5hgr%2FsUG8MiD%2BfRBLLZR2ms%3D&cbid=7010&dataset=MQ_Fundamentals&fsmlParams=key%3DIBIO&json=true
https://data2-widgets.dataservices.theice.com/fsml?requestType=content&username=nysecomwebsite&key=oHhwWp17SzK9d77UJcnVMG6YGEAxxpjGr7K6x5VF48gmm8VMhYItfTYw%2FjtC1pWsKWOhDAZdafL%2FVTfPQ5yx5hgr%2FsUG8MiD%2BfRBLLZR2ms%3D&cbid=7010&dataset=MQ_Fundamentals&fsmlParams=key%3DIHT&json=true
https://data2-widgets.dataservices.theice.com/fsml?requestType=content&username=nysecomwebsite&key=oHhwWp17SzK9d77UJcnVMG6YGEAxxpjGr7K6x5VF48gmm8VMhYItfTYw%2FjtC1pWsKWOhDAZdafL%2FVTfPQ5yx5hgr%2FsUG8MiD%2BfRBLLZR2ms%3D&cbid=7010&dataset=MQ_Fundamentals&fsmlParams=key%3DNNVC&json=true
https://data2-widgets.dataservices.theice.com/fsml?requestType=content&username=nysecomwebsite&key=oHhwWp17SzK9d77UJcnVMG6YGEAxxpjGr7K6x5VF48gmm8VMhYItfTYw%2FjtC1pWsKWOhDAZdafL%2FVTfPQ5yx5hgr%2FsUG8MiD%2BfRBLLZR2ms%3D&cbid=7010&dataset=MQ_Fundamentals&fsmlParams=key%3DPZG&json=true
https://data2-widgets.dataservices.theice.com/fsml?requestType=content&username=nysecomwebsite&key=oHhwWp17SzK9d77UJcnVMG6YGEAxxpjGr7K6x5VF48gmm8VMhYItfTYw%2FjtC1pWsKWOhDAZdafL%2FVTfPQ5yx5hgr%2FsUG8MiD%2BfRBLLZR2ms%3D&cbid=7010&dataset=MQ_Fundamentals&fsmlParams=key%3DMITQ&json=true
https://data2-widgets.dataservices.theice.com/fsml?requestType=content&username=nysecomwebsite&key=oHhwWp17SzK9d77UJcnVMG6YGEAxxpjGr7K6x5VF48gmm8VMhYItfTYw%2FjtC1pWsKWOhDAZdafL%2FVTfPQ5yx5hgr%2FsUG8MiD%2BfRBLLZR2ms%3D&cbid=7010&dataset=MQ_Fundamentals&fsmlParams=key%3DIDW&json=true
https://data2-widgets.dataservices.theice.com/fsml?requestType=content&username=nysecomwebsite&key=oHhwWp17SzK9d77UJcnVMG6YGEAxxpjGr7K6x5VF48gmm8VMhYItfTYw%2FjtC1pWsKWOhDAZdafL%2FVTfPQ5yx5hgr%2FsUG8MiD%2BfRBLLZR2ms%3D&cbid=7010&dataset=MQ_Fundamentals&fsmlParams=key%3DIMH&json=true
https://data2-widgets.dataservices.theice.com/fsml?requestType=content&username=nysecomwebsite&key=oHhwWp17SzK9d77UJcnVMG6YGEAxxpjGr7K6x5VF48gmm8VMhYItfTYw%2FjtC1pWsKWOhDAZdafL%2FVTfPQ5yx5hgr%2FsUG8MiD%2BfRBLLZR2ms%3D&cbid=7010&dataset=MQ_Fundamentals&fsmlParams=key%3DVINE&json=true
https://data2-widgets.dataservices.theice.com/fsml?requestType=content&username=nysecomwebsite&key=oHhwWp17SzK9d77UJcnVMG6YGEAxxpjGr7K6x5VF48gmm8VMhYItfTYw%2FjtC1pWsKWOhDAZdafL%2FVTfPQ5yx5hgr%2FsUG8MiD%2BfRBLLZR2ms%3D&cbid=7010&dataset=MQ_Fundamentals&fsmlParams=key%3DMYO&json=true
https://data2-widgets.dataservices.theice.com/fsml?requestType=content&username=nysecomwebsite&key=oHhwWp17SzK9d77UJcnVMG6YGEAxxpjGr7K6x5VF48gmm8VMhYItfTYw%2FjtC1pWsKWOhDAZdafL%2FVTfPQ5yx5hgr%2FsUG8MiD%2BfRBLLZR2ms%3D&cbid=7010&dataset=MQ_Fundamentals&fsmlParams=key%3DMSN&json=true
https://data2-widgets.dataservices.theice.com/fsml?requestType=content&username=nysecomwebsite&key=oHhwWp17SzK9d77UJcnVMG6YGEAxxpjGr7K6x5VF48gmm8VMhYItfTYw%2FjtC1pWsKWOhDAZdafL%2FVTfPQ5yx5hgr%2FsUG8MiD%2BfRBLLZR2ms%3D&cbid=7010&dataset=MQ_Fundamentals&fsmlParams=key%3DRCG&json=true
https://data2-widgets.dataservices.theice.com/fsml?requestType=content&username=nysecomwebsite&key=oHhwWp17SzK9d77UJcnVMG6YGEAxxpjGr7K6x5VF48gmm8VMhYItfTYw%2FjtC1pWsKWOhDAZdafL%2FVTfPQ5yx5hgr%2FsUG8MiD%2BfRBLLZR2ms%3D&cbid=7010&dataset=MQ_Fundamentals&fsmlParams=key%3DAUST&json=true
https://data2-widgets.dataservices.theice.com/fsml?requestType=content&username=nysecomwebsite&key=oHhwWp17SzK9d77UJcnVMG6YGEAxxpjGr7K6x5VF48gmm8VMhYItfTYw%2FjtC1pWsKWOhDAZdafL%2FVTfPQ5yx5hgr%2FsUG8MiD%2BfRBLLZR2ms%3D&cbid=7010&dataset=MQ_Fundamentals&fsmlParams=key%3DPHGE&json=true
https://data2-widgets.dataservices.theice.com/fsml?requestType=content&username=nysecomwebsite&key=oHhwWp17SzK9d77UJcnVMG6YGEAxxpjGr7K6x5VF48gmm8VMhYItfTYw%2FjtC1pWsKWOhDAZdafL%2FVTfPQ5yx5hgr%2FsUG8MiD%2BfRBLLZR2ms%3D&cbid=7010&dataset=MQ_Fundamentals&fsmlParams=key%3DAWX&json=true
https://data2-widgets.dataservices.theice.com/fsml?requestType=content&username=nysecomwebsite&key=oHhwWp17SzK9d77UJcnVMG6YGEAxxpjGr7K6x5VF48gmm8VMhYItfTYw%2FjtC1pWsKWOhDAZdafL%2FVTfPQ5yx5hgr%2FsUG8MiD%2BfRBLLZR2ms%3D&cbid=7010&dataset=MQ_Fundamentals&fsmlParams=key%3DNAVB&json=true
https://data2-widgets.dataservices.theice.com/fsml?requestType=content&username=nysecomwebsite&key=oHhwWp17SzK9d77UJcnVMG6YGEAxxpjGr7K6x5VF48gmm8VMhYItfTYw%2FjtC1pWsKWOhDAZdafL%2FVTfPQ5yx5hgr%2FsUG8MiD%2BfRBLLZR2ms%3D&cbid=7010&dataset=MQ_Fundamentals&fsmlParams=key%3DLSF&json=true
https://data2-widgets.dataservices.theice.com/fsml?requestType=content&username=nysecomwebsite&key=oHhwWp17SzK9d77UJcnVMG6YGEAxxpjGr7K6x5VF48gmm8VMhYItfTYw%2FjtC1pWsKWOhDAZdafL%2FVTfPQ5yx5hgr%2FsUG8MiD%2BfRBLLZR2ms%3D&cbid=7010&dataset=MQ_Fundamentals&fsmlParams=key%3DOGEN&json=true
https://data2-widgets.dataservices.theice.com/fsml?requestType=content&username=nysecomwebsite&key=oHhwWp17SzK9d77UJcnVMG6YGEAxxpjGr7K6x5VF48gmm8VMhYItfTYw%2FjtC1pWsKWOhDAZdafL%2FVTfPQ5yx5hgr%2FsUG8MiD%2BfRBLLZR2ms%3D&cbid=7010&dataset=MQ_Fundamentals&fsmlParams=key%3DAMBO&json=true
https://data2-widgets.dataservices.theice.com/fsml?requestType=content&username=nysecomwebsite&key=oHhwWp17SzK9d77UJcnVMG6YGEAxxpjGr7K6x5VF48gmm8VMhYItfTYw%2FjtC1pWsKWOhDAZdafL%2FVTfPQ5yx5hgr%2FsUG8MiD%2BfRBLLZR2ms%3D&cbid=7010&dataset=MQ_Fundamentals&fsmlParams=key%3DCANF&json=true
https://data2-widgets.dataservices.theice.com/fsml?requestType=content&username=nysecomwebsite&key=oHhwWp17SzK9d77UJcnVMG6YGEAxxpjGr7K6x5VF48gmm8VMhYItfTYw%2FjtC1pWsKWOhDAZdafL%2FVTfPQ5yx5hgr%2FsUG8MiD%2BfRBLLZR2ms%3D&cbid=7010&dataset=MQ_Fundamentals&fsmlParams=key%3DSSY&json=true
https://data2-widgets.dataservices.theice.com/fsml?requestType=content&username=nysecomwebsite&key=oHhwWp17SzK9d77UJcnVMG6YGEAxxpjGr7K6x5VF48gmm8VMhYItfTYw%2FjtC1pWsKWOhDAZdafL%2FVTfPQ5yx5hgr%2FsUG8MiD%2BfRBLLZR2ms%3D&cbid=7010&dataset=MQ_Fundamentals&fsmlParams=key%3DRMED&json=true
https://data2-widgets.dataservices.theice.com/fsml?requestType=content&username=nysecomwebsite&key=oHhwWp17SzK9d77UJcnVMG6YGEAxxpjGr7K6x5VF48gmm8VMhYItfTYw%2FjtC1pWsKWOhDAZdafL%2FVTfPQ5yx5hgr%2FsUG8MiD%2BfRBLLZR2ms%3D&cbid=7010&dataset=MQ_Fundamentals&fsmlParams=key%3DTMBR&json=true
https://data2-widgets.dataservices.theice.com/fsml?requestType=content&username=nysecomwebsite&key=oHhwWp17SzK9d77UJcnVMG6YGEAxxpjGr7K6x5VF48gmm8VMhYItfTYw%2FjtC1pWsKWOhDAZdafL%2FVTfPQ5yx5hgr%2FsUG8MiD%2BfRBLLZR2ms%3D&cbid=7010&dataset=MQ_Fundamentals&fsmlParams=key%3DENSV&json=true
https://data2-widgets.dataservices.theice.com/fsml?requestType=content&username=nysecomwebsite&key=oHhwWp17SzK9d77UJcnVMG6YGEAxxpjGr7K6x5VF48gmm8VMhYItfTYw%2FjtC1pWsKWOhDAZdafL%2FVTfPQ5yx5hgr%2FsUG8MiD%2BfRBLLZR2ms%3D&cbid=7010&dataset=MQ_Fundamentals&fsmlParams=key%3DEFSH&json=true
https://data2-widgets.dataservices.theice.com/fsml?requestType=content&username=nysecomwebsite&key=oHhwWp17SzK9d77UJcnVMG6YGEAxxpjGr7K6x5VF48gmm8VMhYItfTYw%2FjtC1pWsKWOhDAZdafL%2FVTfPQ5yx5hgr%2FsUG8MiD%2BfRBLLZR2ms%3D&cbid=7010&dataset=MQ_Fundamentals&fsmlParams=key%3DRHE&json=true
https://data2-widgets.dataservices.theice.com/fsml?requestType=content&username=nysecomwebsite&key=oHhwWp17SzK9d77UJcnVMG6YGEAxxpjGr7K6x5VF48gmm8VMhYItfTYw%2FjtC1pWsKWOhDAZdafL%2FVTfPQ5yx5hgr%2FsUG8MiD%2BfRBLLZR2ms%3D&cbid=7010&dataset=MQ_Fundamentals&fsmlParams=key%3DITP&json=true
https://data2-widgets.dataservices.theice.com/fsml?requestType=content&username=nysecomwebsite&key=oHhwWp17SzK9d77UJcnVMG6YGEAxxpjGr7K6x5VF48gmm8VMhYItfTYw%2FjtC1pWsKWOhDAZdafL%2FVTfPQ5yx5hgr%2FsUG8MiD%2BfRBLLZR2ms%3D&cbid=7010&dataset=MQ_Fundamentals&fsmlParams=key%3DGBR&json=true
https://data2-widgets.dataservices.theice.com/fsml?requestType=content&username=nysecomwebsite&key=oHhwWp17SzK9d77UJcnVMG6YGEAxxpjGr7K6x5VF48gmm8VMhYItfTYw%2FjtC1pWsKWOhDAZdafL%2FVTfPQ5yx5hgr%2FsUG8MiD%2BfRBLLZR2ms%3D&cbid=7010&dataset=MQ_Fundamentals&fsmlParams=key%3DUUU&json=true
https://data2-widgets.dataservices.theice.com/fsml?requestType=content&username=nysecomwebsite&key=oHhwWp17SzK9d77UJcnVMG6YGEAxxpjGr7K6x5VF48gmm8VMhYItfTYw%2FjtC1pWsKWOhDAZdafL%2FVTfPQ5yx5hgr%2FsUG8MiD%2BfRBLLZR2ms%3D&cbid=7010&dataset=MQ_Fundamentals&fsmlParams=key%3DCPHI&json=true
https://data2-widgets.dataservices.theice.com/fsml?requestType=content&username=nysecomwebsite&key=oHhwWp17SzK9d77UJcnVMG6YGEAxxpjGr7K6x5VF48gmm8VMhYItfTYw%2FjtC1pWsKWOhDAZdafL%2FVTfPQ5yx5hgr%2FsUG8MiD%2BfRBLLZR2ms%3D&cbid=7010&dataset=MQ_Fundamentals&fsmlParams=key%3DAMPE&json=true
https://data2-widgets.dataservices.theice.com/fsml?requestType=content&username=nysecomwebsite&key=oHhwWp17SzK9d77UJcnVMG6YGEAxxpjGr7K6x5VF48gmm8VMhYItfTYw%2FjtC1pWsKWOhDAZdafL%2FVTfPQ5yx5hgr%2FsUG8MiD%2BfRBLLZR2ms%3D&cbid=7010&dataset=MQ_Fundamentals&fsmlParams=key%3DNBY&json=true
https://data2-widgets.dataservices.theice.com/fsml?requestType=content&username=nysecomwebsite&key=oHhwWp17SzK9d77UJcnVMG6YGEAxxpjGr7K6x5VF48gmm8VMhYItfTYw%2FjtC1pWsKWOhDAZdafL%2FVTfPQ5yx5hgr%2FsUG8MiD%2BfRBLLZR2ms%3D&cbid=7010&dataset=MQ_Fundamentals&fsmlParams=key%3DUFAB&json=true
https://data2-widgets.dataservices.theice.com/fsml?requestType=content&username=nysecomwebsite&key=oHhwWp17SzK9d77UJcnVMG6YGEAxxpjGr7K6x5VF48gmm8VMhYItfTYw%2FjtC1pWsKWOhDAZdafL%2FVTfPQ5yx5hgr%2FsUG8MiD%2BfRBLLZR2ms%3D&cbid=7010&dataset=MQ_Fundamentals&fsmlParams=key%3DDXF&json=true
https://data2-widgets.dataservices.theice.com/fsml?requestType=content&username=nysecomwebsite&key=oHhwWp17SzK9d77UJcnVMG6YGEAxxpjGr7K6x5VF48gmm8VMhYItfTYw%2FjtC1pWsKWOhDAZdafL%2FVTfPQ5yx5hgr%2FsUG8MiD%2BfRBLLZR2ms%3D&cbid=7010&dataset=MQ_Fundamentals&fsmlParams=key%3DAULT^D&json=true
cannot find ISIN in body callback({"success":"true","content":{"retrieved":"2023-03-02T19:12:42Z","MQ_Fundamentals":{"expiry":3600,"key":"AULT^D","status":"unknown"}}}) : %!w(<nil>)
https://data2-widgets.dataservices.theice.com/fsml?requestType=content&username=nysecomwebsite&key=oHhwWp17SzK9d77UJcnVMG6YGEAxxpjGr7K6x5VF48gmm8VMhYItfTYw%2FjtC1pWsKWOhDAZdafL%2FVTfPQ5yx5hgr%2FsUG8MiD%2BfRBLLZR2ms%3D&cbid=7010&dataset=MQ_Fundamentals&fsmlParams=key%3DBCV^A&json=true
cannot find ISIN in body callback({"success":"true","content":{"retrieved":"2023-03-02T19:12:42Z","MQ_Fundamentals":{"expiry":3600,"key":"BCV^A","status":"unknown"}}}) : %!w(<nil>)
https://data2-widgets.dataservices.theice.com/fsml?requestType=content&username=nysecomwebsite&key=oHhwWp17SzK9d77UJcnVMG6YGEAxxpjGr7K6x5VF48gmm8VMhYItfTYw%2FjtC1pWsKWOhDAZdafL%2FVTfPQ5yx5hgr%2FsUG8MiD%2BfRBLLZR2ms%3D&cbid=7010&dataset=MQ_Fundamentals&fsmlParams=key%3DECF^A&json=true
cannot find ISIN in body callback({"success":"true","content":{"retrieved":"2023-03-02T19:12:42Z","MQ_Fundamentals":{"expiry":3600,"key":"ECF^A","status":"unknown"}}}) : %!w(<nil>)
https://data2-widgets.dataservices.theice.com/fsml?requestType=content&username=nysecomwebsite&key=oHhwWp17SzK9d77UJcnVMG6YGEAxxpjGr7K6x5VF48gmm8VMhYItfTYw%2FjtC1pWsKWOhDAZdafL%2FVTfPQ5yx5hgr%2FsUG8MiD%2BfRBLLZR2ms%3D&cbid=7010&dataset=MQ_Fundamentals&fsmlParams=key%3DGGN^B&json=true
cannot find ISIN in body callback({"success":"true","content":{"retrieved":"2023-03-02T19:12:42Z","MQ_Fundamentals":{"expiry":3600,"key":"GGN^B","status":"unknown"}}}) : %!w(<nil>)
https://data2-widgets.dataservices.theice.com/fsml?requestType=content&username=nysecomwebsite&key=oHhwWp17SzK9d77UJcnVMG6YGEAxxpjGr7K6x5VF48gmm8VMhYItfTYw%2FjtC1pWsKWOhDAZdafL%2FVTfPQ5yx5hgr%2FsUG8MiD%2BfRBLLZR2ms%3D&cbid=7010&dataset=MQ_Fundamentals&fsmlParams=key%3DGLU^B&json=true
cannot find ISIN in body callback({"success":"true","content":{"retrieved":"2023-03-02T19:12:43Z","MQ_Fundamentals":{"expiry":3600,"key":"GLU^B","status":"unknown"}}}) : %!w(<nil>)
https://data2-widgets.dataservices.theice.com/fsml?requestType=content&username=nysecomwebsite&key=oHhwWp17SzK9d77UJcnVMG6YGEAxxpjGr7K6x5VF48gmm8VMhYItfTYw%2FjtC1pWsKWOhDAZdafL%2FVTfPQ5yx5hgr%2FsUG8MiD%2BfRBLLZR2ms%3D&cbid=7010&dataset=MQ_Fundamentals&fsmlParams=key%3DHWM^&json=true
cannot find ISIN in body callback({"success":"true","content":{"retrieved":"2023-03-02T19:12:43Z","MQ_Fundamentals":{"expiry":3600,"key":"HWM^","status":"unknown"}}}) : %!w(<nil>)
https://data2-widgets.dataservices.theice.com/fsml?requestType=content&username=nysecomwebsite&key=oHhwWp17SzK9d77UJcnVMG6YGEAxxpjGr7K6x5VF48gmm8VMhYItfTYw%2FjtC1pWsKWOhDAZdafL%2FVTfPQ5yx5hgr%2FsUG8MiD%2BfRBLLZR2ms%3D&cbid=7010&dataset=MQ_Fundamentals&fsmlParams=key%3DINLX&json=true
https://data2-widgets.dataservices.theice.com/fsml?requestType=content&username=nysecomwebsite&key=oHhwWp17SzK9d77UJcnVMG6YGEAxxpjGr7K6x5VF48gmm8VMhYItfTYw%2FjtC1pWsKWOhDAZdafL%2FVTfPQ5yx5hgr%2FsUG8MiD%2BfRBLLZR2ms%3D&cbid=7010&dataset=MQ_Fundamentals&fsmlParams=key%3DPCG^A&json=true
cannot find ISIN in body callback({"success":"true","content":{"retrieved":"2023-03-02T19:12:43Z","MQ_Fundamentals":{"expiry":3600,"key":"PCG^A","status":"unknown"}}}) : %!w(<nil>)
https://data2-widgets.dataservices.theice.com/fsml?requestType=content&username=nysecomwebsite&key=oHhwWp17SzK9d77UJcnVMG6YGEAxxpjGr7K6x5VF48gmm8VMhYItfTYw%2FjtC1pWsKWOhDAZdafL%2FVTfPQ5yx5hgr%2FsUG8MiD%2BfRBLLZR2ms%3D&cbid=7010&dataset=MQ_Fundamentals&fsmlParams=key%3DPCG^B&json=true
cannot find ISIN in body callback({"success":"true","content":{"retrieved":"2023-03-02T19:12:43Z","MQ_Fundamentals":{"expiry":3600,"key":"PCG^B","status":"unknown"}}}) : %!w(<nil>)
https://data2-widgets.dataservices.theice.com/fsml?requestType=content&username=nysecomwebsite&key=oHhwWp17SzK9d77UJcnVMG6YGEAxxpjGr7K6x5VF48gmm8VMhYItfTYw%2FjtC1pWsKWOhDAZdafL%2FVTfPQ5yx5hgr%2FsUG8MiD%2BfRBLLZR2ms%3D&cbid=7010&dataset=MQ_Fundamentals&fsmlParams=key%3DPCG^C&json=true
cannot find ISIN in body callback({"success":"true","content":{"retrieved":"2023-03-02T19:12:43Z","MQ_Fundamentals":{"expiry":3600,"key":"PCG^C","status":"unknown"}}}) : %!w(<nil>)
https://data2-widgets.dataservices.theice.com/fsml?requestType=content&username=nysecomwebsite&key=oHhwWp17SzK9d77UJcnVMG6YGEAxxpjGr7K6x5VF48gmm8VMhYItfTYw%2FjtC1pWsKWOhDAZdafL%2FVTfPQ5yx5hgr%2FsUG8MiD%2BfRBLLZR2ms%3D&cbid=7010&dataset=MQ_Fundamentals&fsmlParams=key%3DPCG^D&json=true
cannot find ISIN in body callback({"success":"true","content":{"retrieved":"2023-03-02T19:12:44Z","MQ_Fundamentals":{"expiry":3600,"key":"PCG^D","status":"unknown"}}}) : %!w(<nil>)
https://data2-widgets.dataservices.theice.com/fsml?requestType=content&username=nysecomwebsite&key=oHhwWp17SzK9d77UJcnVMG6YGEAxxpjGr7K6x5VF48gmm8VMhYItfTYw%2FjtC1pWsKWOhDAZdafL%2FVTfPQ5yx5hgr%2FsUG8MiD%2BfRBLLZR2ms%3D&cbid=7010&dataset=MQ_Fundamentals&fsmlParams=key%3DPCG^E&json=true
cannot find ISIN in body callback({"success":"true","content":{"retrieved":"2023-03-02T19:12:44Z","MQ_Fundamentals":{"expiry":3600,"key":"PCG^E","status":"unknown"}}}) : %!w(<nil>)
https://data2-widgets.dataservices.theice.com/fsml?requestType=content&username=nysecomwebsite&key=oHhwWp17SzK9d77UJcnVMG6YGEAxxpjGr7K6x5VF48gmm8VMhYItfTYw%2FjtC1pWsKWOhDAZdafL%2FVTfPQ5yx5hgr%2FsUG8MiD%2BfRBLLZR2ms%3D&cbid=7010&dataset=MQ_Fundamentals&fsmlParams=key%3DPCG^G&json=true
cannot find ISIN in body callback({"success":"true","content":{"retrieved":"2023-03-02T19:12:44Z","MQ_Fundamentals":{"expiry":3600,"key":"PCG^G","status":"unknown"}}}) : %!w(<nil>)
https://data2-widgets.dataservices.theice.com/fsml?requestType=content&username=nysecomwebsite&key=oHhwWp17SzK9d77UJcnVMG6YGEAxxpjGr7K6x5VF48gmm8VMhYItfTYw%2FjtC1pWsKWOhDAZdafL%2FVTfPQ5yx5hgr%2FsUG8MiD%2BfRBLLZR2ms%3D&cbid=7010&dataset=MQ_Fundamentals&fsmlParams=key%3DPCG^H&json=true
cannot find ISIN in body callback({"success":"true","content":{"retrieved":"2023-03-02T19:12:44Z","MQ_Fundamentals":{"expiry":3600,"key":"PCG^H","status":"unknown"}}}) : %!w(<nil>)
https://data2-widgets.dataservices.theice.com/fsml?requestType=content&username=nysecomwebsite&key=oHhwWp17SzK9d77UJcnVMG6YGEAxxpjGr7K6x5VF48gmm8VMhYItfTYw%2FjtC1pWsKWOhDAZdafL%2FVTfPQ5yx5hgr%2FsUG8MiD%2BfRBLLZR2ms%3D&cbid=7010&dataset=MQ_Fundamentals&fsmlParams=key%3DPCG^I&json=true
cannot find ISIN in body callback({"success":"true","content":{"retrieved":"2023-03-02T19:12:44Z","MQ_Fundamentals":{"expiry":3600,"key":"PCG^I","status":"unknown"}}}) : %!w(<nil>)
https://data2-widgets.dataservices.theice.com/fsml?requestType=content&username=nysecomwebsite&key=oHhwWp17SzK9d77UJcnVMG6YGEAxxpjGr7K6x5VF48gmm8VMhYItfTYw%2FjtC1pWsKWOhDAZdafL%2FVTfPQ5yx5hgr%2FsUG8MiD%2BfRBLLZR2ms%3D&cbid=7010&dataset=MQ_Fundamentals&fsmlParams=key%3DPLYM^A&json=true
cannot find ISIN in body callback({"success":"true","content":{"retrieved":"2023-03-02T19:12:44Z","MQ_Fundamentals":{"expiry":3600,"key":"PLYM^A","status":"unknown"}}}) : %!w(<nil>)
https://data2-widgets.dataservices.theice.com/fsml?requestType=content&username=nysecomwebsite&key=oHhwWp17SzK9d77UJcnVMG6YGEAxxpjGr7K6x5VF48gmm8VMhYItfTYw%2FjtC1pWsKWOhDAZdafL%2FVTfPQ5yx5hgr%2FsUG8MiD%2BfRBLLZR2ms%3D&cbid=7010&dataset=MQ_Fundamentals&fsmlParams=key%3DPW^A&json=true
cannot find ISIN in body callback({"success":"true","content":{"retrieved":"2023-03-02T19:12:44Z","MQ_Fundamentals":{"expiry":3600,"key":"PW^A","status":"unknown"}}}) : %!w(<nil>)
https://data2-widgets.dataservices.theice.com/fsml?requestType=content&username=nysecomwebsite&key=oHhwWp17SzK9d77UJcnVMG6YGEAxxpjGr7K6x5VF48gmm8VMhYItfTYw%2FjtC1pWsKWOhDAZdafL%2FVTfPQ5yx5hgr%2FsUG8MiD%2BfRBLLZR2ms%3D&cbid=7010&dataset=MQ_Fundamentals&fsmlParams=key%3DRHE^A&json=true
cannot find ISIN in body callback({"success":"true","content":{"retrieved":"2023-03-02T19:12:45Z","MQ_Fundamentals":{"expiry":3600,"key":"RHE^A","status":"unknown"}}}) : %!w(<nil>)
https://data2-widgets.dataservices.theice.com/fsml?requestType=content&username=nysecomwebsite&key=oHhwWp17SzK9d77UJcnVMG6YGEAxxpjGr7K6x5VF48gmm8VMhYItfTYw%2FjtC1pWsKWOhDAZdafL%2FVTfPQ5yx5hgr%2FsUG8MiD%2BfRBLLZR2ms%3D&cbid=7010&dataset=MQ_Fundamentals&fsmlParams=key%3DSACC&json=true
https://data2-widgets.dataservices.theice.com/fsml?requestType=content&username=nysecomwebsite&key=oHhwWp17SzK9d77UJcnVMG6YGEAxxpjGr7K6x5VF48gmm8VMhYItfTYw%2FjtC1pWsKWOhDAZdafL%2FVTfPQ5yx5hgr%2FsUG8MiD%2BfRBLLZR2ms%3D&cbid=7010&dataset=MQ_Fundamentals&fsmlParams=key%3DSACH^A&json=true
cannot find ISIN in body callback({"success":"true","content":{"retrieved":"2023-03-02T19:12:45Z","MQ_Fundamentals":{"expiry":3600,"key":"SACH^A","status":"unknown"}}}) : %!w(<nil>)
https://data2-widgets.dataservices.theice.com/fsml?requestType=content&username=nysecomwebsite&key=oHhwWp17SzK9d77UJcnVMG6YGEAxxpjGr7K6x5VF48gmm8VMhYItfTYw%2FjtC1pWsKWOhDAZdafL%2FVTfPQ5yx5hgr%2FsUG8MiD%2BfRBLLZR2ms%3D&cbid=7010&dataset=MQ_Fundamentals&fsmlParams=key%3DSCCB&json=true
https://data2-widgets.dataservices.theice.com/fsml?requestType=content&username=nysecomwebsite&key=oHhwWp17SzK9d77UJcnVMG6YGEAxxpjGr7K6x5VF48gmm8VMhYItfTYw%2FjtC1pWsKWOhDAZdafL%2FVTfPQ5yx5hgr%2FsUG8MiD%2BfRBLLZR2ms%3D&cbid=7010&dataset=MQ_Fundamentals&fsmlParams=key%3DSCCC&json=true
https://data2-widgets.dataservices.theice.com/fsml?requestType=content&username=nysecomwebsite&key=oHhwWp17SzK9d77UJcnVMG6YGEAxxpjGr7K6x5VF48gmm8VMhYItfTYw%2FjtC1pWsKWOhDAZdafL%2FVTfPQ5yx5hgr%2FsUG8MiD%2BfRBLLZR2ms%3D&cbid=7010&dataset=MQ_Fundamentals&fsmlParams=key%3DSCCD&json=true
https://data2-widgets.dataservices.theice.com/fsml?requestType=content&username=nysecomwebsite&key=oHhwWp17SzK9d77UJcnVMG6YGEAxxpjGr7K6x5VF48gmm8VMhYItfTYw%2FjtC1pWsKWOhDAZdafL%2FVTfPQ5yx5hgr%2FsUG8MiD%2BfRBLLZR2ms%3D&cbid=7010&dataset=MQ_Fundamentals&fsmlParams=key%3DSCCE&json=true
https://data2-widgets.dataservices.theice.com/fsml?requestType=content&username=nysecomwebsite&key=oHhwWp17SzK9d77UJcnVMG6YGEAxxpjGr7K6x5VF48gmm8VMhYItfTYw%2FjtC1pWsKWOhDAZdafL%2FVTfPQ5yx5hgr%2FsUG8MiD%2BfRBLLZR2ms%3D&cbid=7010&dataset=MQ_Fundamentals&fsmlParams=key%3DSCCF&json=true
https://data2-widgets.dataservices.theice.com/fsml?requestType=content&username=nysecomwebsite&key=oHhwWp17SzK9d77UJcnVMG6YGEAxxpjGr7K6x5VF48gmm8VMhYItfTYw%2FjtC1pWsKWOhDAZdafL%2FVTfPQ5yx5hgr%2FsUG8MiD%2BfRBLLZR2ms%3D&cbid=7010&dataset=MQ_Fundamentals&fsmlParams=key%3DSCCG&json=true
https://data2-widgets.dataservices.theice.com/fsml?requestType=content&username=nysecomwebsite&key=oHhwWp17SzK9d77UJcnVMG6YGEAxxpjGr7K6x5VF48gmm8VMhYItfTYw%2FjtC1pWsKWOhDAZdafL%2FVTfPQ5yx5hgr%2FsUG8MiD%2BfRBLLZR2ms%3D&cbid=7010&dataset=MQ_Fundamentals&fsmlParams=key%3DTELZ&json=true
https://data2-widgets.dataservices.theice.com/fsml?requestType=content&username=nysecomwebsite&key=oHhwWp17SzK9d77UJcnVMG6YGEAxxpjGr7K6x5VF48gmm8VMhYItfTYw%2FjtC1pWsKWOhDAZdafL%2FVTfPQ5yx5hgr%2FsUG8MiD%2BfRBLLZR2ms%3D&cbid=7010&dataset=MQ_Fundamentals&fsmlParams=key%3DYCBD^A&json=true
cannot find ISIN in body callback({"success":"true","content":{"retrieved":"2023-03-02T19:12:46Z","MQ_Fundamentals":{"expiry":3600,"key":"YCBD^A","status":"unknown"}}}) : %!w(<nil>)
finished: 2023-03-02_20-12-37
