=======================================
2023-02-26_15-29-36
=======================================
reading nasdaq-stock-amex.json
obtained access cookie: 89CE5F23985FA841981EC52AAC317DD3~000000000000000000000000000000~YAAQNPBuaG4/4ouGAQAAZiQhjhLBKa5aq+Ecn9G33RXtJ+EhpdwAuqq2ggH7MfSiixRGORmVfaRCATcU12S83OixysCuy0c8hcsywrJ7xhMWaFsq+aqCDdhC+By5+21Tt8yrNpAwF4eBNdnDPrfhNEcilhnGLEFSdI+UPY5YSzxTM3Pze/Tb2pOVUcBLgWFmAVFRWKSdv7koF70FkIRp6FTHXsgcRXYAsJXbv0BpjroZXDiAXsP/rFMi2GCtuc4JJUhxA2tYaDq3Q/gp1WhmLjppaaiuu7jjHASxWi+HceKa7+3L4zMv1KZTgslHq7rbnSyuaHZObPl5MY/t2qsKlpRAcrb5cF+ZCygVwAn2Tpn3IRpmOuDjR5OQuPTpNJmb9On//md2Xto1SOxu4e9VPt/vV8UQBjWymbeaS9YRKYo=
retrieved 295 symbols
IE: empty region,
cannot do request, retries (5 of 5): Get "https://api.nasdaq.com/api/quote/ORLA/info?assetclass=stocks": context deadline exceeded (Client.Timeout exceeded while awaiting headers)
ORLA: empty region,
UUUU: empty region,
SILV: empty region,
SLI: empty region,
cannot do request, retries (5 of 5): Get "https://api.nasdaq.com/api/quote/OBE/summary?assetclass=stocks": context deadline exceeded (Client.Timeout exceeded while awaiting headers)
OBE: empty region,
NFGC: empty region,
IAUX: empty region,
SVM: empty region,
NML: empty region,
NEWP: empty region,
ADEX: empty region,
OZ: empty region,
IPVF: empty region,
LPTV: empty region,
GROY: empty region,
WRAC: empty region,
EU: empty region,
BITE: empty region,
BRBS: empty region,
VZLA: empty region,
DC: empty company, description, region,
MTA: empty company, description, region,
GLTA: empty region,
CTGO: empty region,
GLDG: empty region,
BATL: empty region,
BURU: empty region,
ADRT: empty region,
AREN: empty region,
MNK: empty region,
TRX: empty company, description, region,
GNS: empty region,
FLAG: empty region,
SATX: empty region,
ERH: empty region,
CYBN: empty region,
USAS: empty region,
MIMO: empty region,
SKYH: empty region,
FURY: empty region,
BHM: empty region,
VHAQ: empty region,
IDR: empty region,
MGLD: empty region,
INDO: empty region,
DPSI: empty region,
KNW: empty region,
GRFX: empty region,
SBEV: empty region,
MAIA: empty region,
STRW: empty region,
CTM: empty region,
ITRG: empty region,
ZDGE: empty region,
BMTX: empty region,
TPHS: empty region,
SDPI: empty region,
MPTI: empty region,
TKAT: empty region,
WLMS: empty region,
AGE: empty region,
BTTR: empty region,
FOXO: empty region,
IDW: empty region,
VINE: empty region,
AUST: empty region,
PHGE: empty region,
LSF: empty region,
RMED: empty region,
EFSH: empty region,
RHE: empty region,
AULT^D: empty company, description, region,
BCV^A: empty company, description, region,
ECF^A: empty company, description, region,
GGN^B: empty company, description, region,
GLU^B: empty company, description, region,
HWM^: empty company, description, region,
INLX: empty region,
PCG^A: empty region,
PCG^B: empty region,
PCG^C: empty region,
PCG^D: empty region,
PCG^E: empty region,
PCG^G: empty region,
PCG^H: empty region,
PCG^I: empty region,
PLYM^A: empty company, description, region,
PW^A: empty company, description, region,
RHE^A: empty company, description, region,
SACH^A: empty company, description, region,
SCCC: empty description,
SCCD: empty description,
SCCE: empty description,
SCCF: empty description,
SCCG: empty description,
TELZ: empty description,
YCBD^A: empty company, description, region,
finished: 2023-02-26_15-35-59
