=======================================
2023-02-26_16-30-45
=======================================
reading nasdaq-stock-nasdaq.json
obtained access cookie: 08E04D375CC8018F426881E253051AEF~000000000000000000000000000000~YAAQDRndWEB/xYmGAQAAzCJZjhJTQljq1ewKGLon5ypvq7Ly9b6Nj1cDo382oYmgEupus8NMywydo19WrOUZx3ltCnXGiEL5H+UvRo3t5GIvenQXn5rTSZ9dA9PtF6SGPqjQB2MrQxQfsaK5G/7YDRvr3gaD9zSA7RuYHFJAY1y3NoC62gvCCig/Pu2nDZv4HqNpw3CdSCrhtbvtwPU/PN+T3q0AImRLTb/RgwO+SmzRaOtqTiCzeBM78cj8u09fqR8QCpcHqL5aC1q+OqTanXNX+AAP2xhXxJVmQap8ZYGIWfdvNS1ic4kQ56pn4OM1EHIgway+D5Ij03voiWKfaIiJ6ftILgDjfl49y8Q/Q+oeCtJTVnlIxOIOremAu4xw1Entc64q3NdZsgubjoZMZmwvec1H+dNWCoFKKhz1qaY=
retrieved 4619 symbols
ZM: empty company, description, region,
ZS: empty company, description, region,
DLO: empty region,
FRHC: empty region,
NEO: empty company, description, region,
ESTA: empty region,
GMBL: empty region,
SP: empty company, description, region,
KE: empty company, description, region,
EH: empty company, description, region,
MESO: empty company, description, region,
IGIC: empty region,
AFRI: empty region,
LE: empty company, description, region,
SATL: empty region,
OXUS: empty region,
STBX: empty region,
ENCP: empty region,
TETE: empty region,
EVGR: empty region,
SGHL: empty region,
DUET: empty region,
PPHP: empty region,
KACL: empty region,
CLVR: empty region,
ADOCR: empty description,
AFRIW: empty region,
ALSAR: empty description,
ARBKL: empty description,
ASCAR: empty description,
ASCBR: empty description,
ATAKR: empty description,
ATCOL: empty description,
ATLCL: empty description,
ATMCR: empty description,
ATMVR: empty description,
BFRGW: empty company, description, region,
BHFAL: empty description,
BLEUR: empty description,
BMAQR: empty description,
BNIXR: empty description,
BREZR: empty description,
BRLIR: empty description,
BSGAR: empty description,
CGABL: empty description,
CLINR: empty description,
CLOER: empty description,
CLRCR: empty description,
CLVRW: empty region,
CSSEN: empty description,
DUETU: empty region,
DUETW: empty region,
EFHTR: empty description,
ENCPU: empty region,
ENCPW: empty region,
ENERR: empty description,
EUDAW: empty company, description, region,
FLFVR: empty description,
FOSLL: empty description,
FXCOR: empty description,
GAINN: empty description,
GAINZ: empty description,
GBBKR: empty description,
GBRGR: empty description,
GECCO: empty description,
GEGGL: empty description,
GFGDR: empty description,
GLSTR: empty description,
GMBLP: empty region,
GMBLW: empty region,
GMBLZ: empty region,
GSRMR: empty description,
HNNAZ: empty description,
HROWL: empty description,
HROWM: empty description,
HSPOR: empty description,
HUDA: empty company, description, region,
HUDAR: empty company, description, region,
HWCPZ: empty description,
IGICW: empty region,
IGTAR: empty description,
IMAQR: empty description,
IMBIL: empty description,
IMPP: empty description,
IMPPP: empty description,
JGGCR: empty description,
JWACR: empty description,
KACLR: empty description, region,
MBTCR: empty description,
MCACR: empty description,
MCAFR: empty description,
MCAGR: empty description,
METCL: empty description,
MSSAR: empty description,
NEWTZ: empty description,
NOVVR: empty description,
NVACR: empty description,
OABIW: empty company, description, region,
OFSSH: empty description,
OPINL: empty description,
OSAAW: empty company, description, region,
OXLCL: empty description,
OXLCZ: empty description,
OXSQG: empty description,
OXSQL: empty description,
OXUSU: empty region,
OXUSW: empty region,
PACWP: empty description,
PFXNZ: empty description,
PLTNR: empty description,
PNACR: empty description,
PPHPR: empty description, region,
QOMOR: empty description,
RFACR: empty description,
RILYG: empty description,
RILYK: empty description,
RILYM: empty description,
RILYN: empty description,
RILYO: empty description,
RILYT: empty description,
RILYZ: empty description,
SAGAR: empty description,
SATLW: empty region,
SCLXW: empty company, description, region,
SFRWW: empty company, description, region,
SGHLU: empty region,
SGHLW: empty region,
SNCRL: empty description,
SSSSL: empty description,
SVIIR: empty description,
TENKR: empty description,
TFINP: empty company, description, region,
TMPOW: empty company, description, region,
WINVR: empty description,
WTMAR: empty description,
YOTAR: empty description,
finished: 2023-02-26_17-03-09
