=======================================
2023-02-26_16-30-45
=======================================
reading nasdaq-stock-nasdaq.json
obtained access cookie: 08E04D375CC8018F426881E253051AEF~000000000000000000000000000000~YAAQDRndWEB/xYmGAQAAzCJZjhJTQljq1ewKGLon5ypvq7Ly9b6Nj1cDo382oYmgEupus8NMywydo19WrOUZx3ltCnXGiEL5H+UvRo3t5GIvenQXn5rTSZ9dA9PtF6SGPqjQB2MrQxQfsaK5G/7YDRvr3gaD9zSA7RuYHFJAY1y3NoC62gvCCig/Pu2nDZv4HqNpw3CdSCrhtbvtwPU/PN+T3q0AImRLTb/RgwO+SmzRaOtqTiCzeBM78cj8u09fqR8QCpcHqL5aC1q+OqTanXNX+AAP2xhXxJVmQap8ZYGIWfdvNS1ic4kQ56pn4OM1EHIgway+D5Ij03voiWKfaIiJ6ftILgDjfl49y8Q/Q+oeCtJTVnlIxOIOremAu4xw1Entc64q3NdZsgubjoZMZmwvec1H+dNWCoFKKhz1qaY=
retrieved 4619 symbols
ZM: empty company, description, region,
ZS: empty company, description, region,
DLO: empty region,
FRHC: empty region,
NEO: empty company, description, region,
ESTA: empty region,
GMBL: empty region,
SP: empty company, description, region,
KE: empty company, description, region,
EH: empty company, description, region,
MESO: empty company, description, region,
IGIC: empty region,
AFRI: empty region,
LE: empty company, description, region,
SATL: empty region,
OXUS: empty region,
STBX: empty region,
ENCP: empty region,
TETE: empty region,
EVGR: empty region,
SGHL: empty region,
DUET: empty region,
PPHP: empty region,
KACL: empty region,
CLVR: empty region,
ADOCR: empty description,
AFRIW: empty region,
ALSAR: empty description,
ARBKL: empty description,
ASCAR: empty description,
ASCBR: empty description,
ATAKR: empty description,
ATCOL: empty description,
ATLCL: empty description,
ATMCR: empty description,
ATMVR: empty description,
BFRGW: empty company, description, region,
BHFAL: empty description,
BLEUR: empty description,
BMAQR: empty description,
BNIXR: empty description,
BREZR: empty description,
BRLIR: empty description,
BSGAR: empty description,
CGABL: empty description,
CLINR: empty description,
CLOER: empty description,
CLRCR: empty description,
CLVRW: empty region,
CSSEN: empty description,
DUETU: empty region,
DUETW: empty region,
EFHTR: empty description,
ENCPU: empty region,
ENCPW: empty region,
ENERR: empty description,
EUDAW: empty company, description, region,
FLFVR: empty description,
FOSLL: empty description,
FXCOR: empty description,
GAINN: empty description,
GAINZ: empty description,
GBBKR: empty description,
GBRGR: empty description,
GECCO: empty description,
GEGGL: empty description,
GFGDR: empty description,
GLSTR: empty description,
GMBLP: empty region,
GMBLW: empty region,
GMBLZ: empty region,
GSRMR: empty description,
HNNAZ: empty description,
HROWL: empty description,
HROWM: empty description,
HSPOR: empty description,
HUDA: empty company, description, region,
HUDAR: empty company, description, region,
HWCPZ: empty description,
IGICW: empty region,
IGTAR: empty description,
IMAQR: empty description,
IMBIL: empty description,
IMPP: empty description,
IMPPP: empty description,
JGGCR: empty description,
JWACR: empty description,
KACLR: empty description, region,
MBTCR: empty description,
MCACR: empty description,
MCAFR: empty description,
MCAGR: empty description,
METCL: empty description,
MSSAR: empty description,
NEWTZ: empty description,
NOVVR: empty description,
NVACR: empty description,
OABIW: empty company, description, region,
OFSSH: empty description,
OPINL: empty description,
OSAAW: empty company, description, region,
OXLCL: empty description,
OXLCZ: empty description,
OXSQG: empty description,
OXSQL: empty description,
OXUSU: empty region,
OXUSW: empty region,
PACWP: empty description,
PFXNZ: empty description,
PLTNR: empty description,
PNACR: empty description,
PPHPR: empty description, region,
QOMOR: empty description,
RFACR: empty description,
RILYG: empty description,
RILYK: empty description,
RILYM: empty description,
RILYN: empty description,
RILYO: empty description,
RILYT: empty description,
RILYZ: empty description,
SAGAR: empty description,
SATLW: empty region,
SCLXW: empty company, description, region,
SFRWW: empty company, description, region,
SGHLU: empty region,
SGHLW: empty region,
SNCRL: empty description,
SSSSL: empty description,
SVIIR: empty description,
TENKR: empty description,
TFINP: empty company, description, region,
TMPOW: empty company, description, region,
WINVR: empty description,
WTMAR: empty description,
YOTAR: empty description,
finished: 2023-02-26_17-03-09
=======================================
2023-06-22_12-31-06
=======================================
reading nasdaq-stock-nasdaq.json
obtained access cookie: 05BCAD90CC7FB366896E2E098C8DC45A~000000000000000000000000000000~YAAQNPBuaChgLciIAQAA8NWp4hQESrLCfiKG8gJQxgSfEZ22R/fEcdiVosNUn8F6I5HsNhrVtcjneM0VVTQI+9baLpGzEwQ4sHVqz6ur97pn35LIXT3+Kv0MdQFLWOClAvAYNBhlTNJuNkvbJYH+9Fom52X+plifRtSz8si5qxrRSGXbNgG0cTZUSFvtOqp2hC4a7Ye4b9YQBbJnznW/h1MEduooCkqGRm9ntHGCmGubYHlZVzNX72GSYMuIRJ+QekH3Cb8wsCLbidgMR1GsBZiK4jgj4yCP9DOCu+kOx1qhkLsuhgUjuJ8Trhxejl9iMX9j5+kDaAldHQ69YY/bePkMJdl95hJs69kaMJqH2SelgA7dT4B9szr96kkSZfh53DqUtMQQA0OEw2hWewwY3LWxbX2dLXrG5hRv0mBgmck=
retrieved 4420 symbols
CMCSA: empty description,
ZS: empty company, description, region,
ZM: empty company, description, region,
GMBLP: empty region,
FRHC: empty region,
ZION: empty description,
GPCR: empty description,
ZIONO: empty description,
ZIONL: empty description,
ZIONP: empty description,
ENLT: empty description,
NEO: empty company, description, region,
DLO: empty region,
ESTA: empty region,
HSAI: empty description,
SCLX: empty description,
INTR: empty description,
GNLX: empty description,
AVTA: empty description,
EH: empty company, description, region,
SP: empty company, description, region,
ATAT: empty description,
KE: empty company, description, region,
GEGGL: empty description,
WHLRL: empty description,
PROC: empty description,
IGIC: empty region,
XERS: empty description,
ZURA: empty description,
AFRI: empty region,
LE: empty company, description, region,
SCLXW: empty description,
ICG: empty description,
PDLB: empty description,
CRGO: empty description,
VCIG: empty region,
CXAI: empty description,
QSG: empty description,
SATL: empty region,
STBX: empty region,
ZAPP: empty region,
SSBI: empty description,
REE: empty description,
ZJYL: empty region,
ARBB: empty region,
NIR: empty description,
DKDCA: empty description,
BANL: empty region,
AIRTP: empty name,
DCFCW: empty name,
AFRIW: empty region,
COYA: empty description,
GMBLW: empty region,
IGICW: empty region,
MGRX: empty description,
PROCW: empty description,
LSDI: empty description,
ACGN: empty description,
ZURAW: empty description,
SATLW: empty region,
CLVR: empty region,
NFTG: empty description,
NIRWW: empty description,
ALAR: empty description,
CXAIW: empty description,
GMBL: empty region,
CLVRW: empty region,
GMBLZ: empty region,
DKDCW: empty description,
ADOCR: empty description,
AIBBR: empty description,
ALCYU: empty description,
ALSAR: empty description,
ARIZR: empty description,
ATAKR: empty description,
ATCOL: empty description,
ATMCR: empty description,
BLACR: empty description,
BLEUR: empty description,
BNIXR: empty description,
BOF: empty description,
BRACR: empty description,
BREZR: empty description,
CANB: empty industry, sector,
CETUR: empty description,
CISSV: unknown mic for exchange: '', setting to XXXX
CISSV: empty name, description, exchange, asset class,
CJET: empty description,
CLINR: empty description,
CRGOW: empty description,
CSLMR: empty description,
CSWCZ: empty description,
DISTR: empty description,
DMAQR: empty description,
DUET: empty region,
EFHTR: empty description,
EMCGR: empty description,
ENERR: empty description,
ESHAU: empty description,
EVGR: empty region,
EVGRU: empty region,
EVGRW: empty region,
FEXDR: empty description,
FLFVR: empty description,
FORL: empty description,
FORLW: empty description,
FTREV: empty description,
FXCOR: empty description,
GBBKR: empty description,
GDSTR: empty description,
GECCO: empty description,
GFGDR: empty description,
GLLIR: empty description,
GLSTR: empty description,
GODNU: empty description,
HHGCR: empty description,
HNNAZ: empty description,
HSPOR: empty description,
IGTAR: empty description,
IMAQR: empty description,
IMPPV: unknown mic for exchange: '', setting to XXXX
IMPPV: empty name, description, exchange, asset class, industry, sector,
IPXXU: empty description,
JGGCR: empty description,
KACL: empty region,
KACLR: empty description, region,
KYCHR: empty description,
LAES: empty description,
LANDP: empty description,
LBBBR: empty description,
MCACR: empty description,
MCAFR: empty description,
MCAGR: empty description,
METBV: unknown mic for exchange: '', setting to XXXX
METBV: empty name, exchange, asset class,
METCV: unknown mic for exchange: '', setting to XXXX
METCV: empty name, exchange, asset class,
MGRM: empty description,
NOVVR: empty description,
NVACR: empty description,
OABIW: empty company, description, region,
OAKU: empty description,
OXSQG: empty description,
OXSQL: empty description,
OXUS: empty region,
OXUSU: empty region,
OXUSW: empty region,
PLTNR: empty description,
PPHP: empty region,
PPHPR: empty description, region,
QOMOR: empty description,
RFACR: empty description,
RWODR: empty description,
SAGAR: empty description,
SFRWW: empty company, description, region,
SVIIR: empty description,
TBMC: empty description,
TBMCR: empty description,
TENKR: empty description,
TETE: empty region,
TETEW: empty region,
TMTC: empty description,
TMTCR: empty description,
WTMAR: empty description,
YOTAR: empty description,
ZAPPW: empty description, region,
finished: 2023-06-22_13-22-42
