=======================================
2026-06-28_20-28-04
=======================================
reading nasdaq-stock-amex.json
retrieved 293 symbols
AZUL: empty region,
ORLA: empty region,
SLSR: empty region,
CNL: empty region,
HSLV: empty region,
MTA: empty region,
QNC: empty region,
ISOU: empty region,
NFGC: empty region,
GMTL: empty region,
ITRG: empty region,
LEGO: empty region,
REA: empty region,
TRX: empty company, description, region,
TII: empty region,
SBMT: empty region,
FLYX: empty region,
GLDG: empty region,
OZ: empty region,
NINE: empty region,
NVA: empty region,
ZONE: empty region,
MINE: empty region,
LGCY: empty region,
SMJF: empty region,
MRT: empty region,
GRO: empty region,
CITR: empty region,
BHM: empty region,
USBC: empty region,
LPA: empty region,
BUDA: empty region,
LUD: empty region,
FURY: empty region,
RYDE: empty region,
PTHS: empty region,
NRXS: empty region,
MAIA: empty region,
OSTX: empty region,
AIB: empty region,
CTM: empty region,
ROLR: empty region,
NXB: empty region,
LSF: empty region,
MCRP: empty region,
BCHT: empty region,
MGLD: empty region,
IBO: empty region,
BRIA: empty region,
AXIL: empty region,
DDC: empty region,
INDO: empty region,
VIDA: empty region,
ZDGE: empty region,
NSRX: empty region,
JAGU: empty region,
ATCH: empty region,
BESS: empty region,
SER: empty region,
INLX: empty region,
EONR: empty region,
PAPL: empty region,
TOPP: empty region,
VNTG: empty region,
RGNT: empty region,
MYND: empty region,
LGPS: empty region,
TMDE: empty region,
AUST: empty region,
REED: empty region,
PMI: empty region,
CHOW: empty region,
MMA: empty region,
APUS: empty region,
KNRX: empty region,
TPET: empty region,
POAS: empty region,
AIM: empty region,
KAPA: empty region,
SYNX: empty region,
MWG: empty region,
GCDT: empty region,
AMZE: empty region,
SOAR: empty region,
HCWC: empty region,
PHGE: empty region,
BQ: empty region,
CLDI: empty region,
VTAK: empty region,
AZTR: empty region,
MI: empty region,
SBEV: empty region,
DXF: empty region,
BCV^A: empty description, region,
ECF^A: empty description, region,
ERH: empty region,
GGN^B: empty description, region,
GLU^A: empty description, region,
GLU^B: empty description, region,
GPUS^D: empty description, region,
GRAF: empty region,
OPP^C: empty description, region,
PCG^A: empty region,
PCG^B: empty region,
PCG^C: empty region,
PCG^D: empty region,
PCG^E: empty name, region,
PCG^G: empty region,
PCG^H: empty region,
PCG^I: empty name, region,
PHXE^: empty description, region,
PW^A: empty description, region,
SACH^A: empty description, region,
UAC: empty description, region,
finished: 2026-06-28_20-54-11
