=======================================
2023-02-26_16-30-45
=======================================
reading nasdaq-stock-nasdaq.json
obtained access cookie: 08E04D375CC8018F426881E253051AEF~000000000000000000000000000000~YAAQDRndWEB/xYmGAQAAzCJZjhJTQljq1ewKGLon5ypvq7Ly9b6Nj1cDo382oYmgEupus8NMywydo19WrOUZx3ltCnXGiEL5H+UvRo3t5GIvenQXn5rTSZ9dA9PtF6SGPqjQB2MrQxQfsaK5G/7YDRvr3gaD9zSA7RuYHFJAY1y3NoC62gvCCig/Pu2nDZv4HqNpw3CdSCrhtbvtwPU/PN+T3q0AImRLTb/RgwO+SmzRaOtqTiCzeBM78cj8u09fqR8QCpcHqL5aC1q+OqTanXNX+AAP2xhXxJVmQap8ZYGIWfdvNS1ic4kQ56pn4OM1EHIgway+D5Ij03voiWKfaIiJ6ftILgDjfl49y8Q/Q+oeCtJTVnlIxOIOremAu4xw1Entc64q3NdZsgubjoZMZmwvec1H+dNWCoFKKhz1qaY=
retrieved 4619 symbols
ZM: empty company, description, region,
ZS: empty company, description, region,
DLO: empty region,
FRHC: empty region,
NEO: empty company, description, region,
ESTA: empty region,
GMBL: empty region,
SP: empty company, description, region,
KE: empty company, description, region,
EH: empty company, description, region,
MESO: empty company, description, region,
IGIC: empty region,
AFRI: empty region,
LE: empty company, description, region,
SATL: empty region,
OXUS: empty region,
STBX: empty region,
ENCP: empty region,
TETE: empty region,
EVGR: empty region,
SGHL: empty region,
DUET: empty region,
PPHP: empty region,
KACL: empty region,
CLVR: empty region,
ADOCR: empty description,
AFRIW: empty region,
ALSAR: empty description,
ARBKL: empty description,
ASCAR: empty description,
ASCBR: empty description,
ATAKR: empty description,
ATCOL: empty description,
ATLCL: empty description,
ATMCR: empty description,
ATMVR: empty description,
BFRGW: empty company, description, region,
BHFAL: empty description,
BLEUR: empty description,
BMAQR: empty description,
BNIXR: empty description,
BREZR: empty description,
BRLIR: empty description,
BSGAR: empty description,
CGABL: empty description,
CLINR: empty description,
CLOER: empty description,
CLRCR: empty description,
CLVRW: empty region,
CSSEN: empty description,
DUETU: empty region,
DUETW: empty region,
EFHTR: empty description,
ENCPU: empty region,
ENCPW: empty region,
ENERR: empty description,
EUDAW: empty company, description, region,
FLFVR: empty description,
FOSLL: empty description,
FXCOR: empty description,
GAINN: empty description,
GAINZ: empty description,
GBBKR: empty description,
GBRGR: empty description,
GECCO: empty description,
GEGGL: empty description,
GFGDR: empty description,
GLSTR: empty description,
GMBLP: empty region,
GMBLW: empty region,
GMBLZ: empty region,
GSRMR: empty description,
HNNAZ: empty description,
HROWL: empty description,
HROWM: empty description,
HSPOR: empty description,
HUDA: empty company, description, region,
HUDAR: empty company, description, region,
HWCPZ: empty description,
IGICW: empty region,
IGTAR: empty description,
IMAQR: empty description,
IMBIL: empty description,
IMPP: empty description,
IMPPP: empty description,
JGGCR: empty description,
JWACR: empty description,
KACLR: empty description, region,
MBTCR: empty description,
MCACR: empty description,
MCAFR: empty description,
MCAGR: empty description,
METCL: empty description,
MSSAR: empty description,
NEWTZ: empty description,
NOVVR: empty description,
NVACR: empty description,
OABIW: empty company, description, region,
OFSSH: empty description,
OPINL: empty description,
OSAAW: empty company, description, region,
OXLCL: empty description,
OXLCZ: empty description,
OXSQG: empty description,
OXSQL: empty description,
OXUSU: empty region,
OXUSW: empty region,
PACWP: empty description,
PFXNZ: empty description,
PLTNR: empty description,
PNACR: empty description,
PPHPR: empty description, region,
QOMOR: empty description,
RFACR: empty description,
RILYG: empty description,
RILYK: empty description,
RILYM: empty description,
RILYN: empty description,
RILYO: empty description,
RILYT: empty description,
RILYZ: empty description,
SAGAR: empty description,
SATLW: empty region,
SCLXW: empty company, description, region,
SFRWW: empty company, description, region,
SGHLU: empty region,
SGHLW: empty region,
SNCRL: empty description,
SSSSL: empty description,
SVIIR: empty description,
TENKR: empty description,
TFINP: empty company, description, region,
TMPOW: empty company, description, region,
WINVR: empty description,
WTMAR: empty description,
YOTAR: empty description,
finished: 2023-02-26_17-03-09
=======================================
2023-06-22_12-31-06
=======================================
reading nasdaq-stock-nasdaq.json
obtained access cookie: 05BCAD90CC7FB366896E2E098C8DC45A~000000000000000000000000000000~YAAQNPBuaChgLciIAQAA8NWp4hQESrLCfiKG8gJQxgSfEZ22R/fEcdiVosNUn8F6I5HsNhrVtcjneM0VVTQI+9baLpGzEwQ4sHVqz6ur97pn35LIXT3+Kv0MdQFLWOClAvAYNBhlTNJuNkvbJYH+9Fom52X+plifRtSz8si5qxrRSGXbNgG0cTZUSFvtOqp2hC4a7Ye4b9YQBbJnznW/h1MEduooCkqGRm9ntHGCmGubYHlZVzNX72GSYMuIRJ+QekH3Cb8wsCLbidgMR1GsBZiK4jgj4yCP9DOCu+kOx1qhkLsuhgUjuJ8Trhxejl9iMX9j5+kDaAldHQ69YY/bePkMJdl95hJs69kaMJqH2SelgA7dT4B9szr96kkSZfh53DqUtMQQA0OEw2hWewwY3LWxbX2dLXrG5hRv0mBgmck=
retrieved 4420 symbols
CMCSA: empty description,
ZS: empty company, description, region,
ZM: empty company, description, region,
GMBLP: empty region,
FRHC: empty region,
ZION: empty description,
GPCR: empty description,
ZIONO: empty description,
ZIONL: empty description,
ZIONP: empty description,
ENLT: empty description,
NEO: empty company, description, region,
DLO: empty region,
ESTA: empty region,
HSAI: empty description,
SCLX: empty description,
INTR: empty description,
GNLX: empty description,
AVTA: empty description,
EH: empty company, description, region,
SP: empty company, description, region,
ATAT: empty description,
KE: empty company, description, region,
GEGGL: empty description,
WHLRL: empty description,
PROC: empty description,
IGIC: empty region,
XERS: empty description,
ZURA: empty description,
AFRI: empty region,
LE: empty company, description, region,
SCLXW: empty description,
ICG: empty description,
PDLB: empty description,
CRGO: empty description,
VCIG: empty region,
CXAI: empty description,
QSG: empty description,
SATL: empty region,
STBX: empty region,
ZAPP: empty region,
SSBI: empty description,
REE: empty description,
ZJYL: empty region,
ARBB: empty region,
NIR: empty description,
DKDCA: empty description,
BANL: empty region,
AIRTP: empty name,
DCFCW: empty name,
AFRIW: empty region,
COYA: empty description,
GMBLW: empty region,
IGICW: empty region,
MGRX: empty description,
PROCW: empty description,
LSDI: empty description,
ACGN: empty description,
ZURAW: empty description,
SATLW: empty region,
CLVR: empty region,
NFTG: empty description,
NIRWW: empty description,
ALAR: empty description,
CXAIW: empty description,
GMBL: empty region,
CLVRW: empty region,
GMBLZ: empty region,
DKDCW: empty description,
ADOCR: empty description,
AIBBR: empty description,
ALCYU: empty description,
ALSAR: empty description,
ARIZR: empty description,
ATAKR: empty description,
ATCOL: empty description,
ATMCR: empty description,
BLACR: empty description,
BLEUR: empty description,
BNIXR: empty description,
BOF: empty description,
BRACR: empty description,
BREZR: empty description,
CANB: empty industry, sector,
CETUR: empty description,
CISSV: unknown mic for exchange: '', setting to XXXX
CISSV: empty name, description, exchange, asset class,
CJET: empty description,
CLINR: empty description,
CRGOW: empty description,
CSLMR: empty description,
CSWCZ: empty description,
DISTR: empty description,
DMAQR: empty description,
DUET: empty region,
EFHTR: empty description,
EMCGR: empty description,
ENERR: empty description,
ESHAU: empty description,
EVGR: empty region,
EVGRU: empty region,
EVGRW: empty region,
FEXDR: empty description,
FLFVR: empty description,
FORL: empty description,
FORLW: empty description,
FTREV: empty description,
FXCOR: empty description,
GBBKR: empty description,
GDSTR: empty description,
GECCO: empty description,
GFGDR: empty description,
GLLIR: empty description,
GLSTR: empty description,
GODNU: empty description,
HHGCR: empty description,
HNNAZ: empty description,
HSPOR: empty description,
IGTAR: empty description,
IMAQR: empty description,
IMPPV: unknown mic for exchange: '', setting to XXXX
IMPPV: empty name, description, exchange, asset class, industry, sector,
IPXXU: empty description,
JGGCR: empty description,
KACL: empty region,
KACLR: empty description, region,
KYCHR: empty description,
LAES: empty description,
LANDP: empty description,
LBBBR: empty description,
MCACR: empty description,
MCAFR: empty description,
MCAGR: empty description,
METBV: unknown mic for exchange: '', setting to XXXX
METBV: empty name, exchange, asset class,
METCV: unknown mic for exchange: '', setting to XXXX
METCV: empty name, exchange, asset class,
MGRM: empty description,
NOVVR: empty description,
NVACR: empty description,
OABIW: empty company, description, region,
OAKU: empty description,
OXSQG: empty description,
OXSQL: empty description,
OXUS: empty region,
OXUSU: empty region,
OXUSW: empty region,
PLTNR: empty description,
PPHP: empty region,
PPHPR: empty description, region,
QOMOR: empty description,
RFACR: empty description,
RWODR: empty description,
SAGAR: empty description,
SFRWW: empty company, description, region,
SVIIR: empty description,
TBMC: empty description,
TBMCR: empty description,
TENKR: empty description,
TETE: empty region,
TETEW: empty region,
TMTC: empty description,
TMTCR: empty description,
WTMAR: empty description,
YOTAR: empty description,
ZAPPW: empty description, region,
finished: 2023-06-22_13-22-42
=======================================
2026-01-09_19-45-16
=======================================
reading nasdaq-stock-nasdaq.json
retrieved 3994 symbols
DASH: empty company, description, region,
NWS: empty description,
NWSA: empty description,
FIGR: empty region,
DLO: empty region,
PLBL: empty region,
ESTA: empty region,
NEO: empty company, description, region,
IGIC: empty region,
FWRG: empty description,
SATL: empty region,
BGIN: empty description,
AFRI: empty region,
SATLW: empty region,
AFRIW: empty region,
FMFC: empty region,
NCI: empty company, description, region,
AACB: empty description,
AACBR: empty description,
AACBU: empty description,
ADACU: empty description,
AEAQU: empty description,
AFJK: empty description,
AFJKR: empty description,
AFJKU: empty description,
ALCY: empty description,
ALCYW: empty description,
ALDF: empty description,
ALDFW: empty description,
ALF: empty description,
ALFUW: empty description,
ALIS: empty description,
ALISR: empty description,
ANSC: empty description,
ANSCU: empty description,
ANSCW: empty description,
APAC: empty description,
APACR: empty description,
APACU: empty description,
APAD: empty description,
APADR: empty description,
APXTW: empty description,
ARTCU: empty description,
ASPC: empty description,
ASPCR: empty description,
ASPCU: empty description,
ATII: empty description,
ATIIU: empty description,
ATIIW: empty description,
AXIN: empty description,
AXINR: empty description,
AXINU: empty description,
BACC: empty description,
BACCR: empty description,
BACQ: empty description,
BACQR: empty description,
BACQU: empty description,
BAYA: empty description,
BAYAR: empty description,
BBCQU: empty description,
BCAR: empty description,
BCARU: empty description,
BCARW: empty description,
BDCI: empty description,
BDCIU: empty description,
BDCIW: empty description,
BEAG: empty description,
BEAGR: empty description,
BEAGU: empty description,
BGMS: empty description,
BGMSP: empty description,
BIXI: empty description,
BIXIU: empty description,
BIXIW: empty description,
BKHA: empty description,
BKHAR: empty description,
BKHAU: empty description,
BLRKU: empty description,
BLZR: empty description,
BLZRU: empty description,
BNCWW: empty description,
BPAC: empty description,
BPACR: empty description,
BPACU: empty description,
BSAA: empty description,
CAEP: empty description,
CAPN: empty description,
CAPNR: empty description,
CCCX: empty description,
CCCXU: empty description,
CCCXW: empty description,
CCII: empty description,
CCIIW: empty description,
CCIX: empty description,
CCIXU: empty description,
CCIXW: empty description,
CCXIU: empty description,
CEPF: empty description,
CEPO: empty description,
CEPT: empty description,
CEPV: empty description,
CGCT: empty description,
CGCTU: empty description,
CGCTW: empty description,
CHAC: empty description,
CHACR: empty description,
CHACU: empty description,
CHAR: empty description,
CHEC: empty description,
CHECU: empty description,
CHPG: empty description,
CHPGR: empty description,
CHPGU: empty description,
COLA: empty description,
COLAR: empty description,
CRAC: empty description,
CRACR: empty description,
CRACW: empty description,
CRANU: empty description,
CRAQ: empty description,
CRAQR: empty description,
CRAQU: empty description,
CUBWU: empty description,
DAAQ: empty description,
DAAQW: empty description,
DMAA: empty description,
DMAAR: empty description,
DMAAU: empty description,
DMII: empty description,
DMIIR: empty description,
DMIIU: empty description,
DNMX: empty description,
DNMXU: empty description,
DNMXW: empty description,
DRDB: empty description,
DRDBU: empty description,
DSACU: empty description,
DTSQ: empty description,
DTSQR: empty description,
DTSQU: empty description,
DYOR: empty description,
DYORU: empty description,
EMAT: empty description,
EMISR: empty description,
EMPD: empty description,
ESHA: empty description,
ESHAR: empty description,
ETHM: empty description,
ETHMU: empty description,
ETHMW: empty description,
EVOX: empty description,
EVOXU: empty description,
EVOXW: empty description,
FACT: empty description,
FACTU: empty description,
FACTW: empty description,
FERA: empty description,
FERAR: empty description,
FERAU: empty description,
FIGX: empty description,
FIGXW: empty description,
FSHP: empty description,
FSHPR: empty description,
FVN: empty description,
FVNNR: empty description,
FVNNU: empty description,
GECCH: empty description,
GECCI: empty description,
GECCO: empty description,
GIG: empty description,
GIGGW: empty description,
GIW: empty description,
GIWWR: empty description,
GIWWU: empty description,
GPACU: empty description,
GPAT: empty description,
GPATW: empty description,
GSHR: empty description,
GSRF: empty description,
GSRFU: empty description,
GTEN: empty description,
GTENU: empty description,
GTENW: empty description,
GTERA: empty description,
GTERR: empty description,
GTERU: empty description,
GTERW: empty description,
HAVA: empty description,
HAVAR: empty description,
HAVAU: empty description,
HCMAU: empty description,
HSPT: empty description,
HSPTU: empty description,
HVII: empty description,
HVIIR: empty description,
HVIIU: empty description,
HVMC: empty description,
HVMCW: empty description,
IBAC: empty description,
IBACR: empty description,
IMSRW: empty description,
INAC: empty description,
INACR: empty description,
INACU: empty description,
IPCX: empty description,
IPCXR: empty description,
IPEX: empty description,
IPOD: empty description,
IPODW: empty description,
IRHOU: empty description,
ITHAU: empty description,
KBONU: empty description,
KCHV: empty description,
KCHVR: empty description,
KCHVU: empty description,
KFII: empty description,
KFIIR: empty description,
KFIIU: empty description,
KOYN: empty description,
KOYNU: empty description,
KOYNW: empty description,
KVAC: empty description,
KVACU: empty description,
KVACW: empty description,
LAFA: empty description,
LAFAU: empty description,
LATA: empty description,
LATAW: empty description,
LCCC: empty description,
LCCCR: empty description,
LFACU: empty description,
LIMNW: empty description,
LKSP: empty description,
LKSPR: empty description,
LKSPU: empty description,
LOKV: empty description,
LOKVW: empty description,
LPAA: empty description,
LPAAW: empty description,
LPBB: empty description,
LPCVU: empty description,
LWAC: empty description,
LWACW: empty description,
MACI: empty description,
MACIU: empty description,
MACIW: empty description,
MBAV: empty description,
MBVI: empty description,
MBVIU: empty description,
MCGA: empty description,
MCGAU: empty description,
MCGAW: empty description,
MESHU: empty description,
METCI: empty description,
METCZ: empty description,
MKLY: empty description,
MKLYR: empty description,
MKLYU: empty description,
MLACR: empty description,
MLACU: empty description,
MMTX: empty description,
MMTXU: empty description,
MMTXW: empty description,
NEXM: empty description,
NHIC: empty description,
NHICW: empty description,
NMP: empty description,
NMPAR: empty description,
NMPAU: empty description,
NOEM: empty description,
NOEMR: empty description,
NOEMW: empty description,
NPAC: empty description,
NPACW: empty description,
NTWO: empty description,
OACC: empty description,
OAKU: empty description,
OBA: empty description,
OBAWU: empty description,
OFSSO: empty description,
ONCH: empty description,
ONCHU: empty description,
ONCHW: empty description,
ORIQ: empty description,
ORIQW: empty description,
OTGA: empty description,
OTGAU: empty description,
OYSE: empty description,
OYSER: empty description,
PACH: empty description,
PACHU: empty description,
PACHW: empty description,
PCAP: empty description,
PCAPU: empty description,
PCAPW: empty description,
PCSC: empty description,
PELI: empty description,
PELIR: empty description,
PELIU: empty description,
PGAC: empty description,
PLMK: empty description,
PLMKW: empty description,
PMTR: empty description,
PMTRU: empty description,
PMTRW: empty description,
POLE: empty description,
POLEW: empty description,
QETA: empty description,
QETAR: empty description,
QSEA: empty description,
QUMS: empty description,
QUMSU: empty description,
RAAQ: empty description,
RAAQW: empty description,
RANGR: empty description,
RANGU: empty description,
RDAC: empty description,
RDACR: empty description,
RDACU: empty description,
RDAG: empty description,
RFAI: empty description,
RIBB: empty description,
RIBBR: empty description,
RNGT: empty description,
RNGTU: empty description,
RNGTW: empty description,
RTAC: empty description,
RTACU: empty description,
RTACW: empty description,
SCIIU: empty description,
SCPQU: empty description,
SDHI: empty description,
SDHIU: empty description,
SIMAU: empty description,
SIMAW: empty description,
SOCA: empty description,
SORNU: empty description,
SPEG: empty description,
SPEGU: empty description,
SPKL: empty description,
SPKLW: empty description,
SSEA: empty description,
SSEAR: empty description,
SSM: empty description,
SVAC: empty description,
SVACU: empty description,
SVACW: empty description,
SVAQU: empty description,
SVCC: empty description,
SVCCW: empty description,
SZZLR: empty description,
SZZLU: empty description,
TACH: empty description,
TACHW: empty description,
TAVI: empty description,
TBMC: empty description,
TBMCR: empty description,
TDAC: empty description,
TDACW: empty description,
TDWD: empty description,
TDWDR: empty description,
TDWDU: empty description,
TLNC: empty description,
TMUSI: empty description,
TMUSL: empty description,
TMUSZ: empty description,
TVA: empty description,
TVACW: empty description,
TVAI: empty description,
TWLV: empty description,
TWLVR: empty description,
TWLVU: empty description,
UYSC: empty description,
UYSCR: empty description,
VACH: empty description,
VACHU: empty description,
VACHW: empty description,
VCIC: empty description,
VCICW: empty description,
VHCPU: empty description,
VNME: empty description,
VNMEU: empty description,
WENN: empty description,
WENNU: empty description,
WENNW: empty description,
WLAC: empty description,
WLACU: empty description,
WLACW: empty description,
WSBK: empty description,
WSTNU: empty description,
WTG: empty description,
XELLL: empty description,
XRPN: empty description,
XRPNU: empty description,
XRPNW: empty description,
YHNA: empty description,
ZKPU: empty description,
finished: 2026-01-09_20-08-29
