=======================================
2023-02-26_15-29-36
=======================================
reading nasdaq-stock-amex.json
obtained access cookie: 89CE5F23985FA841981EC52AAC317DD3~000000000000000000000000000000~YAAQNPBuaG4/4ouGAQAAZiQhjhLBKa5aq+Ecn9G33RXtJ+EhpdwAuqq2ggH7MfSiixRGORmVfaRCATcU12S83OixysCuy0c8hcsywrJ7xhMWaFsq+aqCDdhC+By5+21Tt8yrNpAwF4eBNdnDPrfhNEcilhnGLEFSdI+UPY5YSzxTM3Pze/Tb2pOVUcBLgWFmAVFRWKSdv7koF70FkIRp6FTHXsgcRXYAsJXbv0BpjroZXDiAXsP/rFMi2GCtuc4JJUhxA2tYaDq3Q/gp1WhmLjppaaiuu7jjHASxWi+HceKa7+3L4zMv1KZTgslHq7rbnSyuaHZObPl5MY/t2qsKlpRAcrb5cF+ZCygVwAn2Tpn3IRpmOuDjR5OQuPTpNJmb9On//md2Xto1SOxu4e9VPt/vV8UQBjWymbeaS9YRKYo=
retrieved 295 symbols
IE: empty region,
cannot do request, retries (5 of 5): Get "https://api.nasdaq.com/api/quote/ORLA/info?assetclass=stocks": context deadline exceeded (Client.Timeout exceeded while awaiting headers)
ORLA: empty region,
UUUU: empty region,
SILV: empty region,
SLI: empty region,
cannot do request, retries (5 of 5): Get "https://api.nasdaq.com/api/quote/OBE/summary?assetclass=stocks": context deadline exceeded (Client.Timeout exceeded while awaiting headers)
OBE: empty region,
NFGC: empty region,
IAUX: empty region,
SVM: empty region,
NML: empty region,
NEWP: empty region,
ADEX: empty region,
OZ: empty region,
IPVF: empty region,
LPTV: empty region,
GROY: empty region,
WRAC: empty region,
EU: empty region,
BITE: empty region,
BRBS: empty region,
VZLA: empty region,
DC: empty company, description, region,
MTA: empty company, description, region,
GLTA: empty region,
CTGO: empty region,
GLDG: empty region,
BATL: empty region,
BURU: empty region,
ADRT: empty region,
AREN: empty region,
MNK: empty region,
TRX: empty company, description, region,
GNS: empty region,
FLAG: empty region,
SATX: empty region,
ERH: empty region,
CYBN: empty region,
USAS: empty region,
MIMO: empty region,
SKYH: empty region,
FURY: empty region,
BHM: empty region,
VHAQ: empty region,
IDR: empty region,
MGLD: empty region,
INDO: empty region,
DPSI: empty region,
KNW: empty region,
GRFX: empty region,
SBEV: empty region,
MAIA: empty region,
STRW: empty region,
CTM: empty region,
ITRG: empty region,
ZDGE: empty region,
BMTX: empty region,
TPHS: empty region,
SDPI: empty region,
MPTI: empty region,
TKAT: empty region,
WLMS: empty region,
AGE: empty region,
BTTR: empty region,
FOXO: empty region,
IDW: empty region,
VINE: empty region,
AUST: empty region,
PHGE: empty region,
LSF: empty region,
RMED: empty region,
EFSH: empty region,
RHE: empty region,
AULT^D: empty company, description, region,
BCV^A: empty company, description, region,
ECF^A: empty company, description, region,
GGN^B: empty company, description, region,
GLU^B: empty company, description, region,
HWM^: empty company, description, region,
INLX: empty region,
PCG^A: empty region,
PCG^B: empty region,
PCG^C: empty region,
PCG^D: empty region,
PCG^E: empty region,
PCG^G: empty region,
PCG^H: empty region,
PCG^I: empty region,
PLYM^A: empty company, description, region,
PW^A: empty company, description, region,
RHE^A: empty company, description, region,
SACH^A: empty company, description, region,
SCCC: empty description,
SCCD: empty description,
SCCE: empty description,
SCCF: empty description,
SCCG: empty description,
TELZ: empty description,
YCBD^A: empty company, description, region,
finished: 2023-02-26_15-35-59
=======================================
2023-06-22_13-22-42
=======================================
reading nasdaq-stock-amex.json
obtained access cookie: 4A18579B57B9CEB1E3C8E3C7EEB8754E~000000000000000000000000000000~YAAQBPBuaA32n+KIAQAAxhPZ4hRiTOFYYpmjDSgw++H9V9Qq0HPHYwRnHgowRYamdz/c7SHk0Vf5UIlaluCTfPkjU9HRiVzjqnffo712TlQD9mYsede/nMLnxCo9yPTmLo22M0EmMeG1BdOjKH82sqFsrHgWVZ8n1Rh6EzBBhgOnQlOumzvn8gnXqX7hc8Y54La7jGm8z/yjjmeI/7xB7vP/ZnldlgY3bHAnJCGFBDoKph07p9w8J6uzsYkq5EoAzS2uuYBfAiUgwy5kKOYILK2Mnz1S0D0cPKhLxSsaa35kCuc3R6BP1N9hmQwprb3CyI6VpGo+2w501nP4JWx7Au96AzdYz6ts2E7THF5Z3djFtSH4T8Nq3MRM1Do7ozzCHP/7EQdXyohEjWy2IbrE3ymY4vP6/mpvespT5D9AzGM=
retrieved 303 symbols
SATX: empty region,
IE: empty region,
GRFX: empty region,
ORLA: empty region,
UUUU: empty region,
SILV: empty region,
NFGC: empty region,
IAUX: empty region,
SVM: empty region,
OBE: empty region,
AMBI: empty region,
BURU: empty region,
EU: empty region,
NEWP: empty region,
SKYH: empty region,
CTGO: empty region,
DC: empty company, description, region,
MTA: empty company, description, region,
VZLA: empty region,
LPTV: empty region,
BRBS: empty region,
ADRT: empty description, region,
GLDG: empty region,
STXS: empty company, description, region,
NSTB: empty region,
TRX: empty company, description, region,
VHAQ: empty region,
OZ: empty region,
IPVF: empty region,
ADEX: empty region,
AREN: empty region,
ITRG: empty region,
IDR: empty region,
BHM: empty description, region,
KNW: empty region,
FURY: empty region,
MGLD: empty region,
STRW: empty region,
INDO: empty region,
MPU: empty description,
SBEV: empty region,
BMTX: empty region,
DPSI: empty region,
SDPI: empty region,
ZDGE: empty region,
MPTI: empty region,
MAIA: empty region,
AGE: empty region,
TPET: empty region,
CTM: empty region,
GNS: empty region,
MNK: empty region,
TPHS: empty region,
MWG: empty region,
INLX: empty region,
PHGE: empty region,
MIMO: empty region,
TKAT: empty region,
AUST: empty region,
WLMS: empty region,
FOXO: empty region,
BTTR: empty region,
LSF: empty region,
RHE: empty region,
RMED: empty region,
VINE: empty region,
EFSH: empty region,
USAS: empty region,
ACAQ: empty region,
AULT^D: empty company, description, region,
AZTR: empty description, region,
BACA: empty region,
BCV^A: empty company, description, region,
BITE: empty region,
BSAQ: empty region,
CHAA: empty region,
DMYY: empty region,
ECF^A: empty company, description, region,
ERH: empty region,
EVE: empty region,
FLAG: empty region,
GGN^B: empty company, description, region,
GLTA: empty region,
GLU^B: empty company, description, region,
HNRA: empty region,
HWM^: empty company, description, region,
JWSM: empty region,
NML: empty region,
PCG^A: empty region,
PCG^B: empty region,
PCG^C: empty region,
PCG^D: empty region,
PCG^G: empty region,
PCG^H: empty region,
PCG^I: empty region,
PLYM^A: empty company, description, region,
SACH^A: empty company, description, region,
SGE: empty region,
WRAC: empty region,
YCBD^A: empty company, description, region,
finished: 2023-06-22_13-26-53
=======================================
2026-01-09_20-08-29
=======================================
reading nasdaq-stock-amex.json
retrieved 290 symbols
ORLA: empty region,
ARMN: empty region,
CNL: empty region,
SLSR: empty region,
MTA: empty company, description, region,
NFGC: empty region,
ITRG: empty region,
ISOU: empty region,
FLYX: empty region,
DVS: empty region,
GLDG: empty region,
TII: empty region,
TRX: empty company, description, region,
USBC: empty region,
OZ: empty region,
SMJF: empty region,
LUD: empty region,
STRW: empty region,
MRT: empty region,
JMG: empty region,
CITR: empty region,
TCGL: empty region,
LGCY: empty region,
PMI: empty region,
GRO: empty region,
FURY: empty region,
POAS: empty region,
CTM: empty region,
LPA: empty region,
PTHS: empty region,
DDC: empty region,
MCRP: empty region,
ZONE: empty region,
NSRX: empty region,
MAIA: empty region,
MI: empty region,
OSTX: empty region,
OTH: empty region,
BRIA: empty region,
IBO: empty region,
NRXS: empty region,
AXIL: empty region,
ZDGE: empty region,
INDO: empty region,
KNRX: empty region,
MGLD: empty region,
BHM: empty region,
ATCH: empty region,
INLX: empty region,
RGNT: empty region,
VNTG: empty region,
RYDE: empty region,
SER: empty region,
LSF: empty region,
CHOW: empty region,
LGPS: empty region,
AUST: empty region,
ROLR: empty region,
APUS: empty region,
MYND: empty region,
EONR: empty region,
KAPA: empty region,
TMDE: empty region,
TOPP: empty region,
SRXH: empty region,
MMA: empty region,
MWG: empty region,
AMZE: empty region,
CLDI: empty region,
SBEV: empty region,
TPET: empty region,
SYNX: empty region,
BQ: empty region,
HCWC: empty region,
NCL: empty region,
SOAR: empty region,
AIM: empty region,
PHGE: empty region,
VTAK: empty region,
AZTR: empty region,
DXF: empty region,
SGN: empty region,
PAPL: empty region,
BCV^A: empty description, region,
BUDA: empty description, region,
ECF^A: empty description, region,
ERH: empty region,
FJET: empty description, region,
GGN^B: empty description, region,
GLU^A: empty description, region,
GLU^B: empty description, region,
GPUS^D: empty description, region,
GRAF: empty region,
LEGT: empty description, region,
OPP^C: empty description, region,
PCG^A: empty region,
PCG^B: empty region,
PCG^C: empty region,
PCG^D: empty region,
PCG^E: empty region,
PCG^G: empty region,
PCG^H: empty region,
PCG^I: empty region,
PHXE^: empty description, region,
PW^A: empty description, region,
REED: empty description, region,
SACH^A: empty description, region,
finished: 2026-01-09_20-10-41
