=======================================
2023-02-26_17-05-09
=======================================
reading nasdaq-stock-nyse.json
obtained access cookie: A5AFD8A8862391D37A0C2EC5F27AEBAC~000000000000000000000000000000~YAAQNPBuaADU54uGAQAAVKB4jhKxNl6mpu4v2kiroyXdJa1Dy3YFYYxXza44Vzl/65c3g5O9BySl7Ve7ybtZk33xUZvIZDtLPK1yqj68wqye5qJTJKEUOVD3yrafDBFXR6IVFFbfK2f8PA4vvg2PI5g4Hbu4NzvWUScfmOTD8xT3kGQxq6fu4eTZO3ZWkhNwwsDOCWr/pwkz64ea9zHfMQPp1yZ8BxXCwKz7vE9j+/tnUnUL1O+wz3S/MArRrMx2aHT0aVB2yNX0O/U+ZVFyeFbh+1QIWbW2qCkMPVw5LL80ZKgkKTqc0reZyol5AFX1YHFBRYGlS2Zos2JhIt0QlPUP0U+AaZq53DQDFtvB3Td6IG6gEZ7Q3WMT/BrwDwopEsqTTLsFguQF2AlRNKicWF62XzoAAmJn56WfgEfLsGo=
retrieved 3017 symbols
BRK-A: unknown mic for exchange: '', setting to XXXX
BRK-A: empty name, company, description, exchange, asset class, industry, sector, region,
BRK-B: unknown mic for exchange: '', setting to XXXX
BRK-B: empty name, company, description, exchange, asset class, industry, sector, region,
LIN: empty region,
GE: empty company, description, region,
CB: empty company, description, region,
UBER: empty region,
GD: empty company, description, region,
TAK: empty region,
RACE: empty region,
WDS: empty region,
CTVA: empty region,
ANET: empty region,
DOW: empty region,
APO: empty region,
ABEV: empty region,
NTR: empty region,
HLT: empty region,
CARR: empty region,
HLN: empty region,
OTIS: empty region,
VICI: empty region,
DD: empty region,
DELL: empty region,
FERG: empty region,
TU: empty company, description, region,
ES: empty company, description, region,
CPNG: empty region,
TLK: empty region,
VEEV: empty region,
SQM: empty region,
FTV: empty region,
EC: empty region,
CNHI: empty region,
DASH: empty company, description, region,
FTS: empty region,
PAYC: empty region,
PINS: empty region,
PLTR: empty region,
AMCR: empty region,
CHWY: empty region,
AVTR: empty region,
NIO: empty region,
RTO: empty region,
EBR: empty region,
ASX: empty region,
J: empty region,
BURL: empty region,
LW: empty region,
ARES: empty region,
CRBG: empty region,
TME: empty region,
SUZ: empty region,
AMH: empty region,
TFII: empty region,
BCH: empty company, description, region,
GFL: empty region,
BAP: empty region,
TOST: empty region,
PEN: empty region,
BKI: empty region,
ARMK: empty region,
FND: empty region,
PCOR: empty region,
BILL: empty region,
VST: empty region,
AGL: empty region,
PSTG: empty region,
IOT: empty region,
AA: empty region,
AR: empty region,
PATH: empty region,
WRK: empty region,
BSAC: empty region,
NVT: empty region,
YMM: empty region,
GLOB: empty region,
SGFY: empty region,
FTI: empty region,
CLVT: empty region,
BRX: empty region,
WH: empty region,
ONON: empty region,
OGN: empty region,
EDR: empty region,
BLCO: empty region,
DOCS: empty region,
WFG: empty region,
DXC: empty region,
NVST: empty region,
CIB: empty region,
SBSW: empty region,
SAIC: empty region,
MP: empty region,
GXO: empty region,
TIMB: empty region,
TIXT: empty region,
AIRC: empty region,
STVN: empty region,
IAA: empty region,
FSK: empty region,
APG: empty region,
HGV: empty region,
ORCC: empty region,
AQN: empty region,
ENLC: empty region,
CSAN: empty region,
OMF: empty region,
NE: empty region,
TNET: empty region,
DTM: empty region,
INFA: empty region,
VAL: empty region,
PSN: empty region,
ASAI: empty region,
BIPC: empty region,
RYAN: empty region,
BEPC: empty region,
ESNT: empty region,
ALIT: empty region,
JHG: empty region,
HE: empty company, description, region,
DV: empty region,
OGS: empty region,
BE: empty region,
HRI: empty region,
DEN: empty region,
ADNT: empty region,
BXSL: empty region,
VNT: empty region,
W: empty company, description, region,
GTES: empty region,
CNM: empty region,
NTCO: empty region,
ATHM: empty region,
TRTN: empty region,
MAXR: empty region,
JXN: empty region,
NSA: empty region,
INST: empty region,
EURN: empty region,
STNG: empty region,
CPA: empty region,
ESMT: empty region,
KD: empty region,
LTH: empty region,
ESAB: empty region,
CWAN: empty region,
RNG: empty region,
NGVT: empty region,
IBP: empty region,
AMC: empty region,
VSCO: empty region,
ZGN: empty region,
SQSP: empty region,
CRC: empty region,
ASAN: empty region,
RLX: empty region,
AMBP: empty region,
ACA: empty region,
WHD: empty region,
NOMD: empty region,
ENIC: empty region,
CWK: empty region,
CCU: empty region,
ZIM: empty region,
MCW: empty region,
CXM: empty region,
OUT: empty region,
AVAL: empty region,
MC: empty region,
ETRN: empty region,
IFS: empty region,
REZI: empty region,
TFPM: empty region,
YOU: empty region,
PD: empty region,
GETY: empty region,
AGTI: empty region,
DY: empty company, description, region,
XPRO: empty region,
AI: empty region,
VVNT: empty region,
KTB: empty region,
IHS: empty region,
OR: empty region,
RXO: empty region,
INSW: empty region,
LSPD: empty region,
TCN: empty region,
TALO: empty region,
ARNC: empty region,
NABL: empty region,
ZETA: empty region,
EPC: empty region,
FTCH: empty region,
ITCB: empty region,
MSGE: empty region,
HIMS: empty region,
CHGG: empty region,
CMTG: empty region,
NXE: empty region,
SDRL: empty region,
BROS: empty region,
GOOS: empty region,
ZIP: empty region,
RVLV: empty region,
BVN: empty region,
TDCX: empty region,
FLNG: empty region,
SGHC: empty region,
CEIX: empty region,
QTWO: empty region,
ETWO: empty region,
VRTV: empty region,
SSU: empty region,
COUR: empty region,
NAPA: empty region,
FSR: empty region,
BMEZ: empty region,
CNNE: empty region,
BUR: empty region,
FORG: empty region,
CVII: empty region,
BIGZ: empty region,
FSLY: empty region,
BORR: empty region,
TGLS: empty region,
IVT: empty region,
BNRE: empty region,
COMP: empty company, description, region,
CODI: empty company, description, region,
CAAP: empty region,
TSLX: empty region,
VIST: empty region,
HKD: empty region,
LTC: empty company, description, region,
WRBY: empty region,
KN: empty region,
PDO: empty region,
JBI: empty region,
EVEX: empty region,
SPCE: empty region,
ECAT: empty region,
FIGS: empty region,
FVRR: empty region,
LVWR: empty region,
FNA: empty region,
LADR: empty region,
BBUC: empty region,
DNOW: empty region,
ERO: empty region,
PRM: empty region,
BSTZ: empty region,
CGAU: empty region,
MMI: empty region,
VLRS: empty region,
GB: empty region,
RCUS: empty region,
CARS: empty region,
JWSM: empty region,
BBU: empty region,
AAC: empty region,
MLNK: empty region,
OLO: empty region,
PL: empty region,
DFIN: empty region,
MBC: empty region,
MCG: empty region,
PSFE: empty region,
MSC: empty region,
SEMR: empty region,
DSL: empty region,
TUYA: empty region,
WDH: empty region,
FBRT: empty region,
FREY: empty region,
ZUO: empty region,
OSCR: empty region,
APE: empty region,
DOLE: empty region,
SPNT: empty region,
ATEN: empty region,
PAY: empty region,
AMPS: empty region,
FPF: empty region,
SES: empty region,
SG: empty region,
PTA: empty region,
NVGS: empty region,
BHVN: empty region,
GENI: empty region,
DDL: empty region,
BRSP: empty region,
RA: empty region,
PERF: empty region,
ZH: empty region,
CEPU: empty region,
RSKD: empty region,
DAO: empty region,
HRT: empty region,
PNTM: empty region,
LPG: empty region,
WE: empty region,
APGB: empty region,
BALY: empty region,
SII: empty region,
GOTU: empty region,
TSE: empty region,
EOS: empty company, description, region,
LANV: empty region,
GRNT: empty region,
CDRE: empty region,
PGRU: empty region,
NBXG: empty region,
EOCW: empty region,
FFC: empty region,
EHAB: empty region,
NEXA: empty region,
ASC: empty region,
HGTY: empty region,
XPOF: empty region,
MEGI: empty region,
VTEX: empty region,
ENFN: empty region,
TXO: empty region,
GHLD: empty region,
MYTE: empty region,
WDI: empty region,
MPLN: empty region,
FPAC: empty region,
CINT: empty region,
MAX: empty region,
WPCB: empty region,
CCVI: empty region,
NRGX: empty region,
PAXS: empty region,
NDMO: empty region,
DLY: empty region,
HFRO: empty region,
GMRE: empty region,
ALCC: empty region,
FSNB: empty region,
MCB: empty region,
NMCO: empty region,
BLX: empty region,
CION: empty region,
AIO: empty region,
ALTG: empty region,
VLD: empty region,
FPI: empty region,
RERE: empty region,
CRGY: empty region,
PRPC: empty region,
BIT: empty region,
EE: empty region,
SBOW: empty region,
DIAX: empty region,
EMD: empty company, description, region,
YTPG: empty region,
TRAQ: empty region,
AMPX: empty region,
SD: empty region,
HHLA: empty region,
AGAC: empty region,
SMR: empty region,
PDOT: empty region,
TLGA: empty region,
VTS: empty region,
MBAC: empty region,
NSTC: empty region,
NSTD: empty region,
SMWB: empty region,
PACK: empty region,
GLOP: empty region,
SIRE: empty region,
XPER: empty region,
BGB: empty region,
HYLN: empty region,
ONL: empty region,
LHC: empty region,
DM: empty region,
GUG: empty region,
BHIL: empty region,
CVEO: empty region,
NXDT: empty region,
COOK: empty region,
ONTF: empty region,
NRGV: empty region,
BHG: empty region,
FUBO: empty region,
ICNC: empty region,
BFAC: empty region,
BRDG: empty region,
PSPC: empty region,
BBAI: empty region,
CNDB: empty region,
GCI: empty region,
FRXB: empty region,
MTVC: empty region,
BFLY: empty region,
RONI: empty region,
JPI: empty region,
ROSS: empty region,
FACT: empty region,
TRTL: empty region,
NFYS: empty region,
CPAC: empty region,
ACRO: empty region,
AAN: empty region,
GFX: empty region,
TWNI: empty region,
SB: empty region,
NPFD: empty region,
VLN: empty region,
SUAC: empty region,
VCXB: empty region,
CLAA: empty region,
TPVG: empty region,
DFP: empty region,
EVTL: empty region,
SLQT: empty region,
NMAI: empty region,
DESP: empty region,
ANAC: empty region,
GHG: empty region,
CSTA: empty region,
FG: empty region,
ESM: empty region,
NETI: empty region,
RRAC: empty region,
MBSC: empty region,
JUN: empty region,
LLAP: empty region,
FSD: empty region,
CANO: empty region,
GOGN: empty region,
BLND: empty region,
SDHY: empty region,
BRCC: empty region,
SKE: empty region,
CXAC: empty region,
FEI: empty region,
FLME: empty region,
WPCA: empty region,
NETC: empty region,
ATEK: empty region,
STRE: empty region,
EVE: empty region,
ARIS: empty region,
NFNT: empty region,
KCGI: empty region,
BMAC: empty region,
CNDA: empty region,
PACI: empty region,
QUOT: empty region,
KMF: empty region,
BLUA: empty region,
DOUG: empty region,
FTEV: empty region,
BACA: empty region,
AEVA: empty region,
CIO: empty region,
RFMZ: empty region,
RKTA: empty region,
LDI: empty region,
WEAV: empty region,
MTAL: empty region,
RMAX: empty region,
NOTE: empty region,
JMIA: empty region,
MEC: empty region,
AMRX: empty region,
FINS: empty region,
BYN: empty region,
ADCT: empty region,
LOKM: empty region,
OOMA: empty region,
AFTR: empty region,
GPMT: empty region,
CPUH: empty region,
VEL: empty region,
STET: empty region,
NPCT: empty region,
ODV: empty region,
DMYS: empty region,
INAQ: empty region,
CORS: empty region,
AMTD: empty region,
RMM: empty region,
NMG: empty region,
GAQ: empty region,
FRGE: empty region,
TGR: empty region,
IRRX: empty region,
DSAQ: empty region,
WNNR: empty region,
RCFA: empty region,
SCUA: empty region,
KNSW: empty region,
PORT: empty region,
BRD: empty region,
TRIS: empty region,
LCW: empty region,
CURV: empty region,
HWKZ: empty region,
RJAC: empty region,
JILL: empty region,
EGGF: empty region,
FZT: empty region,
TWOA: empty region,
HYI: empty region,
PSTL: empty region,
NREF: empty region,
WAVC: empty region,
IFIN: empty region,
TRCA: empty region,
SHAP: empty region,
SMHI: empty region,
SKIL: empty region,
PHYT: empty region,
SKLZ: empty region,
DTC: empty region,
DNMR: empty region,
SEDA: empty region,
OPA: empty region,
BGSX: empty region,
LOCC: empty region,
SUPV: empty region,
HMA: empty region,
PSF: empty region,
BARK: empty region,
RSI: empty region,
KIO: empty region,
CTV: empty region,
AXAC: empty region,
APCA: empty region,
MNTN: empty region,
TCOA: empty region,
TCS: empty region,
HGLB: empty region,
NGC: empty region,
GFOR: empty region,
CLBR: empty region,
RIV: empty region,
BSAQ: empty region,
FXLV: empty region,
BKSY: empty region,
AENZ: empty region,
AFT: empty region,
GER: empty region,
FDEU: empty region,
DMB: empty region,
NTG: empty region,
ATAQ: empty region,
IVH: empty region,
AMAM: empty region,
ETX: empty region,
AKA: empty region,
DOMA: empty region,
CANG: empty region,
GSQB: empty region,
AIF: empty region,
MIO: empty region,
HBB: empty region,
JATT: empty region,
AOMR: empty region,
MRDB: empty region,
IBER: empty region,
TEAF: empty region,
ZVIA: empty region,
NIQ: empty region,
GF: empty company, description, region,
ASGI: empty region,
XYF: empty region,
PIAI: empty region,
CNF: empty region,
WEL: empty region,
FPL: empty region,
BGX: empty region,
SPIR: empty region,
CHMI: empty region,
KORE: empty region,
SPRU: empty region,
STG: empty region,
CURO: empty region,
RAAS: empty region,
RMMZ: empty region,
SONX: empty region,
DCF: empty region,
CPTK: empty region,
GIA: empty region,
GGZ: empty region,
QFTA: empty region,
RMI: empty region,
VCIF: empty region,
NXG: empty region,
CHAA: empty region,
RFM: empty region,
CZOO: empty region,
FOA: empty region,
MDV: empty region,
OSI: empty region,
VNCE: empty region,
QBTS: empty region,
GROV: empty region,
FATH: empty region,
LOCL: empty region,
PGZ: empty region,
VIAO: empty region,
CMCM: empty region,
JHAA: empty region,
IHTA: empty region,
ATIP: empty region,
HRTG: empty region,
NM: empty region,
DMA: empty region,
BRDS: empty region,
RGT: empty region,
ZEV: empty region,
HLGN: empty region,
RBT: empty region,
RSF: empty region,
VNTR: empty region,
ICD: empty region,
BOXD: empty region,
GETR: empty region,
ATTO: empty region,
OWLT: empty region,
JT: empty region,
AIU: empty region,
OPFI: empty region,
SOS: empty region,
BTCM: empty region,
UPH: empty region,
KUKE: empty region,
SHPW: empty region,
NYC: empty region,
MOGU: empty region,
FEDU: empty region,
GLS: empty region,
BQ: empty region,
GEHI: empty region,
LEJU: empty region,
AAIC^B: empty company, description, region,
AAIC^C: empty company, description, region,
AAIN: empty description,
AAM^A: empty company, description, region,
AAM^B: empty company, description, region,
ABR^D: empty company, description, region,
ABR^E: empty company, description, region,
ABR^F: empty company, description, region,
ACP^A: empty company, description, region,
ACR^C: empty company, description, region,
ACR^D: empty company, description, region,
ADC^A: empty company, description, region,
AEFC: empty description, region,
AEL^A: empty company, description, region,
AEL^B: empty company, description, region,
AFGD: empty description,
AFGE: empty description,
AGM^C: empty company, description, region,
AGM^D: empty company, description, region,
AGM^E: empty company, description, region,
AGM^F: empty company, description, region,
AGM^G: empty company, description, region,
AHH^A: empty company, description, region,
AHL^C: empty company, description, region,
AHL^D: empty company, description, region,
AHL^E: empty company, description, region,
AHT^D: empty company, description, region,
AHT^F: empty company, description, region,
AHT^G: empty company, description, region,
AHT^H: empty company, description, region,
AHT^I: empty company, description, region,
AIG^A: empty company, description, region,
AIZN: empty description,
AKO-A: unknown mic for exchange: '', setting to XXXX
AKO-A: empty name, company, description, exchange, asset class, industry, sector, region,
AKO-B: unknown mic for exchange: '', setting to XXXX
AKO-B: empty name, company, description, exchange, asset class, industry, sector, region,
AL^A: empty company, description, region,
ALL^B: empty company, description, region,
ALL^G: empty company, description, region,
ALL^H: empty company, description, region,
ALL^I: empty company, description, region,
ALTG^A: empty company, description, region,
AMH^G: empty company, description, region,
AMH^H: empty company, description, region,
APTV^A: empty company, description, region,
AQNA: empty region,
AQNB: empty region,
AQNU: empty region,
ARGO^A: empty company, description, region,
ARR^C: empty company, description, region,
ASB^E: empty company, description, region,
ASB^F: empty company, description, region,
ATCO^D: empty company, description, region,
ATCO^H: empty company, description, region,
ATCO^I: empty company, description, region,
ATH^A: empty company, description, region,
ATH^B: empty company, description, region,
ATH^C: empty company, description, region,
ATH^D: empty company, description, region,
ATH^E: empty company, description, region,
AUB^A: empty company, description, region,
AXS^E: empty company, description, region,
BAC^B: empty company, description, region,
BAC^E: empty company, description, region,
BAC^K: empty company, description, region,
BAC^L: empty company, description, region,
BAC^M: empty company, description, region,
BAC^N: empty company, description, region,
BAC^O: empty company, description, region,
BAC^P: empty company, description, region,
BAC^Q: empty company, description, region,
BAC^S: empty company, description, region,
BC^A: empty company, description, region,
BC^B: empty company, description, region,
BC^C: empty company, description, region,
BEP^A: empty company, description, region,
BEPH: empty description, region,
BEPI: empty description, region,
BF-A: unknown mic for exchange: '', setting to XXXX
BF-A: empty name, company, description, exchange, asset class, industry, sector, region,
BF-B: unknown mic for exchange: '', setting to XXXX
BF-B: empty name, company, description, exchange, asset class, industry, sector, region,
BFS^D: empty company, description, region,
BFS^E: empty company, description, region,
BHR^B: empty company, description, region,
BHR^D: empty company, description, region,
BIO-B: unknown mic for exchange: '', setting to XXXX
BIO-B: empty name, company, description, exchange, asset class, industry, sector, region,
BIP^A: empty company, description, region,
BIP^B: empty company, description, region,
BIPH: empty description, region,
BIPI: empty description, region,
BML^G: empty company, description, region,
BML^H: empty company, description, region,
BML^J: empty company, description, region,
BML^L: empty company, description, region,
BMN: empty region,
BNH: empty description, region,
BNJ: empty description, region,
BOH^A: empty company, description, region,
BSX^A: empty company, description, region,
BW^A: empty company, description, region,
BWNB: empty description,
BWSN: empty description,
C^J: empty company, description, region,
C^K: empty company, description, region,
C^N: empty company, description, region,
CADE^A: empty company, description, region,
CCV: empty region,
CDR^B: empty company, description, region,
CDR^C: empty company, description, region,
CEQP^: empty company, description, region,
CFG^D: empty company, description, region,
CFG^E: empty company, description, region,
CFR^B: empty company, description, region,
CHMI^A: empty company, description, region,
CHMI^B: empty company, description, region,
CHRB: empty description,
CIM^A: empty company, description, region,
CIM^B: empty company, description, region,
CIM^C: empty company, description, region,
CIM^D: empty company, description, region,
CIO^A: empty company, description, region,
CLDT^A: empty company, description, region,
CLVT^A: empty company, description, region,
CMRE^B: empty company, description, region,
CMRE^C: empty company, description, region,
CMRE^D: empty company, description, region,
CMRE^E: empty company, description, region,
CMS^B: empty company, description, region,
CMS^C: empty company, description, region,
CNO^A: empty company, description, region,
CODI^A: empty company, description, region,
CODI^B: empty company, description, region,
CODI^C: empty company, description, region,
COF^I: empty company, description, region,
COF^J: empty company, description, region,
COF^K: empty company, description, region,
COF^L: empty company, description, region,
COF^N: empty company, description, region,
CORR^A: empty company, description, region,
CRD-A: unknown mic for exchange: '', setting to XXXX
CRD-A: empty name, company, description, exchange, asset class, industry, sector, region,
CRD-B: unknown mic for exchange: '', setting to XXXX
CRD-B: empty name, company, description, exchange, asset class, industry, sector, region,
CSR^C: empty company, description, region,
CTA^A: empty company, description, region,
CTA^B: empty company, description, region,
CTBB: empty description,
CTDD: empty description,
CTO^A: empty company, description, region,
CUBI^E: empty company, description, region,
CUBI^F: empty company, description, region,
DBRG^H: empty company, description, region,
DBRG^I: empty company, description, region,
DBRG^J: empty company, description, region,
DCP^B: empty company, description, region,
DCP^C: empty company, description, region,
DHR^B: empty company, description, region,
DLNG^A: empty company, description, region,
DLNG^B: empty company, description, region,
DLR^J: empty company, description, region,
DLR^K: empty company, description, region,
DLR^L: empty company, description, region,
DRH^A: empty company, description, region,
DSX^B: empty company, description, region,
DTB: empty description,
DTG: empty description,
DTLA^: empty company, description, region,
DUK^A: empty company, description, region,
DX^C: empty company, description, region,
EAI: empty description,
ECC^D: empty company, description, region,
ECCV: empty description,
ECCW: empty description,
EFC^A: empty company, description, region,
EFC^B: empty company, description, region,
EFC^C: empty company, description, region,
EIC: empty region,
EICA: empty region,
ELC: empty description,
EMP: empty description,
ENJ: empty description,
ENO: empty description,
EP^C: empty company, description, region,
EPR^C: empty company, description, region,
EPR^E: empty company, description, region,
EPR^G: empty company, description, region,
EQC^D: empty company, description, region,
EQH^A: empty company, description, region,
EQH^C: empty company, description, region,
ET^C: empty company, description, region,
ET^D: empty company, description, region,
ET^E: empty company, description, region,
ETI^: empty company, description, region,
F^B: empty company, description, region,
F^C: empty company, description, region,
F^D: empty company, description, region,
FBRT^E: empty company, description, region,
FCRX: empty description,
FHN^B: empty company, description, region,
FHN^C: empty company, description, region,
FHN^D: empty company, description, region,
FHN^E: empty company, description, region,
FHN^F: empty company, description, region,
FNB^E: empty company, description, region,
FRC^H: empty company, description, region,
FRC^I: empty company, description, region,
FRC^J: empty company, description, region,
FRC^K: empty company, description, region,
FRC^L: empty company, description, region,
FRC^M: empty company, description, region,
FRC^N: empty company, description, region,
FRT^C: empty company, description, region,
FSCO: empty region,
GAB^G: empty company, description, region,
GAB^H: empty company, description, region,
GAB^K: empty company, description, region,
GAM^B: empty company, description, region,
GDL^C: empty company, description, region,
GDV^H: empty company, description, region,
GDV^K: empty company, description, region,
GFLU: empty region,
GGT^E: empty company, description, region,
GGT^G: empty company, description, region,
GJH: empty description,
GJO: empty description,
GJP: empty description,
GJS: empty description,
GJT: empty description,
GL^D: empty company, description, region,
GLOG^A: empty company, description, region,
GLOP^A: empty company, description, region,
GLOP^B: empty company, description, region,
GLOP^C: empty company, description, region,
GLP^A: empty company, description, region,
GLP^B: empty company, description, region,
GMRE^A: empty company, description, region,
GNE^A: empty company, description, region,
GNL^A: empty company, description, region,
GNL^B: empty company, description, region,
GNT^A: empty company, description, region,
GPJA: empty description,
GPMT^A: empty company, description, region,
GRBK^A: empty company, description, region,
GS^A: empty company, description, region,
GS^C: empty company, description, region,
GS^D: empty company, description, region,
GS^J: empty company, description, region,
GS^K: empty company, description, region,
GSL^B: empty company, description, region,
GTLS^B: empty company, description, region,
GUT^C: empty company, description, region,
HEI-A: unknown mic for exchange: '', setting to XXXX
HEI-A: empty name, company, description, exchange, asset class, industry, sector, region,
HFRO^A: empty company, description, region,
HIG^G: empty company, description, region,
HL^B: empty company, description, region,
HPP^C: empty company, description, region,
HT^C: empty company, description, region,
HT^D: empty company, description, region,
HT^E: empty company, description, region,
HTFB: empty description,
HTFC: empty description,
HVT-A: unknown mic for exchange: '', setting to XXXX
HVT-A: empty name, company, description, exchange, asset class, industry, sector, region,
ICR^A: empty company, description, region,
IIPR^A: empty company, description, region,
INN^E: empty company, description, region,
INN^F: empty company, description, region,
IVR^B: empty company, description, region,
IVR^C: empty company, description, region,
JBK: empty description,
JPM^C: empty company, description, region,
JPM^D: empty company, description, region,
JPM^J: empty company, description, region,
JPM^K: empty company, description, region,
JPM^L: empty company, description, region,
JPM^M: empty company, description, region,
KEY^I: empty company, description, region,
KEY^J: empty company, description, region,
KEY^K: empty company, description, region,
KEY^L: empty company, description, region,
KIM^L: empty company, description, region,
KIM^M: empty company, description, region,
KKR^C: empty company, description, region,
KKRS: empty description, region,
KMPB: empty description,
KREF^A: empty company, description, region,
KTN: empty description,
LFT^A: empty company, description, region,
LNC^D: empty company, description, region,
LXP^C: empty company, description, region,
MAA^I: empty company, description, region,
MDV^A: empty company, description, region,
MER^K: empty company, description, region,
MET^A: empty company, description, region,
MET^E: empty company, description, region,
MET^F: empty company, description, region,
MFA^B: empty company, description, region,
MFA^C: empty company, description, region,
MGRB: empty description,
MGRD: empty description,
MITT^A: empty company, description, region,
MITT^B: empty company, description, region,
MITT^C: empty company, description, region,
MS^A: empty company, description, region,
MS^E: empty company, description, region,
MS^F: empty company, description, region,
MS^I: empty company, description, region,
MS^K: empty company, description, region,
MS^L: empty company, description, region,
MS^O: empty company, description, region,
MS^P: empty company, description, region,
MTB^H: empty company, description, region,
MTCN: empty description,
NCV^A: empty company, description, region,
NCZ^A: empty company, description, region,
NEE^N: empty company, description, region,
NEE^P: empty company, description, region,
NEE^Q: empty company, description, region,
NEE^R: empty company, description, region,
NGL^B: empty company, description, region,
NGL^C: empty company, description, region,
NI^B: empty company, description, region,
NLY^F: empty company, description, region,
NLY^G: empty company, description, region,
NLY^I: empty company, description, region,
NM^G: empty company, description, region,
NM^H: empty company, description, region,
NMK^B: empty company, description, region,
NMK^C: empty company, description, region,
NREF^A: empty company, description, region,
NRUC: empty description, region,
NS^A: empty company, description, region,
NS^B: empty company, description, region,
NS^C: empty company, description, region,
NSA^A: empty company, description, region,
NSS: empty description,
NXDT^A: empty company, description, region,
NYCB^A: empty company, description, region,
NYCB^U: empty company, description, region,
OAK^A: empty company, description, region,
OAK^B: empty company, description, region,
OPP^A: empty company, description, region,
OPP^B: empty company, description, region,
PBI^B: empty company, description, region,
PEB^E: empty company, description, region,
PEB^F: empty company, description, region,
PEB^G: empty company, description, region,
PEB^H: empty company, description, region,
PFH: empty description,
PMT^A: empty company, description, region,
PMT^B: empty company, description, region,
PMT^C: empty company, description, region,
PRE^J: empty company, description, region,
PRH: empty description,
PRIF^D: empty company, description, region,
PRIF^F: empty company, description, region,
PRIF^G: empty company, description, region,
PRIF^H: empty company, description, region,
PRIF^I: empty company, description, region,
PRIF^J: empty company, description, region,
PRIF^K: empty company, description, region,
PRIF^L: empty company, description, region,
PSA^F: empty company, description, region,
PSA^G: empty company, description, region,
PSA^H: empty company, description, region,
PSA^I: empty company, description, region,
PSA^J: empty company, description, region,
PSA^K: empty company, description, region,
PSA^L: empty company, description, region,
PSA^M: empty company, description, region,
PSA^N: empty company, description, region,
PSA^O: empty company, description, region,
PSA^P: empty company, description, region,
PSA^Q: empty company, description, region,
PSA^R: empty company, description, region,
PSA^S: empty company, description, region,
PSEC^A: empty company, description, region,
PYT: empty description,
QVCC: empty description,
QVCD: empty description,
RC^C: empty company, description, region,
RC^E: empty company, description, region,
RCB: empty description,
RCC: empty description,
REXR^B: empty company, description, region,
REXR^C: empty company, description, region,
RF^B: empty company, description, region,
RF^C: empty company, description, region,
RF^E: empty company, description, region,
RITM^A: empty company, description, region,
RITM^B: empty company, description, region,
RITM^C: empty company, description, region,
RITM^D: empty company, description, region,
RIV^A: empty company, description, region,
RJF^A: empty company, description, region,
RJF^B: empty company, description, region,
RLJ^A: empty company, description, region,
RLTY: empty region,
RMPL^: empty company, description, region,
RNR^F: empty company, description, region,
RNR^G: empty company, description, region,
RPT^D: empty company, description, region,
RWT^A: empty company, description, region,
RY^T: empty company, description, region,
RZC: empty description,
SAJ: empty description,
SAT: empty description,
SAY: empty description,
SB^C: empty company, description, region,
SB^D: empty company, description, region,
SBBA: empty description, region,
SCE^G: empty company, description, region,
SCE^H: empty company, description, region,
SCE^J: empty company, description, region,
SCE^K: empty company, description, region,
SCE^L: empty company, description, region,
SCHW^D: empty company, description, region,
SCHW^J: empty company, description, region,
SEAL^A: empty company, description, region,
SEAL^B: empty company, description, region,
SF^B: empty company, description, region,
SF^C: empty company, description, region,
SF^D: empty company, description, region,
SFB: empty description,
SHO^H: empty company, description, region,
SHO^I: empty company, description, region,
SI^A: empty company, description, region,
SITC^A: empty company, description, region,
SLG^I: empty company, description, region,
SNV^D: empty company, description, region,
SNV^E: empty company, description, region,
SOJE: empty description,
SPE^C: empty company, description, region,
SPG^J: empty company, description, region,
SPLP^A: empty company, description, region,
SPNT^B: empty company, description, region,
SR^A: empty company, description, region,
SRC^A: empty company, description, region,
SREA: empty description,
SRG^A: empty company, description, region,
STAR^D: empty company, description, region,
STAR^G: empty company, description, region,
STAR^I: empty company, description, region,
STT^D: empty company, description, region,
STT^G: empty company, description, region,
SYF^A: empty company, description, region,
T^A: empty company, description, region,
T^C: empty company, description, region,
TDS^U: empty company, description, region,
TDS^V: empty company, description, region,
TFC^I: empty company, description, region,
TFC^O: empty company, description, region,
TFC^R: empty company, description, region,
TFSA: empty description, region,
TGH^A: empty company, description, region,
TGH^B: empty company, description, region,
TNP^D: empty company, description, region,
TNP^E: empty company, description, region,
TNP^F: empty company, description, region,
TPTA: empty description, region,
TRTN^A: empty company, description, region,
TRTN^B: empty company, description, region,
TRTN^C: empty company, description, region,
TRTN^D: empty company, description, region,
TRTN^E: empty company, description, region,
TRTX^C: empty company, description, region,
TVE: empty description,
TWO^A: empty company, description, region,
TWO^B: empty company, description, region,
TWO^C: empty company, description, region,
UBP^H: empty company, description, region,
UBP^K: empty company, description, region,
UMH^D: empty company, description, region,
USB^A: empty company, description, region,
USB^H: empty company, description, region,
USB^P: empty company, description, region,
USB^Q: empty company, description, region,
USB^R: empty company, description, region,
USB^S: empty company, description, region,
UZD: empty description,
UZE: empty description,
UZF: empty description,
VNO^L: empty company, description, region,
VNO^M: empty company, description, region,
VNO^N: empty company, description, region,
VNO^O: empty company, description, region,
VOYA^B: empty company, description, region,
WAL^A: empty company, description, region,
WBS^F: empty company, description, region,
WBS^G: empty company, description, region,
WCC^A: empty company, description, region,
WFC^A: empty company, description, region,
WFC^C: empty company, description, region,
WFC^D: empty company, description, region,
WFC^L: empty company, description, region,
WFC^Q: empty company, description, region,
WFC^R: empty company, description, region,
WFC^Y: empty company, description, region,
WFC^Z: empty company, description, region,
WRB^E: empty company, description, region,
WRB^F: empty company, description, region,
WRB^G: empty company, description, region,
WRB^H: empty company, description, region,
WSO-B: unknown mic for exchange: '', setting to XXXX
WSO-B: empty name, company, description, exchange, asset class, industry, sector, region,
XFLT^A: empty company, description, region,
finished: 2023-02-26_17-31-29
=======================================
2023-06-22_13-26-53
=======================================
reading nasdaq-stock-nyse.json
obtained access cookie: 86CB07ADF4EA82D448FFE1B4C8994073~000000000000000000000000000000~YAAQNPBuaLTVMMiIAQAAWOjc4hSbNK7usDLjjmokSga7nww+fay7IPPmSQK8G3xMNsRWnL8OVeJxQD+y0HXvDkXXYbM83BqiOkZeg6Y9SCo5uCyi6cTx1ohhMJAWunecTpC6+a2DTQEPYzhlssjK/wRa5UeJ5gTX7ULVxSEbquRoD7CLbtcWjBqYjYJi3CzNU6B0X4mHVy7uIQgOUqGlfm2P8KUNH42b++W4BRzFI0wm0UsxCYx9v+Kbxjx92+n9bMY+VNZObEK2ymwnzCvcMrqH3Lq7Q1C3OiGFo/mcNyHjZ83eK6QM8lWtEd9xO6tgd//4ZfR2vaMqJ1uEVxPuM4auixHhQsuEw7dqBKqHnQxSmndRxBohdLrszhd0T4a60GUPHpG3MvbT6QZkaVUjCnaKk2DBaHZocU1a+B2V5SM=
retrieved 2921 symbols
PCGU: empty description,
BRK-A: unknown mic for exchange: '', setting to XXXX
BRK-A: empty name, company, description, exchange, asset class, industry, sector, region,
BRK-B: unknown mic for exchange: '', setting to XXXX
BRK-B: empty name, company, description, exchange, asset class, industry, sector, region,
LIN: empty region,
GE: empty company, description, region,
CB: empty company, description, region,
HLN: empty region,
RACE: empty region,
GD: empty company, description, region,
ABEV: empty region,
KVUE: empty region,
TAK: empty region,
ANET: empty region,
WDS: empty region,
APO: empty region,
PCG: empty description,
HLT: empty region,
DOW: empty region,
OTIS: empty region,
DD: empty region,
VICI: empty region,
FERG: empty region,
CPNG: empty region,
NTR: empty region,
DASH: empty company, description, region,
ARES: empty region,
TU: empty company, description, region,
TLK: empty region,
EICA: empty region,
ES: empty company, description, region,
FTV: empty region,
EC: empty region,
SQM: empty region,
RTO: empty region,
CNHI: empty region,
EBR: empty region,
ASX: empty region,
PAYC: empty region,
NIO: empty region,
GFL: empty region,
AMCR: empty region,
J: empty region,
IOT: empty region,
BAM: empty region,
PEN: empty region,
NE: empty region,
BAP: empty region,
TOST: empty region,
PSTG: empty region,
ARMK: empty region,
BCH: empty company, description, region,
FND: empty region,
WFG: empty region,
BURL: empty region,
VST: empty region,
TFII: empty region,
BKI: empty region,
STE: empty description,
BSAC: empty region,
PCOR: empty region,
AIU: empty region,
ONON: empty region,
NVT: empty region,
GLOB: empty region,
TIMB: empty region,
GXO: empty region,
GJS: empty description,
CSAN: empty region,
AMC: empty region,
BLCO: empty region,
CNM: empty region,
FTI: empty region,
CIB: empty region,
SUZ: empty region,
AR: empty region,
BRX: empty region,
DV: empty region,
W: empty company, description, region,
APG: empty region,
WH: empty region,
TNET: empty region,
DXC: empty region,
BEPC: empty region,
AIRC: empty region,
OSK: empty name,
ORCC: empty region,
OGN: empty region,
OMF: empty region,
HGV: empty region,
NTCO: empty region,
ESNT: empty region,
ATS: empty region,
SBSW: empty description, region,
ENLC: empty region,
ENIC: empty region,
TRTN: empty region,
JHG: empty region,
DEN: empty region,
OGS: empty region,
VAL: empty region,
ETRN: empty region,
HE: empty company, description, region,
TIXT: empty region,
ESAB: empty region,
MP: empty region,
ASAI: empty region,
CWAN: empty region,
HRI: empty region,
GTES: empty region,
IBP: empty region,
LTH: empty region,
EURN: empty region,
ATHM: empty region,
BE: empty region,
INST: empty region,
WHD: empty region,
DY: empty company, description, region,
CPA: empty region,
RNG: empty region,
SDRL: empty region,
NSA: empty region,
MC: empty region,
NOMD: empty region,
ESMT: empty region,
ZGN: empty region,
CCU: empty region,
EVEX: empty region,
IHS: empty region,
AVAL: empty region,
OR: empty region,
IFS: empty region,
BUR: empty region,
FG: empty region,
RLX: empty region,
TFPM: empty region,
REZI: empty region,
NABL: empty region,
APE: empty region,
RXO: empty region,
PFGC: empty description,
ATIP: empty region,
OUT: empty region,
STNG: empty region,
KTB: empty region,
LSPD: empty region,
CEIX: empty region,
TCN: empty region,
TGLS: empty region,
SHCO: empty region,
NXE: empty region,
ITCL: empty region,
LVWR: empty region,
EPC: empty region,
VIST: empty region,
AMBP: empty region,
PD: empty region,
SGHC: empty region,
FTCH: empty region,
NGVT: empty region,
ERO: empty region,
CWK: empty region,
BVN: empty region,
OSCR: empty region,
INSW: empty region,
CAAP: empty region,
SMR: empty region,
BIGZ: empty region,
ZETA: empty region,
FSR: empty region,
XPRO: empty region,
HIMS: empty region,
AESI: empty region,
TALO: empty region,
BORR: empty region,
FORG: empty region,
VRTV: empty region,
QTWO: empty region,
GOOS: empty region,
FLNG: empty region,
ECAT: empty region,
KN: empty region,
ZIP: empty region,
CMTG: empty region,
ETWO: empty region,
VLRS: empty region,
BHVN: empty region,
ZUO: empty region,
TSLX: empty region,
SBBA: empty region,
CODI: empty company, description, region,
MSC: empty region,
CNNE: empty region,
SAFE: empty region,
ZIM: empty region,
MBC: empty region,
COMP: empty company, description, region,
FNA: empty region,
PDO: empty region,
BBUC: empty region,
BSTZ: empty region,
PAY: empty region,
BBU: empty region,
LTC: empty company, description, region,
WRBY: empty region,
LADR: empty region,
SOS: empty region,
PKST: empty region,
DFIN: empty region,
DOLE: empty region,
MPLN: empty region,
CARS: empty region,
HKD: empty region,
MMI: empty region,
GENI: empty region,
DSL: empty region,
CHGG: empty region,
TDCX: empty region,
SG: empty region,
SSU: empty region,
BRCC: empty region,
ATEN: empty region,
STVN: empty region,
CEPU: empty region,
DNOW: empty region,
LC: empty company, description, region,
FVRR: empty region,
WDH: empty region,
GB: empty region,
PTA: empty region,
NVGS: empty region,
PRM: empty description, region,
GRNT: empty description, region,
FSCO: empty region,
AMRX: empty region,
BRSP: empty region,
RSKD: empty region,
AMPS: empty region,
SII: empty region,
GOTU: empty region,
HRT: empty region,
AAC: empty region,
GHLD: empty region,
CLCO: empty description, region,
LANV: empty description, region,
SES: empty region,
PGRU: empty region,
DDL: empty region,
DLY: empty region,
NRGX: empty region,
BRDS: empty region,
PSFE: empty region,
TXO: empty region,
DM: empty region,
RERE: empty region,
VTS: empty region,
NEXA: empty region,
AIO: empty region,
GMRE: empty region,
SBOW: empty region,
FPI: empty region,
NMCO: empty region,
EHAB: empty region,
NDMO: empty region,
MAX: empty region,
BLX: empty region,
DAO: empty region,
WEAV: empty region,
CION: empty region,
FUBO: empty region,
ARIS: empty region,
XPER: empty region,
EE: empty region,
ASC: empty region,
SMWB: empty region,
PERF: empty description, region,
GHG: empty region,
DTC: empty region,
TSE: empty region,
DESP: empty region,
NETI: empty region,
OPFI: empty region,
WE: empty region,
TPTA: empty region,
CPAC: empty region,
GLOP: empty region,
NXDT: empty region,
TPVG: empty region,
MCB: empty region,
MBSC: empty region,
LOCL: empty region,
EVTL: empty description, region,
JPI: empty region,
SKE: empty region,
FRGE: empty region,
ONTF: empty region,
SB: empty region,
SDHY: empty region,
NRGV: empty region,
BBAI: empty region,
BNRE: empty region,
RFMZ: empty region,
KMF: empty region,
GROV: empty region,
PACK: empty region,
JMIA: empty region,
RMAX: empty region,
MYTE: empty region,
FINS: empty region,
AMTD: empty region,
SMHI: empty region,
CVEO: empty region,
RMM: empty region,
EGGF: empty region,
SUPV: empty region,
GCI: empty region,
CURV: empty region,
SLQT: empty region,
GPMT: empty region,
DNMR: empty region,
AEVA: empty region,
BARK: empty region,
SKLZ: empty region,
VLN: empty region,
NREF: empty region,
HSHP: empty description, region,
EIC: empty region,
JILL: empty region,
PSF: empty region,
BMEZ: empty region,
CIO: empty region,
XYF: empty region,
BHIL: empty region,
CNF: empty region,
LLAP: empty region,
NMG: empty region,
ETX: empty region,
ADCT: empty region,
TEAF: empty region,
FOA: empty region,
AENZ: empty region,
VCXB: empty region,
CANG: empty region,
MBAC: empty region,
HBB: empty region,
CINT: empty region,
QBTS: empty region,
CTV: empty region,
CHMI: empty region,
OPA: empty region,
HRTG: empty region,
SPIR: empty region,
GGZ: empty region,
RMI: empty region,
MDV: empty region,
NXG: empty region,
RFM: empty region,
KORE: empty region,
DOMA: empty region,
RBT: empty region,
JHAA: empty region,
CMCM: empty region,
MRDB: empty description, region,
IHTA: empty region,
AKA: empty region,
SONX: empty region,
RGT: empty region,
VIAO: empty region,
RSF: empty region,
STG: empty region,
CZOO: empty region,
FATH: empty region,
LEJU: empty region,
HLGN: empty region,
VNCE: empty region,
OWLT: empty region,
NM: empty region,
ICD: empty region,
BQ: empty region,
BTCM: empty region,
UPH: empty region,
JT: empty region,
MOGU: empty region,
GEHI: empty region,
SHPW: empty region,
ATTO: empty region,
ZEV: empty region,
NYC: empty region,
FEDU: empty region,
KUKE: empty region,
GETR: empty region,
AACT: empty description, region,
AAIC^B: empty company, description, region,
AAIC^C: empty company, description, region,
AAM^A: empty company, description, region,
AAM^B: empty company, description, region,
ABR^D: empty company, description, region,
ABR^E: empty company, description, region,
ABR^F: empty company, description, region,
ACP^A: empty company, description, region,
ACR^C: empty company, description, region,
ACR^D: empty company, description, region,
ACRO: empty region,
ADC^A: empty company, description, region,
AEFC: empty description,
AEL^A: empty company, description, region,
AEL^B: empty company, description, region,
AFT: empty region,
AFTR: empty region,
AGAC: empty region,
AGM^C: empty company, description, region,
AGM^D: empty company, description, region,
AGM^E: empty company, description, region,
AGM^F: empty company, description, region,
AGM^G: empty company, description, region,
AHH^A: empty company, description, region,
AHL^C: empty company, description, region,
AHL^D: empty company, description, region,
AHL^E: empty company, description, region,
AHT^D: empty company, description, region,
AHT^F: empty company, description, region,
AHT^G: empty company, description, region,
AHT^H: empty company, description, region,
AHT^I: empty company, description, region,
AIF: empty region,
AIG^A: empty company, description, region,
AKO-A: unknown mic for exchange: '', setting to XXXX
AKO-A: empty name, company, description, exchange, asset class, industry, sector, region,
AKO-B: unknown mic for exchange: '', setting to XXXX
AKO-B: empty name, company, description, exchange, asset class, industry, sector, region,
AL^A: empty company, description, region,
ALCC: empty region,
ALL^B: empty company, description, region,
ALL^H: empty company, description, region,
ALL^I: empty company, description, region,
ALL^J: empty company, description, region,
ALTG^A: empty company, description, region,
AMH^G: empty company, description, region,
AMH^H: empty company, description, region,
APCA: empty region,
APGB: empty region,
ARGO^A: empty company, description, region,
ARR^C: empty company, description, region,
ASB^E: empty company, description, region,
ASB^F: empty company, description, region,
ASGI: empty region,
ATCO^D: empty company, description, region,
ATCO^H: empty company, description, region,
ATCO^I: empty company, description, region,
ATEK: empty region,
ATH^A: empty company, description, region,
ATH^B: empty company, description, region,
ATH^C: empty company, description, region,
ATH^D: empty company, description, region,
ATH^E: empty company, description, region,
ATMU: empty description, region,
AUB^A: empty company, description, region,
AXS^E: empty company, description, region,
BAC^B: empty company, description, region,
BAC^E: empty company, description, region,
BAC^K: empty company, description, region,
BAC^L: empty company, description, region,
BAC^M: empty company, description, region,
BAC^N: empty company, description, region,
BAC^O: empty company, description, region,
BAC^P: empty company, description, region,
BAC^Q: empty company, description, region,
BAC^S: empty company, description, region,
BC^A: empty company, description, region,
BC^B: empty company, description, region,
BC^C: empty company, description, region,
BEP^A: empty company, description, region,
BF-A: unknown mic for exchange: '', setting to XXXX
BF-A: empty name, company, description, exchange, asset class, industry, sector, region,
BF-B: unknown mic for exchange: '', setting to XXXX
BF-B: empty name, company, description, exchange, asset class, industry, sector, region,
BFAC: empty region,
BFS^D: empty company, description, region,
BFS^E: empty company, description, region,
BGB: empty region,
BGX: empty region,
BHR^B: empty company, description, region,
BHR^D: empty company, description, region,
BIO-B: unknown mic for exchange: '', setting to XXXX
BIO-B: empty name, company, description, exchange, asset class, industry, sector, region,
BIP^A: empty company, description, region,
BIP^B: empty company, description, region,
BIPI: empty description, region,
BIT: empty region,
BMAC: empty region,
BML^G: empty company, description, region,
BML^H: empty company, description, region,
BML^J: empty company, description, region,
BML^L: empty company, description, region,
BMN: empty region,
BNH: empty description, region,
BNJ: empty description, region,
BOH^A: empty company, description, region,
BRD: empty region,
BW^A: empty company, description, region,
BXSL: empty region,
BYN: empty region,
C^J: empty company, description, region,
C^K: empty company, description, region,
C^N: empty company, description, region,
CADE^A: empty company, description, region,
CAVA: empty description, region,
CCV: empty description, region,
CCVI: empty region,
CCZ: empty description,
CDR^B: empty company, description, region,
CDR^C: empty company, description, region,
CEQP^: empty company, description, region,
CFG^D: empty company, description, region,
CFG^E: empty company, description, region,
CFR^B: empty company, description, region,
CHMI^A: empty company, description, region,
CHMI^B: empty company, description, region,
CIM^A: empty company, description, region,
CIM^B: empty company, description, region,
CIM^C: empty company, description, region,
CIM^D: empty company, description, region,
CIO^A: empty company, description, region,
CLBR: empty region,
CLDT^A: empty company, description, region,
CLVT^A: empty company, description, region,
CMRE^B: empty company, description, region,
CMRE^C: empty company, description, region,
CMRE^D: empty company, description, region,
CMRE^E: empty company, description, region,
CMS^B: empty company, description, region,
CMS^C: empty company, description, region,
CNDA: empty region,
CNDB: empty region,
CNO^A: empty company, description, region,
CODI^A: empty company, description, region,
CODI^B: empty company, description, region,
CODI^C: empty company, description, region,
COF^I: empty company, description, region,
COF^J: empty company, description, region,
COF^K: empty company, description, region,
COF^L: empty company, description, region,
COF^N: empty company, description, region,
CORR^A: empty company, description, region,
CORS: empty region,
CPTK: empty region,
CPUH: empty region,
CRD-A: unknown mic for exchange: '', setting to XXXX
CRD-A: empty name, company, description, exchange, asset class, industry, sector, region,
CRD-B: unknown mic for exchange: '', setting to XXXX
CRD-B: empty name, company, description, exchange, asset class, industry, sector, region,
CSR^C: empty company, description, region,
CSTA: empty region,
CTA^A: empty company, description, region,
CTA^B: empty company, description, region,
CTO^A: empty company, description, region,
CUBI^E: empty company, description, region,
CUBI^F: empty company, description, region,
CVII: empty region,
CXAC: empty region,
DBRG^H: empty company, description, region,
DBRG^I: empty company, description, region,
DBRG^J: empty company, description, region,
DCF: empty region,
DCP^C: empty company, description, region,
DFP: empty region,
DIAX: empty region,
DLNG^A: empty company, description, region,
DLNG^B: empty company, description, region,
DLR^J: empty company, description, region,
DLR^K: empty company, description, region,
DLR^L: empty company, description, region,
DMA: empty region,
DMB: empty region,
DRH^A: empty company, description, region,
DSX^B: empty company, description, region,
DUK^A: empty company, description, region,
DX^C: empty company, description, region,
ECC^D: empty company, description, region,
EFC^A: empty company, description, region,
EFC^B: empty company, description, region,
EFC^C: empty company, description, region,
EMD: empty company, description, region,
EOCW: empty region,
EOS: empty company, description, region,
EP^C: empty company, description, region,
EPR^C: empty company, description, region,
cannot do request, retries (5 of 5): Get "https://api.nasdaq.com/api/quote/EPR%5EE/summary?assetclass=stocks": context deadline exceeded (Client.Timeout exceeded while awaiting headers)
EPR^E: empty company, description, region,
EPR^G: empty company, description, region,
EQC^D: empty company, description, region,
EQH^A: empty company, description, region,
EQH^C: empty company, description, region,
ET^C: empty company, description, region,
ET^D: empty company, description, region,
ET^E: empty company, description, region,
ETI^: empty company, description, region,
F^B: empty company, description, region,
F^C: empty company, description, region,
F^D: empty company, description, region,
FACT: empty region,
FBRT^E: empty company, description, region,
FDEU: empty region,
FEI: empty region,
FFC: empty region,
FHN^B: empty company, description, region,
FHN^C: empty company, description, region,
FHN^D: empty company, description, region,
FHN^E: empty company, description, region,
FHN^F: empty company, description, region,
FLME: empty region,
FNB^E: empty company, description, region,
FPF: empty region,
FPL: empty region,
FRT^C: empty company, description, region,
FRXB: empty region,
FSD: empty region,
FSNB: empty region,
FZT: empty region,
GAB^G: empty company, description, region,
GAB^H: empty company, description, region,
GAB^K: empty company, description, region,
GAM^B: empty company, description, region,
GAQ: empty region,
GDL^C: empty company, description, region,
GDV^H: empty company, description, region,
GDV^K: empty company, description, region,
GER: empty region,
GF: empty company, description, region,
GFOR: empty region,
GFX: empty region,
GGT^G: empty company, description, region,
GJO: empty description,
GJP: empty description,
GJR: empty description,
GJT: empty description,
GL^D: empty company, description, region,
GLOG^A: empty company, description, region,
GLOP^A: empty company, description, region,
GLOP^B: empty company, description, region,
GLOP^C: empty company, description, region,
GLP^A: empty company, description, region,
GLP^B: empty company, description, region,
GMRE^A: empty company, description, region,
GNL^A: empty company, description, region,
GNL^B: empty company, description, region,
GNT^A: empty company, description, region,
GOGN: empty region,
GPMT^A: empty company, description, region,
GRBK^A: empty company, description, region,
GS^A: empty company, description, region,
GS^C: empty company, description, region,
GS^D: empty company, description, region,
GS^J: empty company, description, region,
GS^K: empty company, description, region,
GSL^B: empty company, description, region,
GTLS^B: empty company, description, region,
GUG: empty region,
GUT^C: empty company, description, region,
HEI-A: unknown mic for exchange: '', setting to XXXX
HEI-A: empty name, company, description, exchange, asset class, industry, sector, region,
HFRO^A: empty company, description, region,
HGLB: empty region,
HHLA: empty region,
HIG^G: empty company, description, region,
HMA: empty region,
HPP^C: empty company, description, region,
HT^C: empty company, description, region,
HT^D: empty company, description, region,
HT^E: empty company, description, region,
HVT-A: unknown mic for exchange: '', setting to XXXX
HVT-A: empty name, company, description, exchange, asset class, industry, sector, region,
HWKZ: empty region,
HYI: empty region,
ICNC: empty region,
ICR^A: empty company, description, region,
IIPR^A: empty company, description, region,
INN^E: empty company, description, region,
INN^F: empty company, description, region,
IRRX: empty region,
IVR^B: empty company, description, region,
IVR^C: empty company, description, region,
JPM^C: empty company, description, region,
JPM^D: empty company, description, region,
JPM^J: empty company, description, region,
JPM^K: empty company, description, region,
JPM^L: empty company, description, region,
JPM^M: empty company, description, region,
JUN: empty region,
JXN^A: empty company, description, region,
KCGI: empty region,
KEY^I: empty company, description, region,
KEY^J: empty company, description, region,
KEY^K: empty company, description, region,
KEY^L: empty company, description, region,
KIM^L: empty company, description, region,
KIM^M: empty company, description, region,
KIO: empty region,
KKR^C: empty company, description, region,
KKRS: empty description,
KNF: empty description, region,
KNSW: empty region,
KREF^A: empty company, description, region,
KTN: empty description,
LCW: empty region,
LFT^A: empty company, description, region,
LHC: empty region,
LNC^D: empty company, description, region,
LOCC: empty region,
LXP^C: empty company, description, region,
MAA^I: empty company, description, region,
MDV^A: empty company, description, region,
MEGI: empty region,
MER^K: empty company, description, region,
MET^A: empty company, description, region,
MET^E: empty company, description, region,
MET^F: empty company, description, region,
MFA^B: empty company, description, region,
MFA^C: empty company, description, region,
MIO: empty region,
MITT^A: empty company, description, region,
MITT^B: empty company, description, region,
MITT^C: empty company, description, region,
MNTN: empty region,
MS^A: empty company, description, region,
MS^E: empty company, description, region,
MS^F: empty company, description, region,
MS^I: empty company, description, region,
MS^K: empty company, description, region,
MS^L: empty company, description, region,
MS^O: empty company, description, region,
MS^P: empty company, description, region,
MTAL: empty region,
MTB^H: empty company, description, region,
NBXG: empty region,
NCV^A: empty company, description, region,
NCZ^A: empty company, description, region,
NEE^N: empty company, description, region,
NEE^Q: empty company, description, region,
NEE^R: empty company, description, region,
NETC: empty region,
NFNT: empty region,
NFYS: empty region,
NGL^B: empty company, description, region,
NGL^C: empty company, description, region,
NI^B: empty company, description, region,
NIQ: empty region,
NLY^F: empty company, description, region,
NLY^G: empty company, description, region,
NLY^I: empty company, description, region,
NMAI: empty region,
NMK^B: empty company, description, region,
NPCT: empty region,
NPFD: empty region,
NPWR: empty region,
NREF^A: empty company, description, region,
NS^A: empty company, description, region,
NS^B: empty company, description, region,
NS^C: empty company, description, region,
NSA^A: empty company, description, region,
NSTD: empty region,
NTG: empty region,
NXDT^A: empty company, description, region,
NYCB^A: empty company, description, region,
NYCB^U: empty company, description, region,
OAK^A: empty company, description, region,
OAK^B: empty company, description, region,
OPP^A: empty company, description, region,
OPP^B: empty company, description, region,
OSI: empty region,
PACI: empty region,
PAXS: empty region,
PBI^B: empty company, description, region,
PEB^E: empty company, description, region,
PEB^F: empty company, description, region,
PEB^G: empty company, description, region,
PEB^H: empty company, description, region,
PGZ: empty region,
PHYT: empty region,
PIAI: empty region,
PMT^A: empty company, description, region,
PMT^B: empty company, description, region,
PMT^C: empty company, description, region,
PORT: empty region,
PRE^J: empty company, description, region,
PRIF^G: empty company, description, region,
PRIF^H: empty company, description, region,
PRIF^I: empty company, description, region,
PRIF^J: empty company, description, region,
PRIF^K: empty company, description, region,
PRIF^L: empty company, description, region,
PRPC: empty region,
PSA^F: empty company, description, region,
PSA^G: empty company, description, region,
PSA^H: empty company, description, region,
PSA^I: empty company, description, region,
PSA^J: empty company, description, region,
PSA^K: empty company, description, region,
PSA^L: empty company, description, region,
PSA^M: empty company, description, region,
PSA^N: empty company, description, region,
PSA^O: empty company, description, region,
PSA^P: empty company, description, region,
PSA^Q: empty company, description, region,
PSA^R: empty company, description, region,
PSA^S: empty company, description, region,
PSEC^A: empty company, description, region,
QFTA: empty region,
RA: empty region,
RC^C: empty company, description, region,
RC^E: empty company, description, region,
REXR^B: empty company, description, region,
REXR^C: empty company, description, region,
RF^B: empty company, description, region,
RF^C: empty company, description, region,
RF^E: empty company, description, region,
RITM^A: empty company, description, region,
RITM^B: empty company, description, region,
RITM^C: empty company, description, region,
RITM^D: empty company, description, region,
RIV: empty region,
RIV^A: empty company, description, region,
RJF^B: empty company, description, region,
RLJ^A: empty company, description, region,
RLTY: empty region,
RMMZ: empty region,
RMPL^: empty company, description, region,
RNR^F: empty company, description, region,
RNR^G: empty company, description, region,
ROSS: empty region,
RPT^D: empty company, description, region,
RRAC: empty region,
RWT^A: empty company, description, region,
RY^T: empty company, description, region,
SB^C: empty company, description, region,
SB^D: empty company, description, region,
SBXC: empty region,
SCE^G: empty company, description, region,
SCE^H: empty company, description, region,
SCE^J: empty company, description, region,
SCE^K: empty company, description, region,
SCE^L: empty company, description, region,
SCHW^D: empty company, description, region,
SCHW^J: empty company, description, region,
SEAL^A: empty company, description, region,
SEAL^B: empty company, description, region,
SEDA: empty region,
SF^B: empty company, description, region,
SF^C: empty company, description, region,
SF^D: empty company, description, region,
SHAP: empty region,
SHO^H: empty company, description, region,
SHO^I: empty company, description, region,
SITC^A: empty company, description, region,
SLG^I: empty company, description, region,
SNV^D: empty company, description, region,
SNV^E: empty company, description, region,
SPE^C: empty company, description, region,
SPG^J: empty company, description, region,
SPLP^A: empty company, description, region,
SPNT^B: empty company, description, region,
SR^A: empty company, description, region,
SRC^A: empty company, description, region,
SRG^A: empty company, description, region,
STT^D: empty company, description, region,
STT^G: empty company, description, region,
SUAC: empty region,
SYF^A: empty company, description, region,
T^A: empty company, description, region,
T^C: empty company, description, region,
TCOA: empty region,
TDS^U: empty company, description, region,
TDS^V: empty company, description, region,
TFC^I: empty company, description, region,
TFC^O: empty company, description, region,
TFC^R: empty company, description, region,
TFSA: empty description, region,
TGH^A: empty company, description, region,
TGH^B: empty company, description, region,
TLGA: empty region,
TNP^D: empty company, description, region,
TNP^E: empty company, description, region,
TNP^F: empty company, description, region,
TRCA: empty region,
TRIS: empty region,
TRTL: empty region,
TRTN^A: empty company, description, region,
TRTN^B: empty company, description, region,
TRTN^C: empty company, description, region,
TRTN^D: empty company, description, region,
TRTN^E: empty company, description, region,
TRTX^C: empty company, description, region,
TWO^A: empty company, description, region,
TWO^B: empty company, description, region,
TWO^C: empty company, description, region,
TWOA: empty region,
TY^: empty company, description, region,
UBP^H: empty company, description, region,
UBP^K: empty company, description, region,
UMH^D: empty company, description, region,
USB^A: empty company, description, region,
USB^H: empty company, description, region,
USB^P: empty company, description, region,
USB^Q: empty company, description, region,
USB^R: empty company, description, region,
USB^S: empty company, description, region,
VCIF: empty region,
VNO^L: empty company, description, region,
VNO^M: empty company, description, region,
VNO^N: empty company, description, region,
VNO^O: empty company, description, region,
VOYA^B: empty company, description, region,
WAL^A: empty company, description, region,
WAVC: empty region,
WBS^F: empty company, description, region,
WBS^G: empty company, description, region,
WCC^A: empty company, description, region,
WDI: empty region,
WEL: empty region,
WFC^A: empty company, description, region,
WFC^C: empty company, description, region,
WFC^D: empty company, description, region,
WFC^L: empty company, description, region,
WFC^Q: empty company, description, region,
WFC^R: empty company, description, region,
WFC^Y: empty company, description, region,
WFC^Z: empty company, description, region,
WNNR: empty region,
WRB^E: empty company, description, region,
WRB^F: empty company, description, region,
WRB^G: empty company, description, region,
WRB^H: empty company, description, region,
WSO-B: unknown mic for exchange: '', setting to XXXX
WSO-B: empty name, company, description, exchange, asset class, industry, sector, region,
XFLT^A: empty company, description, region,
finished: 2023-06-22_14-05-14
=======================================
2026-01-09_20-10-41
=======================================
reading nasdaq-stock-nyse.json
retrieved 2712 symbols
BRK-B: unknown mic for exchange: '', setting to XXXX
BRK-B: empty name, company, description, exchange, asset class, industry, sector, region,
BRK-A: unknown mic for exchange: '', setting to XXXX
BRK-A: empty name, company, description, exchange, asset class, industry, sector, region,
MMC: empty description,
BAM: empty region,
AMRZ: empty region,
ONON: empty region,
BAP: empty description, region,
KLAR: empty region,
EC: empty region,
AS: empty region,
SQM: empty region,
TLK: empty region,
BCH: empty company, description, region,
FTI: empty region,
LTM: empty region,
BSAC: empty region,
BNT: empty region,
PNFP: empty description,
EMA: empty region,
JBS: empty region,
QBTS: empty region,
MICC: empty region,
CIB: empty region,
BVN: empty region,
BIRK: empty region,
COMP: empty company, description, region,
BBU: empty region,
BETA: empty region,
STVN: empty region,
OBDC: empty region,
BLCO: empty region,
XXI: empty region,
ENIC: empty region,
CPA: empty region,
IFS: empty region,
SGHC: empty region,
NIQ: empty region,
AVAL: empty region,
WFG: empty region,
BGSI: empty region,
STUB: empty region,
CAAP: empty region,
ALH: empty region,
CWK: empty region,
LB: empty region,
NP: empty region,
ARX: empty region,
MIAX: empty region,
BBUC: empty region,
TTAM: empty region,
AAUC: empty region,
SKE: empty region,
AERO: empty region,
MH: empty region,
HAFN: empty region,
VTMX: empty region,
ZGN: empty region,
STNG: empty region,
SUNC: empty region,
SII: empty region,
ZIM: empty region,
LION: empty region,
AMBP: empty region,
CMBT: empty region,
TGLS: empty region,
CEPU: empty region,
WBI: empty region,
VIA: empty region,
XZO: empty region,
TSLX: empty region,
BUR: empty region,
BWLP: empty region,
CDLR: empty region,
JMIA: empty region,
LTC: empty company, description, region,
BLX: empty region,
EVEX: empty region,
SHCO: empty region,
FLNG: empty region,
GOOS: empty region,
ECO: empty region,
LUXE: empty region,
PXED: empty region,
VLRS: empty region,
SUPV: empty region,
CCU: empty region,
DEC: empty region,
KBDC: empty region,
PSF: empty region,
ASIC: empty region,
CPAC: empty region,
PDX: empty region,
ANGX: empty region,
AIO: empty region,
RSKD: empty region,
MSC: empty region,
EVTL: empty region,
CINT: empty region,
FVRR: empty region,
MSIF: empty region,
NDMO: empty region,
AMBQ: empty region,
EVMN: empty region,
SMWB: empty region,
TPTA: empty region,
NMCO: empty region,
SB: empty region,
TBN: empty region,
PSFE: empty region,
ASC: empty region,
FTW: empty region,
NMG: empty region,
HSHP: empty region,
LZM: empty region,
SDHY: empty region,
CODI: empty company, description, region,
CMDB: empty region,
AUNA: empty region,
ECC: unknown mic for exchange: 'Unknown', setting to XXXX
AVBC: empty region,
FINS: empty region,
RFMZ: empty region,
SI: empty region,
RMMZ: empty region,
CVEO: empty region,
RMM: empty region,
VLN: empty region,
CBNA: empty region,
TFSA: empty region,
ETX: unknown mic for exchange: 'Unknown', setting to XXXX
ETX: empty region,
HKD: empty region,
GHG: empty region,
BIPI: empty description,
MDV: empty region,
GGZ: empty region,
NXG: empty region,
AKA: empty region,
PEW: empty region,
AMTD: empty region,
CHMI: empty region,
RMI: empty region,
RFM: empty region,
STG: empty region,
RGT: empty region,
TGE: empty region,
LOCL: empty region,
PSQH: empty region,
GROV: empty region,
RSF: empty region,
CNF: empty region,
FEDU: empty region,
NYC: empty region,
SLAI: empty region,
MOGU: empty region,
SBDS: empty region,
AAM: empty description, region,
ABR^D: empty description, region,
ABR^E: empty description, region,
ABR^F: empty description, region,
ABXL: empty description,
ACP^A: empty description, region,
ACR^C: empty description, region,
ACR^D: empty description, region,
ADC^A: empty description, region,
AEFC: empty description,
AEXA: empty description, region,
AGM^D: empty description, region,
AGM^E: empty description, region,
AGM^F: empty description, region,
AGM^G: empty description, region,
AGM^H: empty description, region,
AHH^A: empty description, region,
AHL^D: empty description, region,
AHL^E: empty description, region,
AHL^F: empty description, region,
AHT^D: empty description, region,
AHT^F: empty description, region,
AHT^G: empty description, region,
AHT^H: empty description, region,
AHT^I: empty description, region,
AIIA: empty description, region,
AKO-A: unknown mic for exchange: '', setting to XXXX
AKO-A: empty name, company, description, exchange, asset class, industry, sector, region,
AKO-B: unknown mic for exchange: '', setting to XXXX
AKO-B: empty name, company, description, exchange, asset class, industry, sector, region,
ALB^A: empty description, region,
ALL^B: empty description, region,
ALL^H: empty description, region,
ALL^I: empty description, region,
ALL^J: empty description, region,
ALTG^A: empty description, region,
ALUB: empty description, region,
AMH^G: empty description, region,
AMH^H: empty description, region,
ANDG: empty description, region,
ANG^D: empty description, region,
APO^A: empty description, region,
ARES^B: empty description, region,
ARR^C: empty description, region,
ASB^E: empty description, region,
ASB^F: empty description, region,
ATH^A: empty description, region,
ATH^B: empty description, region,
ATH^D: empty description, region,
ATH^E: empty description, region,
AUB^A: empty description, region,
AXIA^: empty description, region,
AXIA^C: empty description, region,
AXS^E: empty description, region,
BA^A: empty description, region,
BAC^B: empty description, region,
BAC^E: empty description, region,
BAC^K: empty description, region,
BAC^L: empty description, region,
BAC^M: empty description, region,
BAC^N: empty description, region,
BAC^O: empty description, region,
BAC^P: empty description, region,
BAC^Q: empty description, region,
BAC^S: empty description, region,
BANC^F: empty description, region,
BC^C: empty description, region,
BCSS: empty description, region,
BEP^A: empty description, region,
BF-A: unknown mic for exchange: '', setting to XXXX
BF-A: empty name, company, description, exchange, asset class, industry, sector, region,
BF-B: unknown mic for exchange: '', setting to XXXX
BF-B: empty name, company, description, exchange, asset class, industry, sector, region,
BFH^A: empty description, region,
BFS^D: empty description, region,
BFS^E: empty description, region,
BGX: empty region,
BHR^B: empty description, region,
BHR^D: empty description, region,
BIO-B: unknown mic for exchange: '', setting to XXXX
BIO-B: empty name, company, description, exchange, asset class, industry, sector, region,
BIP^A: empty description, region,
BIP^B: empty description, region,
BK^K: empty description, region,
BML^G: empty description, region,
BML^H: empty description, region,
BML^J: empty description, region,
BML^L: empty description, region,
BMN: empty region,
BOH^A: empty description, region,
BOH^B: empty description, region,
BPRE: empty description, region,
BW^A: empty description, region,
BXSL: empty region,
C^N: empty name, description, region,
CADE^A: empty description, region,
CCID: empty description, region,
CCIF: empty region,
CDR^B: empty description, region,
CDR^C: empty description, region,
CFG^E: empty description, region,
CFG^H: empty description, region,
CFG^I: empty description, region,
CFND: empty description, region,
CFR^B: empty description, region,
CHMI^A: empty description, region,
CHMI^B: empty description, region,
CIM^A: empty description, region,
CIM^B: empty description, region,
CIM^C: empty description, region,
CIM^D: empty description, region,
CLDT^A: empty description, region,
CMA^B: empty description, region,
CMRE^B: empty description, region,
CMRE^C: empty description, region,
CMRE^D: empty description, region,
CMS^B: empty description, region,
CMS^C: empty description, region,
CNO^A: empty description, region,
CODI^A: empty description, region,
CODI^B: empty description, region,
CODI^C: empty description, region,
COF^I: empty description, region,
COF^J: empty description, region,
COF^K: empty description, region,
COF^L: empty description, region,
COF^N: empty description, region,
COPL: empty description, region,
CRD-A: unknown mic for exchange: '', setting to XXXX
CRD-A: empty name, company, description, exchange, asset class, industry, sector, region,
CRD-B: unknown mic for exchange: '', setting to XXXX
CRD-B: empty name, company, description, exchange, asset class, industry, sector, region,
CTA^A: empty description, region,
CTA^B: empty description, region,
CTO^A: empty description, region,
DBRG^H: empty description, region,
DBRG^I: empty description, region,
DBRG^J: empty description, region,
DFP: empty region,
DIAX: empty region,
DLNG^A: empty description, region,
DLR^J: empty description, region,
DLR^K: empty description, region,
DLR^L: empty description, region,
DMA: empty region,
DMB: empty region,
DSX^B: empty description, region,
DUK^A: empty description, region,
DX^C: empty description, region,
DXYZ: empty region,
ECC^D: empty description, region,
EFC^A: empty description, region,
EFC^B: empty description, region,
EFC^C: empty description, region,
EFC^D: empty description, region,
EICC: empty description,
EIIA: empty description, region,
EOS: empty company, description, region,
EP^C: empty description, region,
EPR^C: empty description, region,
EPR^E: empty description, region,
EPR^G: empty description, region,
EQH^A: empty description, region,
EQH^C: empty description, region,
ET^I: empty description, region,
ETI^: empty description, region,
EVAC: empty description, region,
F^B: empty description, region,
F^C: empty description, region,
F^D: empty description, region,
FBRT^E: empty description, region,
FCRS: empty description, region,
FHN^C: empty description, region,
FHN^E: empty description, region,
FHN^F: empty description, region,
FLG^A: empty description, region,
FLG^U: empty description, region,
FOUR^A: empty description, region,
FRT^C: empty description, region,
FSSL: empty region,
GAB^G: empty description, region,
GAB^H: empty description, region,
GAB^K: empty description, region,
GAM^B: empty description, region,
GDV^H: empty description, region,
GDV^K: empty description, region,
GGT^E: empty description, region,
GGT^G: empty description, region,
GL^D: empty description, region,
GLOP^A: empty description, region,
GLOP^B: empty description, region,
GLOP^C: empty description, region,
GLP^B: empty description, region,
GMRE^A: empty description, region,
GMRE^B: empty description, region,
GNL^A: empty description, region,
GNL^B: empty description, region,
GNL^D: empty description, region,
GNL^E: empty description, region,
GNT^A: empty description, region,
GPMT^A: empty description, region,
GRBK^A: empty description, region,
GS^A: empty description, region,
GS^C: empty description, region,
GS^D: empty description, region,
GSL^B: empty description, region,
GUT^C: empty description, region,
HEI-A: unknown mic for exchange: '', setting to XXXX
HEI-A: empty name, company, description, exchange, asset class, industry, sector, region,
HFRO^A: empty description, region,
HFRO^B: empty description, region,
HGLB: empty region,
HIG^G: empty description, region,
HL^B: empty description, region,
HPE^C: empty description, region,
HPP^C: empty description, region,
HVT-A: unknown mic for exchange: '', setting to XXXX
HVT-A: empty name, company, description, exchange, asset class, industry, sector, region,
HYAC: empty description, region,
HYI: empty region,
ICR^A: empty description, region,
IIPR^A: empty description, region,
INN^E: empty description, region,
INN^F: empty description, region,
IVR^C: empty description, region,
JACS: empty description, region,
JPM^C: empty description, region,
JPM^D: empty description, region,
JPM^J: empty description, region,
JPM^K: empty description, region,
JPM^L: empty description, region,
JPM^M: empty description, region,
JXN^A: empty description, region,
KEY^I: empty description, region,
KEY^J: empty description, region,
KEY^K: empty description, region,
KEY^L: empty description, region,
KIM^L: empty description, region,
KIM^M: empty description, region,
KIM^N: empty description, region,
KKR^D: empty description, region,
KKRT: empty description,
KREF^A: empty description, region,
KRSP: empty description, region,
KTH: empty description,
KTN: empty description,
LFT^A: empty description, region,
LNC^D: empty description, region,
LOB^A: empty description, region,
LXP^C: empty description, region,
MAA^I: empty description, region,
MDV^A: empty description, region,
MER^K: empty description, region,
MET^A: empty description, region,
MET^E: empty description, region,
MET^F: empty description, region,
MFA^B: empty description, region,
MFA^C: empty description, region,
MITT^A: empty description, region,
MITT^B: empty description, region,
MITT^C: empty description, region,
MS^A: empty description, region,
MS^E: empty description, region,
MS^F: empty description, region,
MS^I: empty description, region,
MS^K: empty description, region,
MS^L: empty description, region,
MS^O: empty description, region,
MS^P: empty description, region,
MS^Q: empty description, region,
MSDL: empty description,
MTB^H: empty description, region,
MTB^J: empty description, region,
MTB^K: empty description, region,
NCV^A: empty description, region,
NCZ^A: empty description, region,
NEE^N: empty description, region,
NEE^S: empty description, region,
NEE^T: empty description, region,
NEE^U: empty description, region,
NGL^B: empty description, region,
NGL^C: empty description, region,
NLY^F: empty description, region,
NLY^G: empty description, region,
NLY^I: empty description, region,
NLY^J: empty description, region,
NREF^A: empty description, region,
NSA^A: empty description, region,
NSA^B: empty description, region,
NXDT^A: empty description, region,
OAK^A: empty description, region,
OAK^B: empty description, region,
OPP^A: empty description, region,
OPP^B: empty description, region,
PAII: empty description, region,
PBI^B: empty description, region,
PCG^X: empty description, region,
PDCC: empty region,
PDPA: empty description, region,
PEB^E: empty description, region,
PEB^F: empty description, region,
PEB^G: empty description, region,
PEB^H: empty description, region,
PGZ: empty region,
PINE^A: empty description, region,
PMT^A: empty description, region,
PMT^B: empty description, region,
PMT^C: empty description, region,
PNFP^A: empty description, region,
PNFP^B: empty description, region,
PNFP^C: empty description, region,
PRIF^D: empty description, region,
PRIF^J: empty description, region,
PRIF^K: empty description, region,
PRIF^L: empty description, region,
PSA^F: empty description, region,
PSA^G: empty description, region,
PSA^H: empty description, region,
PSA^I: empty description, region,
PSA^J: empty description, region,
PSA^K: empty description, region,
PSA^L: empty description, region,
PSA^M: empty description, region,
PSA^N: empty description, region,
PSA^O: empty description, region,
PSA^P: empty description, region,
PSA^Q: empty description, region,
PSA^R: empty description, region,
PSA^S: empty description, region,
PSBD: empty description, region,
PSEC^A: empty description, region,
PYT: empty description,
QXO^B: empty description, region,
RAC: empty description, region,
RAC-WS: unknown mic for exchange: '', setting to XXXX
RAC-WS: empty name, company, description, exchange, asset class, industry, sector, region,
RBOT: empty description,
RC^C: empty description, region,
RC^E: empty description, region,
REXR^B: empty description, region,
REXR^C: empty description, region,
RF^C: empty description, region,
RF^E: empty description, region,
RF^F: empty description, region,
RITM^A: empty description, region,
RITM^B: empty description, region,
RITM^C: empty description, region,
RITM^D: empty description, region,
RITM^E: empty description, region,
RIV^A: empty description, region,
RLJ^A: empty description, region,
RLTY: empty region,
RNR^F: empty description, region,
RNR^G: empty description, region,
RPT^C: empty description, region,
RWT^A: empty description, region,
SB^C: empty description, region,
SB^D: empty description, region,
SBXD: empty description, region,
SCE^G: empty description, region,
SCE^K: empty description, region,
SCE^L: empty description, region,
SCE^M: empty description, region,
SCE^N: empty description, region,
SCHW^D: empty description, region,
SCHW^J: empty description, region,
SEAL^A: empty description, region,
SEAL^B: empty description, region,
SF^B: empty description, region,
SF^C: empty description, region,
SF^D: empty description, region,
SHO^H: empty description, region,
SHO^I: empty description, region,
SLG^I: empty description, region,
SOUL: empty region,
SPE^C: empty description, region,
SPG^J: empty description, region,
SPMA: empty description, region,
SPMC: empty region,
SPME: empty description, region,
SPNT^B: empty description, region,
SR^A: empty description, region,
SRG^A: empty description, region,
STT^G: empty description, region,
SYF^A: empty description, region,
SYF^B: empty description, region,
T^A: empty description, region,
T^C: empty description, region,
TCPA: empty description, region,
TDS^U: empty description, region,
TDS^V: empty description, region,
TEN^E: empty description, region,
TEN^F: empty description, region,
TFC^I: empty description, region,
TFC^O: empty description, region,
TFC^R: empty description, region,
TFIN^: empty description, region,
TRTN^A: empty description, region,
TRTN^B: empty description, region,
TRTN^C: empty description, region,
TRTN^D: empty description, region,
TRTN^E: empty description, region,
TRTN^F: empty description, region,
TRTX^C: empty description, region,
TWO^A: empty description, region,
TWO^B: empty description, region,
TWO^C: empty description, region,
TWOD: empty description,
TY^: empty description, region,
UMH^D: empty description, region,
USB^A: empty description, region,
USB^H: empty description, region,
USB^P: empty description, region,
USB^Q: empty description, region,
USB^R: empty description, region,
USB^S: empty description, region,
VACI: empty description, region,
VNO^L: empty description, region,
VNO^M: empty description, region,
VNO^N: empty description, region,
VNO^O: empty description, region,
VOYA^B: empty description, region,
WAL^A: empty description, region,
WBS^F: empty description, region,
WBS^G: empty description, region,
WFC^A: empty description, region,
WFC^C: empty description, region,
WFC^D: empty description, region,
WFC^L: empty description, region,
WFC^Y: empty description, region,
WFC^Z: empty description, region,
WRB^E: empty description, region,
WRB^F: empty description, region,
WRB^G: empty description, region,
WRB^H: empty description, region,
WSO-B: unknown mic for exchange: '', setting to XXXX
WSO-B: empty name, company, description, exchange, asset class, industry, sector, region,
YCY: empty description, region,
finished: 2026-01-09_20-46-35
